{"C:\\Users\\steel\\VSProjects\\Stag\\src\\components\\Objects\\Accounts\\AccountContext.tsx": {"path":"C:\\Users\\steel\\VSProjects\\Stag\\src\\components\\Objects\\Accounts\\AccountContext.tsx","statementMap":{"0":{"start":{"line":11,"column":31},"end":{"line":11,"column":null}},"1":{"start":{"line":34,"column":23},"end":{"line":34,"column":null}},"2":{"start":{"line":35,"column":20},"end":{"line":35,"column":null}},"3":{"start":{"line":37,"column":31},"end":{"line":40,"column":null}},"4":{"start":{"line":44,"column":20},"end":{"line":62,"column":null}},"5":{"start":{"line":45,"column":4},"end":{"line":60,"column":null}},"6":{"start":{"line":46,"column":27},"end":{"line":46,"column":null}},"7":{"start":{"line":47,"column":8},"end":{"line":57,"column":null}},"8":{"start":{"line":48,"column":27},"end":{"line":48,"column":null}},"9":{"start":{"line":49,"column":18},"end":{"line":51,"column":null}},"10":{"start":{"line":51,"column":64},"end":{"line":51,"column":76}},"11":{"start":{"line":53,"column":12},"end":{"line":56,"column":null}},"12":{"start":{"line":59,"column":8},"end":{"line":59,"column":null}},"13":{"start":{"line":61,"column":4},"end":{"line":61,"column":null}},"14":{"start":{"line":64,"column":23},"end":{"line":162,"column":null}},"15":{"start":{"line":65,"column":2},"end":{"line":161,"column":null}},"16":{"start":{"line":67,"column":8},"end":{"line":71,"column":null}},"17":{"start":{"line":75,"column":20},"end":{"line":75,"column":null}},"18":{"start":{"line":76,"column":43},"end":{"line":76,"column":null}},"19":{"start":{"line":77,"column":6},"end":{"line":84,"column":null}},"20":{"start":{"line":88,"column":62},"end":{"line":88,"column":null}},"21":{"start":{"line":89,"column":6},"end":{"line":93,"column":null}},"22":{"start":{"line":91,"column":49},"end":{"line":91,"column":77}},"23":{"start":{"line":97,"column":6},"end":{"line":108,"column":null}},"24":{"start":{"line":100,"column":10},"end":{"line":105,"column":null}},"25":{"start":{"line":101,"column":35},"end":{"line":101,"column":null}},"26":{"start":{"line":102,"column":12},"end":{"line":102,"column":null}},"27":{"start":{"line":103,"column":12},"end":{"line":103,"column":null}},"28":{"start":{"line":104,"column":12},"end":{"line":104,"column":null}},"29":{"start":{"line":106,"column":10},"end":{"line":106,"column":null}},"30":{"start":{"line":111,"column":29},"end":{"line":111,"column":null}},"31":{"start":{"line":112,"column":20},"end":{"line":112,"column":null}},"32":{"start":{"line":113,"column":29},"end":{"line":113,"column":null}},"33":{"start":{"line":114,"column":24},"end":{"line":114,"column":null}},"34":{"start":{"line":116,"column":43},"end":{"line":116,"column":null}},"35":{"start":{"line":119,"column":6},"end":{"line":123,"column":null}},"36":{"start":{"line":120,"column":8},"end":{"line":120,"column":null}},"37":{"start":{"line":122,"column":8},"end":{"line":122,"column":null}},"38":{"start":{"line":124,"column":6},"end":{"line":124,"column":null}},"39":{"start":{"line":128,"column":21},"end":{"line":128,"column":null}},"40":{"start":{"line":129,"column":24},"end":{"line":129,"column":null}},"41":{"start":{"line":130,"column":6},"end":{"line":130,"column":null}},"42":{"start":{"line":131,"column":6},"end":{"line":131,"column":null}},"43":{"start":{"line":135,"column":39},"end":{"line":135,"column":null}},"44":{"start":{"line":136,"column":22},"end":{"line":136,"column":null}},"45":{"start":{"line":137,"column":6},"end":{"line":140,"column":null}},"46":{"start":{"line":138,"column":8},"end":{"line":138,"column":null}},"47":{"start":{"line":139,"column":8},"end":{"line":139,"column":null}},"48":{"start":{"line":141,"column":6},"end":{"line":141,"column":null}},"49":{"start":{"line":145,"column":28},"end":{"line":145,"column":null}},"50":{"start":{"line":146,"column":22},"end":{"line":146,"column":null}},"51":{"start":{"line":147,"column":6},"end":{"line":147,"column":null}},"52":{"start":{"line":148,"column":6},"end":{"line":148,"column":null}},"53":{"start":{"line":152,"column":34},"end":{"line":152,"column":null}},"54":{"start":{"line":153,"column":45},"end":{"line":153,"column":null}},"55":{"start":{"line":154,"column":24},"end":{"line":154,"column":null}},"56":{"start":{"line":155,"column":8},"end":{"line":155,"column":null}},"57":{"start":{"line":155,"column":31},"end":{"line":155,"column":59}},"58":{"start":{"line":156,"column":8},"end":{"line":156,"column":null}},"59":{"start":{"line":160,"column":6},"end":{"line":160,"column":null}},"60":{"start":{"line":170,"column":13},"end":{"line":176,"column":null}},"61":{"start":{"line":173,"column":18},"end":{"line":173,"column":null}},"62":{"start":{"line":178,"column":31},"end":{"line":227,"column":null}},"63":{"start":{"line":179,"column":24},"end":{"line":179,"column":null}},"64":{"start":{"line":181,"column":2},"end":{"line":188,"column":null}},"65":{"start":{"line":182,"column":25},"end":{"line":186,"column":null}},"66":{"start":{"line":184,"column":43},"end":{"line":184,"column":87}},"67":{"start":{"line":187,"column":4},"end":{"line":187,"column":null}},"68":{"start":{"line":190,"column":21},"end":{"line":202,"column":null}},"69":{"start":{"line":191,"column":17},"end":{"line":195,"column":null}},"70":{"start":{"line":193,"column":43},"end":{"line":193,"column":87}},"71":{"start":{"line":196,"column":17},"end":{"line":196,"column":null}},"72":{"start":{"line":197,"column":16},"end":{"line":197,"column":null}},"73":{"start":{"line":198,"column":14},"end":{"line":198,"column":null}},"74":{"start":{"line":199,"column":4},"end":{"line":199,"column":null}},"75":{"start":{"line":200,"column":4},"end":{"line":200,"column":null}},"76":{"start":{"line":201,"column":4},"end":{"line":201,"column":null}},"77":{"start":{"line":204,"column":21},"end":{"line":220,"column":null}},"78":{"start":{"line":205,"column":4},"end":{"line":219,"column":null}},"79":{"start":{"line":206,"column":21},"end":{"line":206,"column":null}},"80":{"start":{"line":208,"column":12},"end":{"line":210,"column":null}},"81":{"start":{"line":210,"column":63},"end":{"line":210,"column":75}},"82":{"start":{"line":212,"column":6},"end":{"line":215,"column":null}},"83":{"start":{"line":216,"column":6},"end":{"line":216,"column":null}},"84":{"start":{"line":218,"column":6},"end":{"line":218,"column":null}},"85":{"start":{"line":222,"column":2},"end":{"line":225,"column":null}}},"fnMap":{"0":{"name":"(anonymous_0)","decl":{"start":{"line":34,"column":23},"end":{"line":34,"column":29}},"loc":{"start":{"line":34,"column":23},"end":{"line":34,"column":null}},"line":34},"1":{"name":"(anonymous_1)","decl":{"start":{"line":44,"column":20},"end":{"line":44,"column":21}},"loc":{"start":{"line":44,"column":58},"end":{"line":62,"column":null}},"line":44},"2":{"name":"(anonymous_2)","decl":{"start":{"line":51,"column":24},"end":{"line":51,"column":25}},"loc":{"start":{"line":51,"column":64},"end":{"line":51,"column":76}},"line":51},"3":{"name":"(anonymous_3)","decl":{"start":{"line":64,"column":23},"end":{"line":64,"column":24}},"loc":{"start":{"line":64,"column":70},"end":{"line":162,"column":null}},"line":64},"4":{"name":"(anonymous_4)","decl":{"start":{"line":91,"column":40},"end":{"line":91,"column":41}},"loc":{"start":{"line":91,"column":49},"end":{"line":91,"column":77}},"line":91},"5":{"name":"(anonymous_5)","decl":{"start":{"line":99,"column":37},"end":{"line":99,"column":38}},"loc":{"start":{"line":99,"column":46},"end":{"line":107,"column":9}},"line":99},"6":{"name":"(anonymous_6)","decl":{"start":{"line":155,"column":21},"end":{"line":155,"column":22}},"loc":{"start":{"line":155,"column":31},"end":{"line":155,"column":59}},"line":155},"7":{"name":"(anonymous_7)","decl":{"start":{"line":173,"column":12},"end":{"line":173,"column":18}},"loc":{"start":{"line":173,"column":18},"end":{"line":173,"column":null}},"line":173},"8":{"name":"(anonymous_8)","decl":{"start":{"line":174,"column":14},"end":{"line":174,"column":20}},"loc":{"start":{"line":174,"column":20},"end":{"line":174,"column":null}},"line":174},"9":{"name":"(anonymous_9)","decl":{"start":{"line":175,"column":14},"end":{"line":175,"column":20}},"loc":{"start":{"line":175,"column":20},"end":{"line":175,"column":null}},"line":175},"10":{"name":"(anonymous_10)","decl":{"start":{"line":178,"column":31},"end":{"line":178,"column":32}},"loc":{"start":{"line":178,"column":74},"end":{"line":227,"column":null}},"line":178},"11":{"name":"(anonymous_11)","decl":{"start":{"line":181,"column":12},"end":{"line":181,"column":18}},"loc":{"start":{"line":181,"column":18},"end":{"line":188,"column":5}},"line":181},"12":{"name":"(anonymous_12)","decl":{"start":{"line":184,"column":35},"end":{"line":184,"column":43}},"loc":{"start":{"line":184,"column":43},"end":{"line":184,"column":87}},"line":184},"13":{"name":"(anonymous_13)","decl":{"start":{"line":190,"column":21},"end":{"line":190,"column":27}},"loc":{"start":{"line":190,"column":27},"end":{"line":202,"column":null}},"line":190},"14":{"name":"(anonymous_14)","decl":{"start":{"line":193,"column":35},"end":{"line":193,"column":43}},"loc":{"start":{"line":193,"column":43},"end":{"line":193,"column":87}},"line":193},"15":{"name":"(anonymous_15)","decl":{"start":{"line":204,"column":21},"end":{"line":204,"column":22}},"loc":{"start":{"line":204,"column":39},"end":{"line":220,"column":null}},"line":204},"16":{"name":"(anonymous_16)","decl":{"start":{"line":210,"column":16},"end":{"line":210,"column":17}},"loc":{"start":{"line":210,"column":63},"end":{"line":210,"column":75}},"line":210}},"branchMap":{"0":{"loc":{"start":{"line":47,"column":8},"end":{"line":57,"column":null}},"type":"if","locations":[{"start":{"line":47,"column":8},"end":{"line":57,"column":null}},{"start":{},"end":{}}],"line":47},"1":{"loc":{"start":{"line":49,"column":30},"end":{"line":49,"column":null}},"type":"binary-expr","locations":[{"start":{"line":49,"column":30},"end":{"line":49,"column":49}},{"start":{"line":49,"column":49},"end":{"line":49,"column":null}}],"line":49},"2":{"loc":{"start":{"line":55,"column":31},"end":{"line":55,"column":null}},"type":"binary-expr","locations":[{"start":{"line":55,"column":31},"end":{"line":55,"column":55}},{"start":{"line":55,"column":55},"end":{"line":55,"column":null}}],"line":55},"3":{"loc":{"start":{"line":65,"column":2},"end":{"line":161,"column":null}},"type":"switch","locations":[{"start":{"line":66,"column":4},"end":{"line":71,"column":null}},{"start":{"line":74,"column":4},"end":{"line":85,"column":null}},{"start":{"line":87,"column":4},"end":{"line":94,"column":null}},{"start":{"line":96,"column":4},"end":{"line":108,"column":null}},{"start":{"line":110,"column":4},"end":{"line":125,"column":null}},{"start":{"line":127,"column":4},"end":{"line":132,"column":null}},{"start":{"line":134,"column":4},"end":{"line":142,"column":null}},{"start":{"line":144,"column":4},"end":{"line":149,"column":null}},{"start":{"line":151,"column":4},"end":{"line":157,"column":null}},{"start":{"line":159,"column":4},"end":{"line":160,"column":null}}],"line":65},"4":{"loc":{"start":{"line":100,"column":10},"end":{"line":105,"column":null}},"type":"if","locations":[{"start":{"line":100,"column":10},"end":{"line":105,"column":null}},{"start":{},"end":{}}],"line":100},"5":{"loc":{"start":{"line":113,"column":29},"end":{"line":113,"column":null}},"type":"binary-expr","locations":[{"start":{"line":113,"column":29},"end":{"line":113,"column":56}},{"start":{"line":113,"column":56},"end":{"line":113,"column":null}}],"line":113},"6":{"loc":{"start":{"line":119,"column":6},"end":{"line":123,"column":null}},"type":"if","locations":[{"start":{"line":119,"column":6},"end":{"line":123,"column":null}},{"start":{"line":121,"column":13},"end":{"line":123,"column":null}}],"line":119},"7":{"loc":{"start":{"line":119,"column":10},"end":{"line":119,"column":49}},"type":"binary-expr","locations":[{"start":{"line":119,"column":10},"end":{"line":119,"column":23}},{"start":{"line":119,"column":23},"end":{"line":119,"column":49}}],"line":119},"8":{"loc":{"start":{"line":136,"column":27},"end":{"line":136,"column":57}},"type":"binary-expr","locations":[{"start":{"line":136,"column":27},"end":{"line":136,"column":54}},{"start":{"line":136,"column":54},"end":{"line":136,"column":57}}],"line":136},"9":{"loc":{"start":{"line":137,"column":6},"end":{"line":140,"column":null}},"type":"if","locations":[{"start":{"line":137,"column":6},"end":{"line":140,"column":null}},{"start":{},"end":{}}],"line":137},"10":{"loc":{"start":{"line":146,"column":27},"end":{"line":146,"column":57}},"type":"binary-expr","locations":[{"start":{"line":146,"column":27},"end":{"line":146,"column":54}},{"start":{"line":146,"column":54},"end":{"line":146,"column":57}}],"line":146},"11":{"loc":{"start":{"line":154,"column":29},"end":{"line":154,"column":61}},"type":"binary-expr","locations":[{"start":{"line":154,"column":29},"end":{"line":154,"column":56}},{"start":{"line":154,"column":56},"end":{"line":154,"column":61}}],"line":154},"12":{"loc":{"start":{"line":208,"column":24},"end":{"line":208,"column":null}},"type":"binary-expr","locations":[{"start":{"line":208,"column":24},"end":{"line":208,"column":43}},{"start":{"line":208,"column":43},"end":{"line":208,"column":null}}],"line":208},"13":{"loc":{"start":{"line":214,"column":44},"end":{"line":214,"column":71}},"type":"binary-expr","locations":[{"start":{"line":214,"column":44},"end":{"line":214,"column":68}},{"start":{"line":214,"column":68},"end":{"line":214,"column":71}}],"line":214}},"s":{"0":2,"1":25,"2":2,"3":2,"4":2,"5":35,"6":35,"7":35,"8":2,"9":2,"10":1,"11":2,"12":1,"13":34,"14":2,"15":45,"16":10,"17":20,"18":20,"19":20,"20":2,"21":2,"22":3,"23":3,"24":3,"25":3,"26":3,"27":3,"28":3,"29":0,"30":5,"31":5,"32":5,"33":5,"34":5,"35":5,"36":1,"37":4,"38":5,"39":1,"40":1,"41":1,"42":1,"43":2,"44":2,"45":2,"46":1,"47":1,"48":1,"49":1,"50":1,"51":1,"52":1,"53":1,"54":1,"55":1,"56":1,"57":4,"58":1,"59":0,"60":2,"61":0,"62":2,"63":77,"64":77,"65":76,"66":42,"67":76,"68":77,"69":1,"70":1,"71":1,"72":1,"73":1,"74":1,"75":1,"76":1,"77":77,"78":2,"79":2,"80":2,"81":1,"82":2,"83":2,"84":1,"85":77},"f":{"0":25,"1":35,"2":1,"3":45,"4":3,"5":3,"6":4,"7":0,"8":0,"9":0,"10":77,"11":76,"12":42,"13":1,"14":1,"15":2,"16":1},"b":{"0":[2,33],"1":[2,0],"2":[2,0],"3":[10,20,2,3,5,1,2,1,1,0],"4":[3,0],"5":[5,0],"6":[1,4],"7":[5,5],"8":[2,0],"9":[1,1],"10":[1,0],"11":[1,0],"12":[2,0],"13":[2,0]},"meta":{"lastBranch":14,"lastFunction":17,"lastStatement":86,"seen":{"s:11:31:11:Infinity":0,"s:34:23:34:Infinity":1,"f:34:23:34:29":0,"s:35:20:35:Infinity":2,"s:37:31:40:Infinity":3,"s:44:20:62:Infinity":4,"f:44:20:44:21":1,"s:45:4:60:Infinity":5,"s:46:27:46:Infinity":6,"b:47:8:57:Infinity:undefined:undefined:undefined:undefined":0,"s:47:8:57:Infinity":7,"s:48:27:48:Infinity":8,"s:49:18:51:Infinity":9,"b:49:30:49:49:49:49:49:Infinity":1,"f:51:24:51:25":2,"s:51:64:51:76":10,"s:53:12:56:Infinity":11,"b:55:31:55:55:55:55:55:Infinity":2,"s:59:8:59:Infinity":12,"s:61:4:61:Infinity":13,"s:64:23:162:Infinity":14,"f:64:23:64:24":3,"b:66:4:71:Infinity:74:4:85:Infinity:87:4:94:Infinity:96:4:108:Infinity:110:4:125:Infinity:127:4:132:Infinity:134:4:142:Infinity:144:4:149:Infinity:151:4:157:Infinity:159:4:160:Infinity":3,"s:65:2:161:Infinity":15,"s:67:8:71:Infinity":16,"s:75:20:75:Infinity":17,"s:76:43:76:Infinity":18,"s:77:6:84:Infinity":19,"s:88:62:88:Infinity":20,"s:89:6:93:Infinity":21,"f:91:40:91:41":4,"s:91:49:91:77":22,"s:97:6:108:Infinity":23,"f:99:37:99:38":5,"b:100:10:105:Infinity:undefined:undefined:undefined:undefined":4,"s:100:10:105:Infinity":24,"s:101:35:101:Infinity":25,"s:102:12:102:Infinity":26,"s:103:12:103:Infinity":27,"s:104:12:104:Infinity":28,"s:106:10:106:Infinity":29,"s:111:29:111:Infinity":30,"s:112:20:112:Infinity":31,"s:113:29:113:Infinity":32,"b:113:29:113:56:113:56:113:Infinity":5,"s:114:24:114:Infinity":33,"s:116:43:116:Infinity":34,"b:119:6:123:Infinity:121:13:123:Infinity":6,"s:119:6:123:Infinity":35,"b:119:10:119:23:119:23:119:49":7,"s:120:8:120:Infinity":36,"s:122:8:122:Infinity":37,"s:124:6:124:Infinity":38,"s:128:21:128:Infinity":39,"s:129:24:129:Infinity":40,"s:130:6:130:Infinity":41,"s:131:6:131:Infinity":42,"s:135:39:135:Infinity":43,"s:136:22:136:Infinity":44,"b:136:27:136:54:136:54:136:57":8,"b:137:6:140:Infinity:undefined:undefined:undefined:undefined":9,"s:137:6:140:Infinity":45,"s:138:8:138:Infinity":46,"s:139:8:139:Infinity":47,"s:141:6:141:Infinity":48,"s:145:28:145:Infinity":49,"s:146:22:146:Infinity":50,"b:146:27:146:54:146:54:146:57":10,"s:147:6:147:Infinity":51,"s:148:6:148:Infinity":52,"s:152:34:152:Infinity":53,"s:153:45:153:Infinity":54,"s:154:24:154:Infinity":55,"b:154:29:154:56:154:56:154:61":11,"s:155:8:155:Infinity":56,"f:155:21:155:22":6,"s:155:31:155:59":57,"s:156:8:156:Infinity":58,"s:160:6:160:Infinity":59,"s:170:13:176:Infinity":60,"f:173:12:173:18":7,"s:173:18:173:Infinity":61,"f:174:14:174:20":8,"f:175:14:175:20":9,"s:178:31:227:Infinity":62,"f:178:31:178:32":10,"s:179:24:179:Infinity":63,"s:181:2:188:Infinity":64,"f:181:12:181:18":11,"s:182:25:186:Infinity":65,"f:184:35:184:43":12,"s:184:43:184:87":66,"s:187:4:187:Infinity":67,"s:190:21:202:Infinity":68,"f:190:21:190:27":13,"s:191:17:195:Infinity":69,"f:193:35:193:43":14,"s:193:43:193:87":70,"s:196:17:196:Infinity":71,"s:197:16:197:Infinity":72,"s:198:14:198:Infinity":73,"s:199:4:199:Infinity":74,"s:200:4:200:Infinity":75,"s:201:4:201:Infinity":76,"s:204:21:220:Infinity":77,"f:204:21:204:22":15,"s:205:4:219:Infinity":78,"s:206:21:206:Infinity":79,"s:208:12:210:Infinity":80,"b:208:24:208:43:208:43:208:Infinity":12,"f:210:16:210:17":16,"s:210:63:210:75":81,"s:212:6:215:Infinity":82,"b:214:44:214:68:214:68:214:71":13,"s:216:6:216:Infinity":83,"s:218:6:218:Infinity":84,"s:222:2:225:Infinity":85}}}
,"C:\\Users\\steel\\VSProjects\\Stag\\src\\components\\Objects\\Accounts\\models.tsx": {"path":"C:\\Users\\steel\\VSProjects\\Stag\\src\\components\\Objects\\Accounts\\models.tsx","statementMap":{"0":{"start":{"line":14,"column":11},"end":{"line":14,"column":null}},"1":{"start":{"line":15,"column":11},"end":{"line":15,"column":null}},"2":{"start":{"line":16,"column":11},"end":{"line":16,"column":null}},"3":{"start":{"line":22,"column":27},"end":{"line":22,"column":null}},"4":{"start":{"line":32,"column":4},"end":{"line":32,"column":null}},"5":{"start":{"line":30,"column":11},"end":{"line":30,"column":25}},"6":{"start":{"line":36,"column":20},"end":{"line":36,"column":null}},"7":{"start":{"line":37,"column":4},"end":{"line":37,"column":null}},"8":{"start":{"line":55,"column":4},"end":{"line":55,"column":null}},"9":{"start":{"line":47,"column":11},"end":{"line":47,"column":37}},"10":{"start":{"line":49,"column":11},"end":{"line":49,"column":33}},"11":{"start":{"line":50,"column":11},"end":{"line":50,"column":34}},"12":{"start":{"line":51,"column":11},"end":{"line":51,"column":30}},"13":{"start":{"line":52,"column":11},"end":{"line":52,"column":45}},"14":{"start":{"line":53,"column":11},"end":{"line":53,"column":35}},"15":{"start":{"line":61,"column":22},"end":{"line":61,"column":null}},"16":{"start":{"line":62,"column":4},"end":{"line":62,"column":null}},"17":{"start":{"line":66,"column":4},"end":{"line":66,"column":null}},"18":{"start":{"line":76,"column":23},"end":{"line":76,"column":null}},"19":{"start":{"line":79,"column":23},"end":{"line":79,"column":null}},"20":{"start":{"line":80,"column":33},"end":{"line":80,"column":null}},"21":{"start":{"line":81,"column":28},"end":{"line":81,"column":null}},"22":{"start":{"line":84,"column":29},"end":{"line":84,"column":null}},"23":{"start":{"line":89,"column":4},"end":{"line":116,"column":null}},"24":{"start":{"line":91,"column":31},"end":{"line":91,"column":null}},"25":{"start":{"line":94,"column":6},"end":{"line":112,"column":null}},"26":{"start":{"line":96,"column":26},"end":{"line":96,"column":null}},"27":{"start":{"line":100,"column":26},"end":{"line":100,"column":null}},"28":{"start":{"line":101,"column":37},"end":{"line":101,"column":null}},"29":{"start":{"line":104,"column":36},"end":{"line":104,"column":null}},"30":{"start":{"line":107,"column":8},"end":{"line":107,"column":null}},"31":{"start":{"line":108,"column":8},"end":{"line":108,"column":null}},"32":{"start":{"line":111,"column":8},"end":{"line":111,"column":null}},"33":{"start":{"line":115,"column":6},"end":{"line":115,"column":null}},"34":{"start":{"line":119,"column":4},"end":{"line":121,"column":null}},"35":{"start":{"line":120,"column":6},"end":{"line":120,"column":null}},"36":{"start":{"line":124,"column":22},"end":{"line":124,"column":null}},"37":{"start":{"line":126,"column":4},"end":{"line":136,"column":null}},"38":{"start":{"line":151,"column":4},"end":{"line":151,"column":null}},"39":{"start":{"line":145,"column":11},"end":{"line":145,"column":null}},"40":{"start":{"line":146,"column":11},"end":{"line":146,"column":null}},"41":{"start":{"line":147,"column":11},"end":{"line":147,"column":null}},"42":{"start":{"line":148,"column":11},"end":{"line":148,"column":null}},"43":{"start":{"line":149,"column":11},"end":{"line":149,"column":25}},"44":{"start":{"line":158,"column":4},"end":{"line":162,"column":null}},"45":{"start":{"line":159,"column":8},"end":{"line":159,"column":null}},"46":{"start":{"line":161,"column":8},"end":{"line":161,"column":null}},"47":{"start":{"line":164,"column":4},"end":{"line":168,"column":null}},"48":{"start":{"line":165,"column":8},"end":{"line":165,"column":null}},"49":{"start":{"line":167,"column":8},"end":{"line":167,"column":null}},"50":{"start":{"line":170,"column":4},"end":{"line":178,"column":null}},"51":{"start":{"line":190,"column":4},"end":{"line":190,"column":null}},"52":{"start":{"line":187,"column":11},"end":{"line":187,"column":null}},"53":{"start":{"line":188,"column":11},"end":{"line":188,"column":25}},"54":{"start":{"line":196,"column":25},"end":{"line":198,"column":null}},"55":{"start":{"line":200,"column":6},"end":{"line":206,"column":null}},"56":{"start":{"line":213,"column":34},"end":{"line":218,"column":null}},"57":{"start":{"line":222,"column":74},"end":{"line":227,"column":null}},"58":{"start":{"line":229,"column":66},"end":{"line":234,"column":null}},"59":{"start":{"line":237,"column":68},"end":{"line":242,"column":null}},"60":{"start":{"line":249,"column":4},"end":{"line":249,"column":null}},"61":{"start":{"line":249,"column":34},"end":{"line":249,"column":null}},"62":{"start":{"line":252,"column":15},"end":{"line":252,"column":null}},"63":{"start":{"line":253,"column":17},"end":{"line":253,"column":null}},"64":{"start":{"line":254,"column":19},"end":{"line":254,"column":null}},"65":{"start":{"line":256,"column":4},"end":{"line":295,"column":null}},"66":{"start":{"line":258,"column":12},"end":{"line":258,"column":null}},"67":{"start":{"line":261,"column":12},"end":{"line":271,"column":null}},"68":{"start":{"line":274,"column":12},"end":{"line":282,"column":null}},"69":{"start":{"line":284,"column":12},"end":{"line":290,"column":null}},"70":{"start":{"line":293,"column":12},"end":{"line":293,"column":null}},"71":{"start":{"line":294,"column":12},"end":{"line":294,"column":null}}},"fnMap":{"0":{"name":"(anonymous_0)","decl":{"start":{"line":13,"column":2},"end":{"line":13,"column":null}},"loc":{"start":{"line":17,"column":4},"end":{"line":17,"column":null}},"line":17},"1":{"name":"(anonymous_1)","decl":{"start":{"line":26,"column":2},"end":{"line":26,"column":null}},"loc":{"start":{"line":31,"column":4},"end":{"line":33,"column":null}},"line":31},"2":{"name":"(anonymous_2)","decl":{"start":{"line":35,"column":2},"end":{"line":35,"column":13}},"loc":{"start":{"line":35,"column":91},"end":{"line":38,"column":null}},"line":35},"3":{"name":"(anonymous_3)","decl":{"start":{"line":42,"column":2},"end":{"line":42,"column":null}},"loc":{"start":{"line":54,"column":4},"end":{"line":56,"column":null}},"line":54},"4":{"name":"(anonymous_4)","decl":{"start":{"line":59,"column":6},"end":{"line":59,"column":32}},"loc":{"start":{"line":59,"column":32},"end":{"line":63,"column":null}},"line":59},"5":{"name":"(anonymous_5)","decl":{"start":{"line":65,"column":6},"end":{"line":65,"column":29}},"loc":{"start":{"line":65,"column":29},"end":{"line":67,"column":null}},"line":65},"6":{"name":"(anonymous_6)","decl":{"start":{"line":69,"column":2},"end":{"line":69,"column":null}},"loc":{"start":{"line":73,"column":21},"end":{"line":137,"column":null}},"line":73},"7":{"name":"(anonymous_7)","decl":{"start":{"line":141,"column":2},"end":{"line":141,"column":null}},"loc":{"start":{"line":150,"column":4},"end":{"line":152,"column":null}},"line":150},"8":{"name":"(anonymous_8)","decl":{"start":{"line":153,"column":2},"end":{"line":153,"column":null}},"loc":{"start":{"line":156,"column":21},"end":{"line":179,"column":null}},"line":156},"9":{"name":"(anonymous_9)","decl":{"start":{"line":183,"column":2},"end":{"line":183,"column":null}},"loc":{"start":{"line":189,"column":4},"end":{"line":191,"column":null}},"line":189},"10":{"name":"(anonymous_10)","decl":{"start":{"line":192,"column":2},"end":{"line":192,"column":null}},"loc":{"start":{"line":195,"column":17},"end":{"line":207,"column":null}},"line":195},"11":{"name":"reconstituteAccount","decl":{"start":{"line":248,"column":16},"end":{"line":248,"column":36}},"loc":{"start":{"line":248,"column":66},"end":{"line":296,"column":null}},"line":248}},"branchMap":{"0":{"loc":{"start":{"line":30,"column":11},"end":{"line":30,"column":null}},"type":"default-arg","locations":[{"start":{"line":30,"column":25},"end":{"line":30,"column":null}}],"line":30},"1":{"loc":{"start":{"line":35,"column":45},"end":{"line":35,"column":91}},"type":"default-arg","locations":[{"start":{"line":35,"column":74},"end":{"line":35,"column":91}}],"line":35},"2":{"loc":{"start":{"line":47,"column":11},"end":{"line":47,"column":null}},"type":"default-arg","locations":[{"start":{"line":47,"column":37},"end":{"line":47,"column":null}}],"line":47},"3":{"loc":{"start":{"line":49,"column":11},"end":{"line":49,"column":null}},"type":"default-arg","locations":[{"start":{"line":49,"column":33},"end":{"line":49,"column":null}}],"line":49},"4":{"loc":{"start":{"line":50,"column":11},"end":{"line":50,"column":null}},"type":"default-arg","locations":[{"start":{"line":50,"column":34},"end":{"line":50,"column":null}}],"line":50},"5":{"loc":{"start":{"line":51,"column":11},"end":{"line":51,"column":null}},"type":"default-arg","locations":[{"start":{"line":51,"column":30},"end":{"line":51,"column":null}}],"line":51},"6":{"loc":{"start":{"line":52,"column":11},"end":{"line":52,"column":null}},"type":"default-arg","locations":[{"start":{"line":52,"column":45},"end":{"line":52,"column":null}}],"line":52},"7":{"loc":{"start":{"line":53,"column":11},"end":{"line":53,"column":null}},"type":"default-arg","locations":[{"start":{"line":53,"column":35},"end":{"line":53,"column":null}}],"line":53},"8":{"loc":{"start":{"line":71,"column":4},"end":{"line":71,"column":null}},"type":"default-arg","locations":[{"start":{"line":71,"column":31},"end":{"line":71,"column":null}}],"line":71},"9":{"loc":{"start":{"line":72,"column":4},"end":{"line":72,"column":null}},"type":"default-arg","locations":[{"start":{"line":72,"column":35},"end":{"line":72,"column":null}}],"line":72},"10":{"loc":{"start":{"line":76,"column":71},"end":{"line":76,"column":148}},"type":"cond-expr","locations":[{"start":{"line":76,"column":109},"end":{"line":76,"column":143}},{"start":{"line":76,"column":143},"end":{"line":76,"column":148}}],"line":76},"11":{"loc":{"start":{"line":89,"column":4},"end":{"line":116,"column":null}},"type":"if","locations":[{"start":{"line":89,"column":4},"end":{"line":116,"column":null}},{"start":{"line":113,"column":11},"end":{"line":116,"column":null}}],"line":89},"12":{"loc":{"start":{"line":94,"column":6},"end":{"line":112,"column":null}},"type":"if","locations":[{"start":{"line":94,"column":6},"end":{"line":112,"column":null}},{"start":{"line":109,"column":13},"end":{"line":112,"column":null}}],"line":94},"13":{"loc":{"start":{"line":119,"column":4},"end":{"line":121,"column":null}},"type":"if","locations":[{"start":{"line":119,"column":4},"end":{"line":121,"column":null}},{"start":{},"end":{}}],"line":119},"14":{"loc":{"start":{"line":149,"column":11},"end":{"line":149,"column":null}},"type":"default-arg","locations":[{"start":{"line":149,"column":25},"end":{"line":149,"column":null}}],"line":149},"15":{"loc":{"start":{"line":158,"column":4},"end":{"line":162,"column":null}},"type":"if","locations":[{"start":{"line":158,"column":4},"end":{"line":162,"column":null}},{"start":{"line":160,"column":11},"end":{"line":162,"column":null}}],"line":158},"16":{"loc":{"start":{"line":164,"column":4},"end":{"line":168,"column":null}},"type":"if","locations":[{"start":{"line":164,"column":4},"end":{"line":168,"column":null}},{"start":{"line":166,"column":11},"end":{"line":168,"column":null}}],"line":164},"17":{"loc":{"start":{"line":188,"column":11},"end":{"line":188,"column":null}},"type":"default-arg","locations":[{"start":{"line":188,"column":25},"end":{"line":188,"column":null}}],"line":188},"18":{"loc":{"start":{"line":196,"column":25},"end":{"line":198,"column":null}},"type":"cond-expr","locations":[{"start":{"line":197,"column":12},"end":{"line":197,"column":null}},{"start":{"line":198,"column":12},"end":{"line":198,"column":null}}],"line":196},"19":{"loc":{"start":{"line":249,"column":4},"end":{"line":249,"column":null}},"type":"if","locations":[{"start":{"line":249,"column":4},"end":{"line":249,"column":null}},{"start":{},"end":{}}],"line":249},"20":{"loc":{"start":{"line":249,"column":8},"end":{"line":249,"column":34}},"type":"binary-expr","locations":[{"start":{"line":249,"column":8},"end":{"line":249,"column":17}},{"start":{"line":249,"column":17},"end":{"line":249,"column":34}}],"line":249},"21":{"loc":{"start":{"line":253,"column":17},"end":{"line":253,"column":null}},"type":"binary-expr","locations":[{"start":{"line":253,"column":17},"end":{"line":253,"column":30}},{"start":{"line":253,"column":30},"end":{"line":253,"column":null}}],"line":253},"22":{"loc":{"start":{"line":254,"column":19},"end":{"line":254,"column":null}},"type":"binary-expr","locations":[{"start":{"line":254,"column":19},"end":{"line":254,"column":42}},{"start":{"line":254,"column":42},"end":{"line":254,"column":null}}],"line":254},"23":{"loc":{"start":{"line":256,"column":4},"end":{"line":295,"column":null}},"type":"switch","locations":[{"start":{"line":257,"column":8},"end":{"line":258,"column":null}},{"start":{"line":260,"column":8},"end":{"line":271,"column":null}},{"start":{"line":273,"column":8},"end":{"line":282,"column":null}},{"start":{"line":283,"column":8},"end":{"line":290,"column":null}},{"start":{"line":292,"column":8},"end":{"line":294,"column":null}}],"line":256},"24":{"loc":{"start":{"line":258,"column":54},"end":{"line":258,"column":67}},"type":"binary-expr","locations":[{"start":{"line":258,"column":54},"end":{"line":258,"column":66}},{"start":{"line":258,"column":66},"end":{"line":258,"column":67}}],"line":258},"25":{"loc":{"start":{"line":265,"column":16},"end":{"line":265,"column":null}},"type":"binary-expr","locations":[{"start":{"line":265,"column":16},"end":{"line":265,"column":40}},{"start":{"line":265,"column":40},"end":{"line":265,"column":null}}],"line":265},"26":{"loc":{"start":{"line":266,"column":16},"end":{"line":266,"column":null}},"type":"binary-expr","locations":[{"start":{"line":266,"column":16},"end":{"line":266,"column":36}},{"start":{"line":266,"column":36},"end":{"line":266,"column":null}}],"line":266},"27":{"loc":{"start":{"line":267,"column":16},"end":{"line":267,"column":null}},"type":"binary-expr","locations":[{"start":{"line":267,"column":16},"end":{"line":267,"column":37}},{"start":{"line":267,"column":37},"end":{"line":267,"column":null}}],"line":267},"28":{"loc":{"start":{"line":268,"column":16},"end":{"line":268,"column":null}},"type":"binary-expr","locations":[{"start":{"line":268,"column":16},"end":{"line":268,"column":32}},{"start":{"line":268,"column":32},"end":{"line":268,"column":null}}],"line":268},"29":{"loc":{"start":{"line":269,"column":16},"end":{"line":269,"column":null}},"type":"binary-expr","locations":[{"start":{"line":269,"column":16},"end":{"line":269,"column":47}},{"start":{"line":269,"column":47},"end":{"line":269,"column":null}}],"line":269},"30":{"loc":{"start":{"line":270,"column":16},"end":{"line":270,"column":null}},"type":"binary-expr","locations":[{"start":{"line":270,"column":16},"end":{"line":270,"column":38}},{"start":{"line":270,"column":38},"end":{"line":270,"column":null}}],"line":270},"31":{"loc":{"start":{"line":278,"column":16},"end":{"line":278,"column":null}},"type":"binary-expr","locations":[{"start":{"line":278,"column":16},"end":{"line":278,"column":38}},{"start":{"line":278,"column":38},"end":{"line":278,"column":null}}],"line":278},"32":{"loc":{"start":{"line":279,"column":16},"end":{"line":279,"column":null}},"type":"binary-expr","locations":[{"start":{"line":279,"column":16},"end":{"line":279,"column":35}},{"start":{"line":279,"column":35},"end":{"line":279,"column":null}}],"line":279},"33":{"loc":{"start":{"line":280,"column":16},"end":{"line":280,"column":null}},"type":"binary-expr","locations":[{"start":{"line":280,"column":16},"end":{"line":280,"column":44}},{"start":{"line":280,"column":44},"end":{"line":280,"column":null}}],"line":280},"34":{"loc":{"start":{"line":288,"column":16},"end":{"line":288,"column":null}},"type":"binary-expr","locations":[{"start":{"line":288,"column":16},"end":{"line":288,"column":40}},{"start":{"line":288,"column":40},"end":{"line":288,"column":null}}],"line":288},"35":{"loc":{"start":{"line":289,"column":16},"end":{"line":289,"column":null}},"type":"binary-expr","locations":[{"start":{"line":289,"column":16},"end":{"line":289,"column":28}},{"start":{"line":289,"column":28},"end":{"line":289,"column":null}}],"line":289}},"s":{"0":197,"1":197,"2":197,"3":11,"4":108,"5":108,"6":46,"7":46,"8":70,"9":70,"10":70,"11":70,"12":70,"13":70,"14":70,"15":7,"16":7,"17":3,"18":39,"19":39,"20":39,"21":39,"22":39,"23":39,"24":5,"25":5,"26":2,"27":2,"28":2,"29":2,"30":2,"31":2,"32":3,"33":34,"34":39,"35":0,"36":39,"37":39,"38":8,"39":8,"40":8,"41":8,"42":8,"43":8,"44":3,"45":2,"46":1,"47":3,"48":2,"49":1,"50":3,"51":11,"52":11,"53":11,"54":3,"55":3,"56":11,"57":11,"58":11,"59":11,"60":16,"61":1,"62":15,"63":15,"64":16,"65":16,"66":9,"67":1,"68":1,"69":1,"70":3,"71":3},"f":{"0":197,"1":108,"2":46,"3":70,"4":7,"5":3,"6":39,"7":8,"8":3,"9":11,"10":3,"11":16},"b":{"0":[108],"1":[46],"2":[70],"3":[70],"4":[70],"5":[70],"6":[70],"7":[70],"8":[39],"9":[39],"10":[11,28],"11":[5,34],"12":[2,3],"13":[0,39],"14":[8],"15":[2,1],"16":[2,1],"17":[11],"18":[2,1],"19":[1,15],"20":[16,15],"21":[15,1],"22":[16,0],"23":[9,1,1,1,3],"24":[9,0],"25":[1,1],"26":[1,1],"27":[1,1],"28":[1,1],"29":[1,1],"30":[1,1],"31":[1,1],"32":[1,1],"33":[1,1],"34":[1,1],"35":[1,1]},"meta":{"lastBranch":36,"lastFunction":12,"lastStatement":72,"seen":{"f:13:2:13:Infinity":0,"s:14:11:14:Infinity":0,"s:15:11:15:Infinity":1,"s:16:11:16:Infinity":2,"s:22:27:22:Infinity":3,"f:26:2:26:Infinity":1,"b:30:25:30:Infinity":0,"s:32:4:32:Infinity":4,"s:30:11:30:25":5,"f:35:2:35:13":2,"b:35:74:35:91":1,"s:36:20:36:Infinity":6,"s:37:4:37:Infinity":7,"f:42:2:42:Infinity":3,"b:47:37:47:Infinity":2,"b:49:33:49:Infinity":3,"b:50:34:50:Infinity":4,"b:51:30:51:Infinity":5,"b:52:45:52:Infinity":6,"b:53:35:53:Infinity":7,"s:55:4:55:Infinity":8,"s:47:11:47:37":9,"s:49:11:49:33":10,"s:50:11:50:34":11,"s:51:11:51:30":12,"s:52:11:52:45":13,"s:53:11:53:35":14,"f:59:6:59:32":4,"s:61:22:61:Infinity":15,"s:62:4:62:Infinity":16,"f:65:6:65:29":5,"s:66:4:66:Infinity":17,"f:69:2:69:Infinity":6,"b:71:31:71:Infinity":8,"b:72:35:72:Infinity":9,"s:76:23:76:Infinity":18,"b:76:109:76:143:76:143:76:148":10,"s:79:23:79:Infinity":19,"s:80:33:80:Infinity":20,"s:81:28:81:Infinity":21,"s:84:29:84:Infinity":22,"b:89:4:116:Infinity:113:11:116:Infinity":11,"s:89:4:116:Infinity":23,"s:91:31:91:Infinity":24,"b:94:6:112:Infinity:109:13:112:Infinity":12,"s:94:6:112:Infinity":25,"s:96:26:96:Infinity":26,"s:100:26:100:Infinity":27,"s:101:37:101:Infinity":28,"s:104:36:104:Infinity":29,"s:107:8:107:Infinity":30,"s:108:8:108:Infinity":31,"s:111:8:111:Infinity":32,"s:115:6:115:Infinity":33,"b:119:4:121:Infinity:undefined:undefined:undefined:undefined":13,"s:119:4:121:Infinity":34,"s:120:6:120:Infinity":35,"s:124:22:124:Infinity":36,"s:126:4:136:Infinity":37,"f:141:2:141:Infinity":7,"b:149:25:149:Infinity":14,"s:151:4:151:Infinity":38,"s:145:11:145:Infinity":39,"s:146:11:146:Infinity":40,"s:147:11:147:Infinity":41,"s:148:11:148:Infinity":42,"s:149:11:149:25":43,"f:153:2:153:Infinity":8,"b:158:4:162:Infinity:160:11:162:Infinity":15,"s:158:4:162:Infinity":44,"s:159:8:159:Infinity":45,"s:161:8:161:Infinity":46,"b:164:4:168:Infinity:166:11:168:Infinity":16,"s:164:4:168:Infinity":47,"s:165:8:165:Infinity":48,"s:167:8:167:Infinity":49,"s:170:4:178:Infinity":50,"f:183:2:183:Infinity":9,"b:188:25:188:Infinity":17,"s:190:4:190:Infinity":51,"s:187:11:187:Infinity":52,"s:188:11:188:25":53,"f:192:2:192:Infinity":10,"s:196:25:198:Infinity":54,"b:197:12:197:Infinity:198:12:198:Infinity":18,"s:200:6:206:Infinity":55,"s:213:34:218:Infinity":56,"s:222:74:227:Infinity":57,"s:229:66:234:Infinity":58,"s:237:68:242:Infinity":59,"f:248:16:248:36":11,"b:249:4:249:Infinity:undefined:undefined:undefined:undefined":19,"s:249:4:249:Infinity":60,"b:249:8:249:17:249:17:249:34":20,"s:249:34:249:Infinity":61,"s:252:15:252:Infinity":62,"s:253:17:253:Infinity":63,"b:253:17:253:30:253:30:253:Infinity":21,"s:254:19:254:Infinity":64,"b:254:19:254:42:254:42:254:Infinity":22,"b:257:8:258:Infinity:260:8:271:Infinity:273:8:282:Infinity:283:8:290:Infinity:292:8:294:Infinity":23,"s:256:4:295:Infinity":65,"s:258:12:258:Infinity":66,"b:258:54:258:66:258:66:258:67":24,"s:261:12:271:Infinity":67,"b:265:16:265:40:265:40:265:Infinity":25,"b:266:16:266:36:266:36:266:Infinity":26,"b:267:16:267:37:267:37:267:Infinity":27,"b:268:16:268:32:268:32:268:Infinity":28,"b:269:16:269:47:269:47:269:Infinity":29,"b:270:16:270:38:270:38:270:Infinity":30,"s:274:12:282:Infinity":68,"b:278:16:278:38:278:38:278:Infinity":31,"b:279:16:279:35:279:35:279:Infinity":32,"b:280:16:280:44:280:44:280:Infinity":33,"s:284:12:290:Infinity":69,"b:288:16:288:40:288:40:288:Infinity":34,"b:289:16:289:28:289:28:289:Infinity":35,"s:293:12:293:Infinity":70,"s:294:12:294:Infinity":71}}}
,"C:\\Users\\steel\\VSProjects\\Stag\\src\\components\\Objects\\Accounts\\useFileManager.ts": {"path":"C:\\Users\\steel\\VSProjects\\Stag\\src\\components\\Objects\\Accounts\\useFileManager.ts","statementMap":{"0":{"start":{"line":23,"column":30},"end":{"line":92,"column":null}},"1":{"start":{"line":24,"column":63},"end":{"line":24,"column":null}},"2":{"start":{"line":25,"column":46},"end":{"line":25,"column":null}},"3":{"start":{"line":26,"column":48},"end":{"line":26,"column":null}},"4":{"start":{"line":27,"column":43},"end":{"line":27,"column":null}},"5":{"start":{"line":28,"column":62},"end":{"line":28,"column":null}},"6":{"start":{"line":30,"column":31},"end":{"line":48,"column":null}},"7":{"start":{"line":31,"column":39},"end":{"line":39,"column":null}},"8":{"start":{"line":33,"column":41},"end":{"line":33,"column":81}},"9":{"start":{"line":35,"column":39},"end":{"line":35,"column":79}},"10":{"start":{"line":36,"column":41},"end":{"line":36,"column":81}},"11":{"start":{"line":41,"column":21},"end":{"line":41,"column":null}},"12":{"start":{"line":42,"column":20},"end":{"line":42,"column":null}},"13":{"start":{"line":43,"column":18},"end":{"line":43,"column":null}},"14":{"start":{"line":44,"column":8},"end":{"line":44,"column":null}},"15":{"start":{"line":45,"column":8},"end":{"line":45,"column":null}},"16":{"start":{"line":46,"column":8},"end":{"line":46,"column":null}},"17":{"start":{"line":47,"column":8},"end":{"line":47,"column":null}},"18":{"start":{"line":50,"column":31},"end":{"line":89,"column":null}},"19":{"start":{"line":51,"column":8},"end":{"line":88,"column":null}},"20":{"start":{"line":52,"column":25},"end":{"line":52,"column":null}},"21":{"start":{"line":54,"column":32},"end":{"line":54,"column":null}},"22":{"start":{"line":55,"column":31},"end":{"line":55,"column":null}},"23":{"start":{"line":56,"column":32},"end":{"line":56,"column":null}},"24":{"start":{"line":58,"column":12},"end":{"line":58,"column":null}},"25":{"start":{"line":59,"column":12},"end":{"line":59,"column":null}},"26":{"start":{"line":60,"column":12},"end":{"line":60,"column":null}},"27":{"start":{"line":61,"column":12},"end":{"line":61,"column":null}},"28":{"start":{"line":62,"column":12},"end":{"line":84,"column":null}},"29":{"start":{"line":63,"column":42},"end":{"line":79,"column":null}},"30":{"start":{"line":80,"column":16},"end":{"line":80,"column":null}},"31":{"start":{"line":83,"column":16},"end":{"line":83,"column":null}},"32":{"start":{"line":86,"column":12},"end":{"line":86,"column":null}},"33":{"start":{"line":87,"column":12},"end":{"line":87,"column":null}},"34":{"start":{"line":91,"column":4},"end":{"line":91,"column":null}}},"fnMap":{"0":{"name":"(anonymous_0)","decl":{"start":{"line":23,"column":30},"end":{"line":23,"column":36}},"loc":{"start":{"line":23,"column":36},"end":{"line":92,"column":null}},"line":23},"1":{"name":"(anonymous_1)","decl":{"start":{"line":30,"column":31},"end":{"line":30,"column":37}},"loc":{"start":{"line":30,"column":37},"end":{"line":48,"column":null}},"line":30},"2":{"name":"(anonymous_2)","decl":{"start":{"line":33,"column":35},"end":{"line":33,"column":41}},"loc":{"start":{"line":33,"column":41},"end":{"line":33,"column":81}},"line":33},"3":{"name":"(anonymous_3)","decl":{"start":{"line":35,"column":33},"end":{"line":35,"column":39}},"loc":{"start":{"line":35,"column":39},"end":{"line":35,"column":79}},"line":35},"4":{"name":"(anonymous_4)","decl":{"start":{"line":36,"column":35},"end":{"line":36,"column":41}},"loc":{"start":{"line":36,"column":41},"end":{"line":36,"column":81}},"line":36},"5":{"name":"(anonymous_5)","decl":{"start":{"line":50,"column":31},"end":{"line":50,"column":32}},"loc":{"start":{"line":50,"column":49},"end":{"line":89,"column":null}},"line":50}},"branchMap":{"0":{"loc":{"start":{"line":58,"column":102},"end":{"line":58,"column":127}},"type":"binary-expr","locations":[{"start":{"line":58,"column":102},"end":{"line":58,"column":124}},{"start":{"line":58,"column":124},"end":{"line":58,"column":127}}],"line":58},"1":{"loc":{"start":{"line":62,"column":12},"end":{"line":84,"column":null}},"type":"if","locations":[{"start":{"line":62,"column":12},"end":{"line":84,"column":null}},{"start":{"line":82,"column":17},"end":{"line":84,"column":null}}],"line":62},"2":{"loc":{"start":{"line":66,"column":62},"end":{"line":66,"column":92}},"type":"binary-expr","locations":[{"start":{"line":66,"column":62},"end":{"line":66,"column":88}},{"start":{"line":66,"column":88},"end":{"line":66,"column":92}}],"line":66},"3":{"loc":{"start":{"line":67,"column":64},"end":{"line":67,"column":95}},"type":"binary-expr","locations":[{"start":{"line":67,"column":64},"end":{"line":67,"column":91}},{"start":{"line":67,"column":91},"end":{"line":67,"column":95}}],"line":67},"4":{"loc":{"start":{"line":68,"column":68},"end":{"line":68,"column":101}},"type":"binary-expr","locations":[{"start":{"line":68,"column":68},"end":{"line":68,"column":97}},{"start":{"line":68,"column":97},"end":{"line":68,"column":101}}],"line":68},"5":{"loc":{"start":{"line":71,"column":28},"end":{"line":71,"column":null}},"type":"binary-expr","locations":[{"start":{"line":71,"column":28},"end":{"line":71,"column":60}},{"start":{"line":71,"column":60},"end":{"line":71,"column":null}}],"line":71},"6":{"loc":{"start":{"line":74,"column":33},"end":{"line":74,"column":null}},"type":"binary-expr","locations":[{"start":{"line":74,"column":33},"end":{"line":74,"column":65}},{"start":{"line":74,"column":65},"end":{"line":74,"column":110}},{"start":{"line":74,"column":110},"end":{"line":74,"column":null}}],"line":74},"7":{"loc":{"start":{"line":77,"column":76},"end":{"line":77,"column":113}},"type":"binary-expr","locations":[{"start":{"line":77,"column":76},"end":{"line":77,"column":109}},{"start":{"line":77,"column":109},"end":{"line":77,"column":113}}],"line":77},"8":{"loc":{"start":{"line":78,"column":32},"end":{"line":78,"column":null}},"type":"binary-expr","locations":[{"start":{"line":78,"column":32},"end":{"line":78,"column":63}},{"start":{"line":78,"column":63},"end":{"line":78,"column":null}}],"line":78}},"s":{"0":1,"1":21,"2":21,"3":21,"4":21,"5":21,"6":21,"7":4,"8":0,"9":0,"10":0,"11":4,"12":4,"13":4,"14":4,"15":4,"16":4,"17":4,"18":21,"19":10,"20":10,"21":10,"22":10,"23":10,"24":10,"25":10,"26":10,"27":10,"28":10,"29":7,"30":7,"31":1,"32":2,"33":2,"34":21},"f":{"0":21,"1":4,"2":0,"3":0,"4":0,"5":10},"b":{"0":[10,1],"1":[7,1],"2":[7,0],"3":[7,3],"4":[7,3],"5":[7,1],"6":[7,6,2],"7":[7,3],"8":[7,2]},"meta":{"lastBranch":9,"lastFunction":6,"lastStatement":35,"seen":{"s:23:30:92:Infinity":0,"f:23:30:23:36":0,"s:24:63:24:Infinity":1,"s:25:46:25:Infinity":2,"s:26:48:26:Infinity":3,"s:27:43:27:Infinity":4,"s:28:62:28:Infinity":5,"s:30:31:48:Infinity":6,"f:30:31:30:37":1,"s:31:39:39:Infinity":7,"f:33:35:33:41":2,"s:33:41:33:81":8,"f:35:33:35:39":3,"s:35:39:35:79":9,"f:36:35:36:41":4,"s:36:41:36:81":10,"s:41:21:41:Infinity":11,"s:42:20:42:Infinity":12,"s:43:18:43:Infinity":13,"s:44:8:44:Infinity":14,"s:45:8:45:Infinity":15,"s:46:8:46:Infinity":16,"s:47:8:47:Infinity":17,"s:50:31:89:Infinity":18,"f:50:31:50:32":5,"s:51:8:88:Infinity":19,"s:52:25:52:Infinity":20,"s:54:32:54:Infinity":21,"s:55:31:55:Infinity":22,"s:56:32:56:Infinity":23,"s:58:12:58:Infinity":24,"b:58:102:58:124:58:124:58:127":0,"s:59:12:59:Infinity":25,"s:60:12:60:Infinity":26,"s:61:12:61:Infinity":27,"b:62:12:84:Infinity:82:17:84:Infinity":1,"s:62:12:84:Infinity":28,"s:63:42:79:Infinity":29,"b:66:62:66:88:66:88:66:92":2,"b:67:64:67:91:67:91:67:95":3,"b:68:68:68:97:68:97:68:101":4,"b:71:28:71:60:71:60:71:Infinity":5,"b:74:33:74:65:74:65:74:110:74:110:74:Infinity":6,"b:77:76:77:109:77:109:77:113":7,"b:78:32:78:63:78:63:78:Infinity":8,"s:80:16:80:Infinity":30,"s:83:16:83:Infinity":31,"s:86:12:86:Infinity":32,"s:87:12:87:Infinity":33,"s:91:4:91:Infinity":34}}}
,"C:\\Users\\steel\\VSProjects\\Stag\\src\\components\\Objects\\Assumptions\\AssumptionsContext.tsx": {"path":"C:\\Users\\steel\\VSProjects\\Stag\\src\\components\\Objects\\Assumptions\\AssumptionsContext.tsx","statementMap":{"0":{"start":{"line":54,"column":52},"end":{"line":82,"column":null}},"1":{"start":{"line":102,"column":27},"end":{"line":151,"column":null}},"2":{"start":{"line":103,"column":2},"end":{"line":150,"column":null}},"3":{"start":{"line":105,"column":6},"end":{"line":105,"column":null}},"4":{"start":{"line":107,"column":6},"end":{"line":107,"column":null}},"5":{"start":{"line":109,"column":6},"end":{"line":109,"column":null}},"6":{"start":{"line":111,"column":6},"end":{"line":111,"column":null}},"7":{"start":{"line":113,"column":6},"end":{"line":119,"column":null}},"8":{"start":{"line":121,"column":6},"end":{"line":121,"column":null}},"9":{"start":{"line":123,"column":6},"end":{"line":123,"column":null}},"10":{"start":{"line":125,"column":6},"end":{"line":125,"column":null}},"11":{"start":{"line":127,"column":8},"end":{"line":127,"column":null}},"12":{"start":{"line":129,"column":8},"end":{"line":129,"column":null}},"13":{"start":{"line":131,"column":8},"end":{"line":131,"column":null}},"14":{"start":{"line":131,"column":68},"end":{"line":131,"column":91}},"15":{"start":{"line":133,"column":8},"end":{"line":136,"column":null}},"16":{"start":{"line":135,"column":50},"end":{"line":135,"column":97}},"17":{"start":{"line":138,"column":8},"end":{"line":138,"column":null}},"18":{"start":{"line":140,"column":8},"end":{"line":140,"column":null}},"19":{"start":{"line":142,"column":8},"end":{"line":142,"column":null}},"20":{"start":{"line":142,"column":84},"end":{"line":142,"column":107}},"21":{"start":{"line":144,"column":8},"end":{"line":147,"column":null}},"22":{"start":{"line":146,"column":66},"end":{"line":146,"column":113}},"23":{"start":{"line":149,"column":6},"end":{"line":149,"column":null}},"24":{"start":{"line":158,"column":13},"end":{"line":161,"column":null}},"25":{"start":{"line":160,"column":18},"end":{"line":160,"column":null}},"26":{"start":{"line":163,"column":35},"end":{"line":183,"column":null}},"27":{"start":{"line":164,"column":24},"end":{"line":176,"column":null}},"28":{"start":{"line":165,"column":18},"end":{"line":165,"column":null}},"29":{"start":{"line":166,"column":4},"end":{"line":174,"column":null}},"30":{"start":{"line":167,"column":6},"end":{"line":173,"column":null}},"31":{"start":{"line":168,"column":23},"end":{"line":168,"column":null}},"32":{"start":{"line":170,"column":8},"end":{"line":170,"column":null}},"33":{"start":{"line":172,"column":8},"end":{"line":172,"column":null}},"34":{"start":{"line":175,"column":4},"end":{"line":175,"column":null}},"35":{"start":{"line":178,"column":2},"end":{"line":180,"column":null}},"36":{"start":{"line":179,"column":4},"end":{"line":179,"column":null}},"37":{"start":{"line":182,"column":2},"end":{"line":182,"column":null}},"38":{"start":{"line":189,"column":30},"end":{"line":192,"column":null}},"39":{"start":{"line":190,"column":26},"end":{"line":190,"column":null}},"40":{"start":{"line":191,"column":2},"end":{"line":191,"column":null}}},"fnMap":{"0":{"name":"(anonymous_0)","decl":{"start":{"line":102,"column":27},"end":{"line":102,"column":28}},"loc":{"start":{"line":102,"column":90},"end":{"line":151,"column":null}},"line":102},"1":{"name":"(anonymous_1)","decl":{"start":{"line":131,"column":63},"end":{"line":131,"column":68}},"loc":{"start":{"line":131,"column":68},"end":{"line":131,"column":91}},"line":131},"2":{"name":"(anonymous_2)","decl":{"start":{"line":135,"column":45},"end":{"line":135,"column":50}},"loc":{"start":{"line":135,"column":50},"end":{"line":135,"column":97}},"line":135},"3":{"name":"(anonymous_3)","decl":{"start":{"line":142,"column":79},"end":{"line":142,"column":84}},"loc":{"start":{"line":142,"column":84},"end":{"line":142,"column":107}},"line":142},"4":{"name":"(anonymous_4)","decl":{"start":{"line":146,"column":61},"end":{"line":146,"column":66}},"loc":{"start":{"line":146,"column":66},"end":{"line":146,"column":113}},"line":146},"5":{"name":"(anonymous_5)","decl":{"start":{"line":160,"column":12},"end":{"line":160,"column":18}},"loc":{"start":{"line":160,"column":18},"end":{"line":160,"column":null}},"line":160},"6":{"name":"(anonymous_6)","decl":{"start":{"line":163,"column":35},"end":{"line":163,"column":36}},"loc":{"start":{"line":163,"column":78},"end":{"line":183,"column":null}},"line":163},"7":{"name":"(anonymous_7)","decl":{"start":{"line":164,"column":79},"end":{"line":164,"column":80}},"loc":{"start":{"line":164,"column":92},"end":{"line":176,"column":3}},"line":164},"8":{"name":"(anonymous_8)","decl":{"start":{"line":178,"column":12},"end":{"line":178,"column":18}},"loc":{"start":{"line":178,"column":18},"end":{"line":180,"column":5}},"line":178},"9":{"name":"(anonymous_9)","decl":{"start":{"line":189,"column":30},"end":{"line":189,"column":36}},"loc":{"start":{"line":189,"column":36},"end":{"line":192,"column":null}},"line":189}},"branchMap":{"0":{"loc":{"start":{"line":103,"column":2},"end":{"line":150,"column":null}},"type":"switch","locations":[{"start":{"line":104,"column":4},"end":{"line":105,"column":null}},{"start":{"line":106,"column":4},"end":{"line":107,"column":null}},{"start":{"line":108,"column":4},"end":{"line":109,"column":null}},{"start":{"line":110,"column":4},"end":{"line":111,"column":null}},{"start":{"line":112,"column":4},"end":{"line":119,"column":null}},{"start":{"line":120,"column":4},"end":{"line":121,"column":null}},{"start":{"line":122,"column":4},"end":{"line":123,"column":null}},{"start":{"line":124,"column":4},"end":{"line":125,"column":null}},{"start":{"line":126,"column":4},"end":{"line":127,"column":null}},{"start":{"line":128,"column":4},"end":{"line":129,"column":null}},{"start":{"line":130,"column":4},"end":{"line":131,"column":null}},{"start":{"line":132,"column":4},"end":{"line":136,"column":null}},{"start":{"line":137,"column":4},"end":{"line":138,"column":null}},{"start":{"line":139,"column":4},"end":{"line":140,"column":null}},{"start":{"line":141,"column":4},"end":{"line":142,"column":null}},{"start":{"line":143,"column":4},"end":{"line":147,"column":null}},{"start":{"line":148,"column":4},"end":{"line":149,"column":null}}],"line":103},"1":{"loc":{"start":{"line":135,"column":50},"end":{"line":135,"column":97}},"type":"cond-expr","locations":[{"start":{"line":135,"column":79},"end":{"line":135,"column":96}},{"start":{"line":135,"column":96},"end":{"line":135,"column":97}}],"line":135},"2":{"loc":{"start":{"line":146,"column":66},"end":{"line":146,"column":113}},"type":"cond-expr","locations":[{"start":{"line":146,"column":95},"end":{"line":146,"column":112}},{"start":{"line":146,"column":112},"end":{"line":146,"column":113}}],"line":146},"3":{"loc":{"start":{"line":166,"column":4},"end":{"line":174,"column":null}},"type":"if","locations":[{"start":{"line":166,"column":4},"end":{"line":174,"column":null}},{"start":{},"end":{}}],"line":166}},"s":{"0":14,"1":14,"2":31,"3":3,"4":2,"5":1,"6":1,"7":1,"8":1,"9":2,"10":8,"11":1,"12":3,"13":1,"14":1,"15":1,"16":1,"17":1,"18":3,"19":1,"20":1,"21":1,"22":1,"23":0,"24":14,"25":0,"26":14,"27":65,"28":34,"29":34,"30":2,"31":2,"32":2,"33":1,"34":33,"35":65,"36":64,"37":65,"38":14,"39":0,"40":0},"f":{"0":31,"1":1,"2":1,"3":1,"4":1,"5":0,"6":65,"7":34,"8":64,"9":0},"b":{"0":[3,2,1,1,1,1,2,8,1,3,1,1,1,3,1,1,0],"1":[1,0],"2":[1,0],"3":[2,32]},"meta":{"lastBranch":4,"lastFunction":10,"lastStatement":41,"seen":{"s:54:52:82:Infinity":0,"s:102:27:151:Infinity":1,"f:102:27:102:28":0,"b:104:4:105:Infinity:106:4:107:Infinity:108:4:109:Infinity:110:4:111:Infinity:112:4:119:Infinity:120:4:121:Infinity:122:4:123:Infinity:124:4:125:Infinity:126:4:127:Infinity:128:4:129:Infinity:130:4:131:Infinity:132:4:136:Infinity:137:4:138:Infinity:139:4:140:Infinity:141:4:142:Infinity:143:4:147:Infinity:148:4:149:Infinity":0,"s:103:2:150:Infinity":2,"s:105:6:105:Infinity":3,"s:107:6:107:Infinity":4,"s:109:6:109:Infinity":5,"s:111:6:111:Infinity":6,"s:113:6:119:Infinity":7,"s:121:6:121:Infinity":8,"s:123:6:123:Infinity":9,"s:125:6:125:Infinity":10,"s:127:8:127:Infinity":11,"s:129:8:129:Infinity":12,"s:131:8:131:Infinity":13,"f:131:63:131:68":1,"s:131:68:131:91":14,"s:133:8:136:Infinity":15,"f:135:45:135:50":2,"s:135:50:135:97":16,"b:135:79:135:96:135:96:135:97":1,"s:138:8:138:Infinity":17,"s:140:8:140:Infinity":18,"s:142:8:142:Infinity":19,"f:142:79:142:84":3,"s:142:84:142:107":20,"s:144:8:147:Infinity":21,"f:146:61:146:66":4,"s:146:66:146:113":22,"b:146:95:146:112:146:112:146:113":2,"s:149:6:149:Infinity":23,"s:158:13:161:Infinity":24,"f:160:12:160:18":5,"s:160:18:160:Infinity":25,"s:163:35:183:Infinity":26,"f:163:35:163:36":6,"s:164:24:176:Infinity":27,"f:164:79:164:80":7,"s:165:18:165:Infinity":28,"b:166:4:174:Infinity:undefined:undefined:undefined:undefined":3,"s:166:4:174:Infinity":29,"s:167:6:173:Infinity":30,"s:168:23:168:Infinity":31,"s:170:8:170:Infinity":32,"s:172:8:172:Infinity":33,"s:175:4:175:Infinity":34,"s:178:2:180:Infinity":35,"f:178:12:178:18":8,"s:179:4:179:Infinity":36,"s:182:2:182:Infinity":37,"s:189:30:192:Infinity":38,"f:189:30:189:36":9,"s:190:26:190:Infinity":39,"s:191:2:191:Infinity":40}}}
,"C:\\Users\\steel\\VSProjects\\Stag\\src\\components\\Objects\\Assumptions\\SimulationContext.tsx": {"path":"C:\\Users\\steel\\VSProjects\\Stag\\src\\components\\Objects\\Assumptions\\SimulationContext.tsx","statementMap":{"0":{"start":{"line":13,"column":35},"end":{"line":20,"column":null}},"1":{"start":{"line":14,"column":4},"end":{"line":19,"column":null}},"2":{"start":{"line":23,"column":20},"end":{"line":23,"column":null}},"3":{"start":{"line":31,"column":38},"end":{"line":33,"column":null}},"4":{"start":{"line":35,"column":20},"end":{"line":47,"column":null}},"5":{"start":{"line":36,"column":4},"end":{"line":45,"column":null}},"6":{"start":{"line":37,"column":27},"end":{"line":37,"column":null}},"7":{"start":{"line":38,"column":8},"end":{"line":42,"column":null}},"8":{"start":{"line":39,"column":27},"end":{"line":39,"column":null}},"9":{"start":{"line":40,"column":18},"end":{"line":40,"column":null}},"10":{"start":{"line":41,"column":12},"end":{"line":41,"column":null}},"11":{"start":{"line":44,"column":8},"end":{"line":44,"column":null}},"12":{"start":{"line":46,"column":4},"end":{"line":46,"column":null}},"13":{"start":{"line":49,"column":26},"end":{"line":56,"column":null}},"14":{"start":{"line":50,"column":4},"end":{"line":55,"column":null}},"15":{"start":{"line":52,"column":12},"end":{"line":52,"column":null}},"16":{"start":{"line":54,"column":12},"end":{"line":54,"column":null}},"17":{"start":{"line":62,"column":13},"end":{"line":65,"column":null}},"18":{"start":{"line":64,"column":20},"end":{"line":64,"column":null}},"19":{"start":{"line":67,"column":34},"end":{"line":89,"column":null}},"20":{"start":{"line":68,"column":26},"end":{"line":68,"column":null}},"21":{"start":{"line":70,"column":4},"end":{"line":82,"column":null}},"22":{"start":{"line":72,"column":29},"end":{"line":80,"column":null}},"23":{"start":{"line":74,"column":54},"end":{"line":79,"column":14}},"24":{"start":{"line":76,"column":52},"end":{"line":76,"column":96}},"25":{"start":{"line":77,"column":50},"end":{"line":77,"column":94}},"26":{"start":{"line":78,"column":52},"end":{"line":78,"column":96}},"27":{"start":{"line":81,"column":8},"end":{"line":81,"column":null}},"28":{"start":{"line":84,"column":4},"end":{"line":87,"column":null}}},"fnMap":{"0":{"name":"(anonymous_0)","decl":{"start":{"line":13,"column":35},"end":{"line":13,"column":36}},"loc":{"start":{"line":13,"column":70},"end":{"line":20,"column":null}},"line":13},"1":{"name":"(anonymous_1)","decl":{"start":{"line":35,"column":20},"end":{"line":35,"column":21}},"loc":{"start":{"line":35,"column":72},"end":{"line":47,"column":null}},"line":35},"2":{"name":"(anonymous_2)","decl":{"start":{"line":49,"column":26},"end":{"line":49,"column":27}},"loc":{"start":{"line":49,"column":87},"end":{"line":56,"column":null}},"line":49},"3":{"name":"(anonymous_3)","decl":{"start":{"line":64,"column":14},"end":{"line":64,"column":20}},"loc":{"start":{"line":64,"column":20},"end":{"line":64,"column":null}},"line":64},"4":{"name":"(anonymous_4)","decl":{"start":{"line":67,"column":34},"end":{"line":67,"column":35}},"loc":{"start":{"line":67,"column":77},"end":{"line":89,"column":null}},"line":67},"5":{"name":"(anonymous_5)","decl":{"start":{"line":70,"column":14},"end":{"line":70,"column":20}},"loc":{"start":{"line":70,"column":20},"end":{"line":82,"column":7}},"line":70},"6":{"name":"(anonymous_6)","decl":{"start":{"line":74,"column":45},"end":{"line":74,"column":54}},"loc":{"start":{"line":74,"column":54},"end":{"line":79,"column":14}},"line":74},"7":{"name":"(anonymous_7)","decl":{"start":{"line":76,"column":44},"end":{"line":76,"column":52}},"loc":{"start":{"line":76,"column":52},"end":{"line":76,"column":96}},"line":76},"8":{"name":"(anonymous_8)","decl":{"start":{"line":77,"column":42},"end":{"line":77,"column":50}},"loc":{"start":{"line":77,"column":50},"end":{"line":77,"column":94}},"line":77},"9":{"name":"(anonymous_9)","decl":{"start":{"line":78,"column":44},"end":{"line":78,"column":52}},"loc":{"start":{"line":78,"column":52},"end":{"line":78,"column":96}},"line":78}},"branchMap":{"0":{"loc":{"start":{"line":38,"column":8},"end":{"line":42,"column":null}},"type":"if","locations":[{"start":{"line":38,"column":8},"end":{"line":42,"column":null}},{"start":{},"end":{}}],"line":38},"1":{"loc":{"start":{"line":40,"column":32},"end":{"line":40,"column":57}},"type":"binary-expr","locations":[{"start":{"line":40,"column":32},"end":{"line":40,"column":53}},{"start":{"line":40,"column":53},"end":{"line":40,"column":57}}],"line":40},"2":{"loc":{"start":{"line":50,"column":4},"end":{"line":55,"column":null}},"type":"switch","locations":[{"start":{"line":51,"column":8},"end":{"line":52,"column":null}},{"start":{"line":53,"column":8},"end":{"line":54,"column":null}}],"line":50}},"s":{"0":1,"1":3,"2":1,"3":1,"4":1,"5":10,"6":10,"7":10,"8":4,"9":4,"10":4,"11":1,"12":7,"13":1,"14":6,"15":6,"16":0,"17":1,"18":0,"19":1,"20":16,"21":16,"22":16,"23":9,"24":8,"25":3,"26":3,"27":16,"28":16},"f":{"0":3,"1":10,"2":6,"3":0,"4":16,"5":16,"6":9,"7":8,"8":3,"9":3},"b":{"0":[4,6],"1":[4,0],"2":[6,0]},"meta":{"lastBranch":3,"lastFunction":10,"lastStatement":29,"seen":{"s:13:35:20:Infinity":0,"f:13:35:13:36":0,"s:14:4:19:Infinity":1,"s:23:20:23:Infinity":2,"s:31:38:33:Infinity":3,"s:35:20:47:Infinity":4,"f:35:20:35:21":1,"s:36:4:45:Infinity":5,"s:37:27:37:Infinity":6,"b:38:8:42:Infinity:undefined:undefined:undefined:undefined":0,"s:38:8:42:Infinity":7,"s:39:27:39:Infinity":8,"s:40:18:40:Infinity":9,"b:40:32:40:53:40:53:40:57":1,"s:41:12:41:Infinity":10,"s:44:8:44:Infinity":11,"s:46:4:46:Infinity":12,"s:49:26:56:Infinity":13,"f:49:26:49:27":2,"b:51:8:52:Infinity:53:8:54:Infinity":2,"s:50:4:55:Infinity":14,"s:52:12:52:Infinity":15,"s:54:12:54:Infinity":16,"s:62:13:65:Infinity":17,"f:64:14:64:20":3,"s:64:20:64:Infinity":18,"s:67:34:89:Infinity":19,"f:67:34:67:35":4,"s:68:26:68:Infinity":20,"s:70:4:82:Infinity":21,"f:70:14:70:20":5,"s:72:29:80:Infinity":22,"f:74:45:74:54":6,"s:74:54:79:14":23,"f:76:44:76:52":7,"s:76:52:76:96":24,"f:77:42:77:50":8,"s:77:50:77:94":25,"f:78:44:78:52":9,"s:78:52:78:96":26,"s:81:8:81:Infinity":27,"s:84:4:87:Infinity":28}}}
,"C:\\Users\\steel\\VSProjects\\Stag\\src\\components\\Objects\\Assumptions\\SimulationEngine.tsx": {"path":"C:\\Users\\steel\\VSProjects\\Stag\\src\\components\\Objects\\Assumptions\\SimulationEngine.tsx","statementMap":{"0":{"start":{"line":51,"column":27},"end":{"line":51,"column":null}},"1":{"start":{"line":55,"column":24},"end":{"line":100,"column":null}},"2":{"start":{"line":56,"column":8},"end":{"line":97,"column":null}},"3":{"start":{"line":57,"column":31},"end":{"line":57,"column":null}},"4":{"start":{"line":60,"column":12},"end":{"line":96,"column":null}},"5":{"start":{"line":61,"column":16},"end":{"line":95,"column":null}},"6":{"start":{"line":63,"column":26},"end":{"line":63,"column":null}},"7":{"start":{"line":67,"column":38},"end":{"line":67,"column":null}},"8":{"start":{"line":68,"column":43},"end":{"line":68,"column":null}},"9":{"start":{"line":69,"column":26},"end":{"line":69,"column":null}},"10":{"start":{"line":72,"column":36},"end":{"line":75,"column":null}},"11":{"start":{"line":77,"column":20},"end":{"line":77,"column":null}},"12":{"start":{"line":78,"column":20},"end":{"line":78,"column":null}},"13":{"start":{"line":81,"column":20},"end":{"line":89,"column":null}},"14":{"start":{"line":91,"column":20},"end":{"line":91,"column":null}},"15":{"start":{"line":92,"column":20},"end":{"line":92,"column":null}},"16":{"start":{"line":94,"column":20},"end":{"line":94,"column":null}},"17":{"start":{"line":99,"column":8},"end":{"line":99,"column":null}},"18":{"start":{"line":103,"column":36},"end":{"line":147,"column":null}},"19":{"start":{"line":104,"column":8},"end":{"line":145,"column":null}},"20":{"start":{"line":105,"column":31},"end":{"line":105,"column":null}},"21":{"start":{"line":106,"column":30},"end":{"line":106,"column":null}},"22":{"start":{"line":107,"column":18},"end":{"line":107,"column":null}},"23":{"start":{"line":110,"column":12},"end":{"line":144,"column":null}},"24":{"start":{"line":111,"column":37},"end":{"line":111,"column":null}},"25":{"start":{"line":112,"column":40},"end":{"line":112,"column":null}},"26":{"start":{"line":113,"column":39},"end":{"line":113,"column":null}},"27":{"start":{"line":115,"column":22},"end":{"line":122,"column":null}},"28":{"start":{"line":124,"column":16},"end":{"line":143,"column":null}},"29":{"start":{"line":126,"column":43},"end":{"line":126,"column":null}},"30":{"start":{"line":128,"column":20},"end":{"line":128,"column":null}},"31":{"start":{"line":129,"column":20},"end":{"line":129,"column":null}},"32":{"start":{"line":130,"column":20},"end":{"line":130,"column":null}},"33":{"start":{"line":131,"column":20},"end":{"line":131,"column":null}},"34":{"start":{"line":134,"column":20},"end":{"line":142,"column":null}},"35":{"start":{"line":146,"column":8},"end":{"line":146,"column":null}},"36":{"start":{"line":149,"column":25},"end":{"line":149,"column":null}},"37":{"start":{"line":149,"column":45},"end":{"line":149,"column":71}},"38":{"start":{"line":153,"column":45},"end":{"line":153,"column":null}},"39":{"start":{"line":154,"column":4},"end":{"line":170,"column":null}},"40":{"start":{"line":155,"column":8},"end":{"line":169,"column":null}},"41":{"start":{"line":156,"column":35},"end":{"line":156,"column":null}},"42":{"start":{"line":157,"column":12},"end":{"line":168,"column":null}},"43":{"start":{"line":158,"column":16},"end":{"line":167,"column":null}},"44":{"start":{"line":173,"column":23},"end":{"line":173,"column":null}},"45":{"start":{"line":176,"column":27},"end":{"line":176,"column":null}},"46":{"start":{"line":177,"column":29},"end":{"line":177,"column":null}},"47":{"start":{"line":178,"column":30},"end":{"line":178,"column":null}},"48":{"start":{"line":181,"column":31},"end":{"line":186,"column":null}},"49":{"start":{"line":182,"column":8},"end":{"line":184,"column":null}},"50":{"start":{"line":183,"column":12},"end":{"line":183,"column":null}},"51":{"start":{"line":185,"column":8},"end":{"line":185,"column":null}},"52":{"start":{"line":190,"column":17},"end":{"line":190,"column":null}},"53":{"start":{"line":191,"column":19},"end":{"line":191,"column":null}},"54":{"start":{"line":192,"column":20},"end":{"line":192,"column":null}},"55":{"start":{"line":193,"column":19},"end":{"line":193,"column":null}},"56":{"start":{"line":196,"column":32},"end":{"line":204,"column":null}},"57":{"start":{"line":197,"column":8},"end":{"line":199,"column":null}},"58":{"start":{"line":198,"column":12},"end":{"line":198,"column":null}},"59":{"start":{"line":200,"column":8},"end":{"line":202,"column":null}},"60":{"start":{"line":201,"column":12},"end":{"line":201,"column":null}},"61":{"start":{"line":203,"column":8},"end":{"line":203,"column":null}},"62":{"start":{"line":208,"column":28},"end":{"line":208,"column":null}},"63":{"start":{"line":209,"column":30},"end":{"line":209,"column":null}},"64":{"start":{"line":215,"column":48},"end":{"line":215,"column":null}},"65":{"start":{"line":216,"column":52},"end":{"line":216,"column":null}},"66":{"start":{"line":217,"column":26},"end":{"line":217,"column":null}},"67":{"start":{"line":219,"column":4},"end":{"line":349,"column":null}},"68":{"start":{"line":220,"column":22},"end":{"line":220,"column":null}},"69":{"start":{"line":223,"column":25},"end":{"line":223,"column":null}},"70":{"start":{"line":225,"column":8},"end":{"line":335,"column":null}},"71":{"start":{"line":226,"column":12},"end":{"line":226,"column":null}},"72":{"start":{"line":226,"column":33},"end":{"line":226,"column":null}},"73":{"start":{"line":228,"column":28},"end":{"line":228,"column":null}},"74":{"start":{"line":228,"column":49},"end":{"line":228,"column":76}},"75":{"start":{"line":229,"column":12},"end":{"line":229,"column":null}},"76":{"start":{"line":229,"column":26},"end":{"line":229,"column":null}},"77":{"start":{"line":231,"column":35},"end":{"line":231,"column":null}},"78":{"start":{"line":232,"column":12},"end":{"line":234,"column":null}},"79":{"start":{"line":233,"column":16},"end":{"line":233,"column":null}},"80":{"start":{"line":235,"column":12},"end":{"line":235,"column":null}},"81":{"start":{"line":235,"column":39},"end":{"line":235,"column":null}},"82":{"start":{"line":237,"column":33},"end":{"line":237,"column":null}},"83":{"start":{"line":238,"column":25},"end":{"line":238,"column":null}},"84":{"start":{"line":241,"column":31},"end":{"line":242,"column":null}},"85":{"start":{"line":243,"column":31},"end":{"line":243,"column":null}},"86":{"start":{"line":244,"column":28},"end":{"line":244,"column":null}},"87":{"start":{"line":247,"column":12},"end":{"line":330,"column":null}},"88":{"start":{"line":248,"column":16},"end":{"line":248,"column":null}},"89":{"start":{"line":249,"column":16},"end":{"line":249,"column":null}},"90":{"start":{"line":250,"column":12},"end":{"line":330,"column":null}},"91":{"start":{"line":255,"column":32},"end":{"line":255,"column":null}},"92":{"start":{"line":256,"column":16},"end":{"line":259,"column":null}},"93":{"start":{"line":258,"column":20},"end":{"line":258,"column":null}},"94":{"start":{"line":261,"column":34},"end":{"line":261,"column":null}},"95":{"start":{"line":262,"column":36},"end":{"line":262,"column":null}},"96":{"start":{"line":264,"column":41},"end":{"line":264,"column":null}},"97":{"start":{"line":265,"column":43},"end":{"line":265,"column":null}},"98":{"start":{"line":267,"column":34},"end":{"line":267,"column":null}},"99":{"start":{"line":268,"column":36},"end":{"line":268,"column":null}},"100":{"start":{"line":270,"column":44},"end":{"line":270,"column":null}},"101":{"start":{"line":271,"column":46},"end":{"line":271,"column":null}},"102":{"start":{"line":274,"column":31},"end":{"line":283,"column":null}},"103":{"start":{"line":285,"column":36},"end":{"line":285,"column":null}},"104":{"start":{"line":286,"column":16},"end":{"line":289,"column":null}},"105":{"start":{"line":287,"column":20},"end":{"line":287,"column":null}},"106":{"start":{"line":288,"column":20},"end":{"line":288,"column":null}},"107":{"start":{"line":292,"column":16},"end":{"line":325,"column":null}},"108":{"start":{"line":293,"column":21},"end":{"line":293,"column":null}},"109":{"start":{"line":296,"column":40},"end":{"line":296,"column":null}},"110":{"start":{"line":297,"column":42},"end":{"line":297,"column":null}},"111":{"start":{"line":300,"column":37},"end":{"line":300,"column":null}},"112":{"start":{"line":301,"column":36},"end":{"line":301,"column":null}},"113":{"start":{"line":304,"column":39},"end":{"line":304,"column":null}},"114":{"start":{"line":305,"column":38},"end":{"line":305,"column":null}},"115":{"start":{"line":307,"column":21},"end":{"line":307,"column":null}},"116":{"start":{"line":309,"column":21},"end":{"line":312,"column":null}},"117":{"start":{"line":310,"column":24},"end":{"line":310,"column":null}},"118":{"start":{"line":311,"column":24},"end":{"line":311,"column":null}},"119":{"start":{"line":314,"column":21},"end":{"line":314,"column":null}},"120":{"start":{"line":316,"column":20},"end":{"line":316,"column":null}},"121":{"start":{"line":317,"column":20},"end":{"line":317,"column":null}},"122":{"start":{"line":321,"column":41},"end":{"line":321,"column":null}},"123":{"start":{"line":322,"column":20},"end":{"line":322,"column":null}},"124":{"start":{"line":328,"column":16},"end":{"line":328,"column":null}},"125":{"start":{"line":329,"column":16},"end":{"line":329,"column":null}},"126":{"start":{"line":334,"column":12},"end":{"line":334,"column":null}},"127":{"start":{"line":338,"column":8},"end":{"line":338,"column":null}},"128":{"start":{"line":343,"column":8},"end":{"line":346,"column":null}},"129":{"start":{"line":344,"column":12},"end":{"line":344,"column":null}},"130":{"start":{"line":345,"column":12},"end":{"line":345,"column":null}},"131":{"start":{"line":348,"column":8},"end":{"line":348,"column":null}},"132":{"start":{"line":356,"column":49},"end":{"line":356,"column":null}},"133":{"start":{"line":357,"column":29},"end":{"line":357,"column":null}},"134":{"start":{"line":358,"column":33},"end":{"line":358,"column":null}},"135":{"start":{"line":361,"column":4},"end":{"line":375,"column":null}},"136":{"start":{"line":362,"column":8},"end":{"line":374,"column":null}},"137":{"start":{"line":363,"column":32},"end":{"line":363,"column":null}},"138":{"start":{"line":364,"column":33},"end":{"line":364,"column":null}},"139":{"start":{"line":366,"column":37},"end":{"line":366,"column":null}},"140":{"start":{"line":367,"column":34},"end":{"line":367,"column":null}},"141":{"start":{"line":369,"column":12},"end":{"line":369,"column":null}},"142":{"start":{"line":372,"column":12},"end":{"line":372,"column":null}},"143":{"start":{"line":373,"column":12},"end":{"line":373,"column":null}},"144":{"start":{"line":378,"column":4},"end":{"line":421,"column":null}},"145":{"start":{"line":380,"column":8},"end":{"line":380,"column":null}},"146":{"start":{"line":380,"column":59},"end":{"line":380,"column":null}},"147":{"start":{"line":382,"column":33},"end":{"line":382,"column":null}},"148":{"start":{"line":384,"column":8},"end":{"line":412,"column":null}},"149":{"start":{"line":385,"column":18},"end":{"line":385,"column":null}},"150":{"start":{"line":386,"column":12},"end":{"line":386,"column":null}},"151":{"start":{"line":387,"column":8},"end":{"line":412,"column":null}},"152":{"start":{"line":389,"column":12},"end":{"line":389,"column":null}},"153":{"start":{"line":390,"column":8},"end":{"line":412,"column":null}},"154":{"start":{"line":392,"column":12},"end":{"line":392,"column":null}},"155":{"start":{"line":393,"column":8},"end":{"line":412,"column":null}},"156":{"start":{"line":395,"column":36},"end":{"line":395,"column":null}},"157":{"start":{"line":396,"column":27},"end":{"line":396,"column":null}},"158":{"start":{"line":398,"column":34},"end":{"line":398,"column":null}},"159":{"start":{"line":398,"column":55},"end":{"line":398,"column":84}},"160":{"start":{"line":399,"column":35},"end":{"line":399,"column":null}},"161":{"start":{"line":401,"column":29},"end":{"line":401,"column":null}},"162":{"start":{"line":402,"column":12},"end":{"line":406,"column":null}},"163":{"start":{"line":403,"column":16},"end":{"line":403,"column":null}},"164":{"start":{"line":404,"column":12},"end":{"line":406,"column":null}},"165":{"start":{"line":405,"column":16},"end":{"line":405,"column":null}},"166":{"start":{"line":408,"column":35},"end":{"line":408,"column":null}},"167":{"start":{"line":409,"column":27},"end":{"line":409,"column":null}},"168":{"start":{"line":411,"column":12},"end":{"line":411,"column":null}},"169":{"start":{"line":414,"column":8},"end":{"line":420,"column":null}},"170":{"start":{"line":415,"column":12},"end":{"line":415,"column":null}},"171":{"start":{"line":417,"column":12},"end":{"line":417,"column":null}},"172":{"start":{"line":418,"column":12},"end":{"line":418,"column":null}},"173":{"start":{"line":419,"column":12},"end":{"line":419,"column":null}},"174":{"start":{"line":424,"column":23},"end":{"line":424,"column":null}},"175":{"start":{"line":425,"column":4},"end":{"line":431,"column":null}},"176":{"start":{"line":426,"column":8},"end":{"line":430,"column":null}},"177":{"start":{"line":427,"column":12},"end":{"line":427,"column":null}},"178":{"start":{"line":428,"column":8},"end":{"line":430,"column":null}},"179":{"start":{"line":429,"column":12},"end":{"line":429,"column":null}},"180":{"start":{"line":434,"column":25},"end":{"line":467,"column":null}},"181":{"start":{"line":435,"column":23},"end":{"line":435,"column":null}},"182":{"start":{"line":436,"column":27},"end":{"line":436,"column":null}},"183":{"start":{"line":437,"column":24},"end":{"line":437,"column":null}},"184":{"start":{"line":439,"column":28},"end":{"line":439,"column":null}},"185":{"start":{"line":441,"column":8},"end":{"line":447,"column":null}},"186":{"start":{"line":442,"column":35},"end":{"line":442,"column":null}},"187":{"start":{"line":443,"column":12},"end":{"line":445,"column":null}},"188":{"start":{"line":444,"column":16},"end":{"line":444,"column":null}},"189":{"start":{"line":446,"column":12},"end":{"line":446,"column":null}},"190":{"start":{"line":449,"column":8},"end":{"line":454,"column":null}},"191":{"start":{"line":450,"column":31},"end":{"line":450,"column":null}},"192":{"start":{"line":452,"column":12},"end":{"line":452,"column":null}},"193":{"start":{"line":452,"column":29},"end":{"line":452,"column":null}},"194":{"start":{"line":453,"column":12},"end":{"line":453,"column":null}},"195":{"start":{"line":456,"column":8},"end":{"line":459,"column":null}},"196":{"start":{"line":458,"column":12},"end":{"line":458,"column":null}},"197":{"start":{"line":461,"column":8},"end":{"line":463,"column":null}},"198":{"start":{"line":462,"column":12},"end":{"line":462,"column":null}},"199":{"start":{"line":466,"column":8},"end":{"line":466,"column":null}},"200":{"start":{"line":470,"column":26},"end":{"line":470,"column":null}},"201":{"start":{"line":472,"column":4},"end":{"line":496,"column":null}}},"fnMap":{"0":{"name":"simulateOneYear","decl":{"start":{"line":42,"column":16},"end":{"line":42,"column":null}},"loc":{"start":{"line":50,"column":18},"end":{"line":497,"column":null}},"line":50},"1":{"name":"(anonymous_1)","decl":{"start":{"line":55,"column":36},"end":{"line":55,"column":43}},"loc":{"start":{"line":55,"column":43},"end":{"line":100,"column":5}},"line":55},"2":{"name":"(anonymous_2)","decl":{"start":{"line":103,"column":52},"end":{"line":103,"column":59}},"loc":{"start":{"line":103,"column":59},"end":{"line":147,"column":5}},"line":103},"3":{"name":"(anonymous_3)","decl":{"start":{"line":149,"column":38},"end":{"line":149,"column":45}},"loc":{"start":{"line":149,"column":45},"end":{"line":149,"column":71}},"line":149},"4":{"name":"(anonymous_4)","decl":{"start":{"line":181,"column":62},"end":{"line":181,"column":63}},"loc":{"start":{"line":181,"column":76},"end":{"line":186,"column":7}},"line":181},"5":{"name":"(anonymous_5)","decl":{"start":{"line":196,"column":52},"end":{"line":196,"column":53}},"loc":{"start":{"line":196,"column":66},"end":{"line":204,"column":7}},"line":196},"6":{"name":"(anonymous_6)","decl":{"start":{"line":228,"column":42},"end":{"line":228,"column":49}},"loc":{"start":{"line":228,"column":49},"end":{"line":228,"column":76}},"line":228},"7":{"name":"(anonymous_7)","decl":{"start":{"line":361,"column":36},"end":{"line":361,"column":43}},"loc":{"start":{"line":361,"column":43},"end":{"line":375,"column":5}},"line":361},"8":{"name":"(anonymous_8)","decl":{"start":{"line":378,"column":35},"end":{"line":378,"column":36}},"loc":{"start":{"line":378,"column":49},"end":{"line":421,"column":5}},"line":378},"9":{"name":"(anonymous_9)","decl":{"start":{"line":398,"column":48},"end":{"line":398,"column":55}},"loc":{"start":{"line":398,"column":55},"end":{"line":398,"column":84}},"line":398},"10":{"name":"(anonymous_10)","decl":{"start":{"line":425,"column":25},"end":{"line":425,"column":32}},"loc":{"start":{"line":425,"column":32},"end":{"line":431,"column":5}},"line":425},"11":{"name":"(anonymous_11)","decl":{"start":{"line":434,"column":38},"end":{"line":434,"column":45}},"loc":{"start":{"line":434,"column":45},"end":{"line":467,"column":5}},"line":434}},"branchMap":{"0":{"loc":{"start":{"line":49,"column":4},"end":{"line":49,"column":null}},"type":"default-arg","locations":[{"start":{"line":49,"column":43},"end":{"line":49,"column":null}}],"line":49},"1":{"loc":{"start":{"line":56,"column":8},"end":{"line":97,"column":null}},"type":"if","locations":[{"start":{"line":56,"column":8},"end":{"line":97,"column":null}},{"start":{},"end":{}}],"line":56},"2":{"loc":{"start":{"line":60,"column":12},"end":{"line":96,"column":null}},"type":"if","locations":[{"start":{"line":60,"column":12},"end":{"line":96,"column":null}},{"start":{},"end":{}}],"line":60},"3":{"loc":{"start":{"line":60,"column":16},"end":{"line":60,"column":75}},"type":"binary-expr","locations":[{"start":{"line":60,"column":16},"end":{"line":60,"column":50}},{"start":{"line":60,"column":50},"end":{"line":60,"column":75}}],"line":60},"4":{"loc":{"start":{"line":104,"column":8},"end":{"line":145,"column":null}},"type":"if","locations":[{"start":{"line":104,"column":8},"end":{"line":145,"column":null}},{"star
[...]
column":null}},"type":"binary-expr","locations":[{"start":{"line":171,"column":20},"end":{"line":171,"column":49}},{"start":{"line":171,"column":49},"end":{"line":171,"column":null}}],"line":171},"15":{"loc":{"start":{"line":176,"column":1},"end":{"line":178,"column":null}},"type":"if","locations":[{"start":{"line":176,"column":1},"end":{"line":178,"column":null}},{"start":{},"end":{}}],"line":176},"16":{"loc":{"start":{"line":181,"column":1},"end":{"line":185,"column":null}},"type":"if","locations":[{"start":{"line":181,"column":1},"end":{"line":185,"column":null}},{"start":{},"end":{}}],"line":181},"17":{"loc":{"start":{"line":204,"column":4},"end":{"line":206,"column":null}},"type":"binary-expr","locations":[{"start":{"line":204,"column":4},"end":{"line":204,"column":null}},{"start":{"line":205,"column":4},"end":{"line":205,"column":null}},{"start":{"line":205,"column":30},"end":{"line":206,"column":null}}],"line":204},"18":{"loc":{"start":{"line":209,"column":3},"end":{"line":213,"column":null}},"type":"if","locations":[{"start":{"line":209,"column":3},"end":{"line":213,"column":null}},{"start":{},"end":{}}],"line":209},"19":{"loc":{"start":{"line":215,"column":33},"end":{"line":215,"column":66}},"type":"binary-expr","locations":[{"start":{"line":215,"column":33},"end":{"line":215,"column":63}},{"start":{"line":215,"column":63},"end":{"line":215,"column":66}}],"line":215},"20":{"loc":{"start":{"line":224,"column":4},"end":{"line":226,"column":null}},"type":"binary-expr","locations":[{"start":{"line":224,"column":4},"end":{"line":224,"column":null}},{"start":{"line":225,"column":4},"end":{"line":225,"column":null}},{"start":{"line":225,"column":30},"end":{"line":226,"column":null}}],"line":224},"21":{"loc":{"start":{"line":229,"column":3},"end":{"line":231,"column":null}},"type":"if","locations":[{"start":{"line":229,"column":3},"end":{"line":231,"column":null}},{"start":{},"end":{}}],"line":229},"22":{"loc":{"start":{"line":233,"column":33},"end":{"line":233,"column":66}},"type":"binary-expr","locations":[{"start":{"line":233,"column":33},"end":{"line":233,"column":63}},{"start":{"line":233,"column":63},"end":{"line":233,"column":66}}],"line":233},"23":{"loc":{"start":{"line":254,"column":21},"end":{"line":254,"column":null}},"type":"cond-expr","locations":[{"start":{"line":254,"column":28},"end":{"line":254,"column":45}},{"start":{"line":254,"column":45},"end":{"line":254,"column":null}}],"line":254},"24":{"loc":{"start":{"line":256,"column":2},"end":{"line":261,"column":null}},"type":"if","locations":[{"start":{"line":256,"column":2},"end":{"line":261,"column":null}},{"start":{},"end":{}}],"line":256},"25":{"loc":{"start":{"line":273,"column":1},"end":{"line":275,"column":null}},"type":"if","locations":[{"start":{"line":273,"column":1},"end":{"line":275,"column":null}},{"start":{},"end":{}}],"line":273},"26":{"loc":{"start":{"line":287,"column":1},"end":{"line":287,"column":null}},"type":"if","locations":[{"start":{"line":287,"column":1},"end":{"line":287,"column":null}},{"start":{},"end":{}}],"line":287},"27":{"loc":{"start":{"line":305,"column":1},"end":{"line":307,"column":null}},"type":"if","locations":[{"start":{"line":305,"column":1},"end":{"line":307,"column":null}},{"start":{},"end":{}}],"line":305},"28":{"loc":{"start":{"line":324,"column":1},"end":{"line":324,"column":null}},"type":"if","locations":[{"start":{"line":324,"column":1},"end":{"line":324,"column":null}},{"start":{},"end":{}}],"line":324},"29":{"loc":{"start":{"line":326,"column":32},"end":{"line":326,"column":null}},"type":"binary-expr","locations":[{"start":{"line":326,"column":32},"end":{"line":326,"column":65}},{"start":{"line":326,"column":65},"end":{"line":326,"column":null}}],"line":326},"30":{"loc":{"start":{"line":328,"column":2},"end":{"line":330,"column":null}},"type":"cond-expr","locations":[{"start":{"line":329,"column":5},"end":{"line":329,"column":null}},{"start":{"line":330,"column":5},"end":{"line":330,"column":null}}],"line":328},"31":{"loc":{"start":{"line":345,"column":1},"end":{"line":347,"column":null}},"type":"if","locations":[{"start":{"line":345,"column":1},"end":{"line":347,"column":null}},{"start":{},"end":{}}],"line":345},"32":{"loc":{"start":{"line":391,"column":1},"end":{"line":391,"column":null}},"type":"if","locations":[{"start":{"line":391,"column":1},"end":{"line":391,"column":null}},{"start":{},"end":{}}],"line":391},"33":{"loc":{"start":{"line":395,"column":2},"end":{"line":395,"column":null}},"type":"cond-expr","locations":[{"start":{"line":395,"column":41},"end":{"line":395,"column":64}},{"start":{"line":395,"column":64},"end":{"line":395,"column":null}}],"line":395},"34":{"loc":{"start":{"line":423,"column":4},"end":{"line":425,"column":null}},"type":"if","locations":[{"start":{"line":423,"column":4},"end":{"line":425,"column":null}},{"start":{},"end":{}}],"line":423},"35":{"loc":{"start":{"line":423,"column":8},"end":{"line":423,"column":36}},"type":"binary-expr","locations":[{"start":{"line":423,"column":8},"end":{"line":423,"column":22}},{"start":{"line":423,"column":22},"end":{"line":423,"column":36}}],"line":423},"36":{"loc":{"start":{"line":468,"column":8},"end":{"line":471,"column":null}},"type":"if","locations":[{"start":{"line":468,"column":8},"end":{"line":471,"column":null}},{"start":{},"end":{}}],"line":468},"37":{"loc":{"start":{"line":473,"column":8},"end":{"line":478,"column":null}},"type":"if","locations":[{"start":{"line":473,"column":8},"end":{"line":478,"column":null}},{"start":{"line":475,"column":15},"end":{"line":478,"column":null}}],"line":473}},"s":{"0":590,"1":590,"2":590,"3":298,"4":292,"5":184,"6":108,"7":482,"8":482,"9":149,"10":149,"11":0,"12":149,"13":149,"14":149,"15":1043,"16":149,"17":333,"18":563,"19":739,"20":739,"21":1,"22":739,"23":561,"24":724,"25":405,"26":2,"27":2,"28":1,"29":1,"30":134,"31":163,"32":97,"33":138,"34":180,"35":101,"36":139,"37":181,"38":101,"39":149,"40":197,"41":79,"42":155,"43":120,"44":35,"45":35,"46":155,"47":16,"48":19,"49":5,"50":5,"51":5,"52":14,"53":14,"54":14,"55":14,"56":14,"57":427,"58":123,"59":3,"60":3,"61":3,"62":0,"63":428,"64":124,"65":1,"66":1,"67":0,"68":898,"69":898,"70":898,"71":898,"72":898,"73":5254,"74":5254,"75":5254,"76":5254,"77":1554,"78":1554,"79":898,"80":138,"81":1,"82":137,"83":137,"84":137,"85":137,"86":0,"87":137,"88":137,"89":137,"90":137,"91":282,"92":1,"93":281,"94":281,"95":281,"96":281,"97":281,"98":281,"99":281,"100":107,"101":174,"102":282,"103":282,"104":146,"105":1,"106":145,"107":145,"108":145,"109":145,"110":145,"111":145,"112":145,"113":145,"114":145,"115":145,"116":145,"117":145,"118":145,"119":0,"120":145,"121":145,"122":146,"123":7,"124":7,"125":7,"126":0,"127":7,"128":143,"129":143,"130":143,"131":143,"132":143,"133":143,"134":143,"135":143,"136":143,"137":7,"138":7,"139":7,"140":7,"141":7,"142":143,"143":143,"144":143,"145":7,"146":7,"147":136,"148":36,"149":100,"150":100,"151":7},"f":{"0":590,"1":1043,"2":563,"3":739,"4":561,"5":724,"6":405,"7":2,"8":2,"9":134,"10":163,"11":97,"12":138,"13":180,"14":101,"15":139,"16":181,"17":101,"18":149,"19":197,"20":79,"21":155,"22":427,"23":123,"24":3,"25":428,"26":124,"27":1,"28":898,"29":138,"30":282,"31":146,"32":7,"33":143},"b":{"0":[590],"1":[298,292],"2":[184,108],"3":[292,292],"4":[149,333],"5":[482,257],"6":[0,149],"7":[1,738],"8":[739,407],"9":[1,1],"10":[2,2],"11":[197,181],"12":[120,35],"13":[27,8],"14":[35,8],"15":[16,139],"16":[5,14],"17":[123,9,6],"18":[3,0],"19":[0,0],"20":[124,10,1],"21":[1,0],"22":[0,0],"23":[4356,898],"24":[1554,3700],"25":[1,137],"26":[0,137],"27":[1,281],"28":[107,174],"29":[174,6],"30":[173,1],"31":[1,145],"32":[0,145],"33":[144,1],"34":[0,7],"35":[7,7],"36":[7,136],"37":[36,100]},"meta":{"lastBranch":38,"lastFunction":34,"lastStatement":152,"seen":{"f:18:16:18:Infinity":0,"b:23:33:26:Infinity":0,"s:28:19:28:Infinity":0,"s:29:27:29:Infinity":1,"b:32:1:38:Infinity:34:1:38:Infinity":1,"s:32:1:38:Infinity":2,"s:33:2:33:Infinity":3,"b:34:1:38:Infinity:36:8:38:Infinity":2,"s:34:1:38:Infinity":4,"b:34:12:34:30:34:30:34:67":3,"s:35:2:35:Infinity":5,"s:37:2:37:Infinity":6,"s:40:7:40:Infinity":7,"b:42:1:64:Infinity:undefined:undefined:undefined:undefined":4,"s:42:1:64:Infinity":8,"b:42:5:42:26:42:26:42:43":5,"s:43:25:43:Infinity":9,"b:44:2:44:Infinity:undefined:undefined:undefined:undefined":6,"s:44:2:44:Infinity":10,"s:44:23:44:Infinity":11,"s:46:26:46:Infinity":12,"s:47:30:47:Infinity":13,"s:49:27:52:Infinity":14,"f:49:55:49:56":1,"s:49:69:52:4":15,"s:54:2:63:Infinity":16,"s:66:1:66:Infinity":17,"f:69:16:69:31":2,"s:70:1:76:Infinity":18,"f:70:23:70:24":3,"s:71:22:71:Infinity":19,"b:72:2:74:Infinity:undefined:undefined:undefined:undefined":7,"s:72:2:74:Infinity":20,"b:72:6:72:35:72:35:72:64":8,"s:73:3:73:Infinity":21,"s:75:2:75:Infinity":22,"f:79:16:79:36":4,"s:80:1:88:Infinity":23,"f:81:10:81:11":5,"s:81:19:81:44":24,"f:82:10:82:11":6,"s:83:3:86:Infinity":25,"f:91:16:91:Infinity":7,"s:95:1:100:Infinity":26,"f:95:23:95:24":8,"b:96:2:98:Infinity:undefined:undefined:undefined:undefined":9,"s:96:2:98:Infinity":27,"b:96:6:96:35:96:35:96:64":10,"s:97:3:97:Infinity":28,"s:99:2:99:Infinity":29,"f:103:16:103:37":9,"s:104:1:108:Infinity":30,"f:105:10:105:11":10,"s:105:19:105:44":31,"f:106:10:106:11":11,"s:107:3:107:Infinity":32,"f:111:16:111:34":12,"s:112:1:116:Infinity":33,"f:113:10:113:11":13,"s:113:19:113:44":34,"f:114:10:114:11":14,"s:115:3:115:Infinity":35,"f:119:16:119:32":15,"s:120:1:124:Infinity":36,"f:121:10:121:11":16,"s:121:19:121:46":37,"f:122:10:122:11":17,"s:123:3:123:Infinity":38,"f:130:16:130:42":18,"s:131:1:138:Infinity":39,"f:132:10:132:11":19,"s:133:3:134:Infinity":40,"b:133:3:133:Infinity:134:3:134:Infinity":11,"f:136:10:136:11":20,"s:137:3:137:Infinity":41,"f:157:16:157:Infinity":21,"b:162:1:162:Infinity:undefined:undefined:undefined:undefined":12,"s:162:1:162:Infinity":42,"s:162:28:162:Infinity":43,"s:166:24:166:Infinity":44,"s:171:20:173:Infinity":45,"b:172:4:172:Infinity:173:4:173:Infinity":13,"b:171:20:171:49:171:49:171:Infinity":14,"b:176:1:178:Infinity:undefined:undefined:undefined:undefined":15,"s:176:1:178:Infinity":46,"s:177:2:177:Infinity":47,"b:181:1:185:Infinity:undefined:undefined:undefined:undefined":16,"s:181:1:185:Infinity":48,"s:182:27:182:Infinity":49,"s:183:27:183:Infinity":50,"s:184:2:184:Infinity":51,"s:188:27:188:Infinity":52,"s:189:7:189:Infinity":53,"s:190:21:190:Infinity":54,"s:191:22:191:Infinity":55,"s:194:1:194:Infinity":56,"f:197:16:197:Infinity":22,"s:201:1:217:Infinity":57,"f:203:3:203:4":23,"s:204:4:206:Infinity":58,"b:204:4:204:Infinity:205:4:205:Infinity:205:30:206:Infinity":17,"f:208:10:208:11":24,"b:209:3:213:Infinity:undefined:undefined:undefined:undefined":18,"s:209:3:213:Infinity":59,"s:210:15:210:Infinity":60,"s:212:4:212:Infinity":61,"s:214:3:215:Infinity":62,"b:215:33:215:63:215:63:215:66":19,"f:220:16:220:33":25,"s:221:1:235:Infinity":63,"f:223:3:223:4":26,"s:224:4:226:Infinity":64,"b:224:4:224:Infinity:225:4:225:Infinity:225:30:226:Infinity":20,"f:228:10:228:11":27,"b:229:3:231:Infinity:undefined:undefined:undefined:undefined":21,"s:229:3:231:Infinity":65,"s:230:4:230:Infinity":66,"s:232:3:233:Infinity":67,"b:233:33:233:63:233:63:233:66":22,"f:238:16:238:Infinity":28,"s:243:23:243:Infinity":68,"s:245:23:245:Infinity":69,"s:247:16:247:Infinity":70,"s:249:1:262:Infinity":71,"s:249:14:249:17":72,"s:250:18:250:Infinity":73,"s:252:15:252:Infinity":74,"s:254:21:254:Infinity":75,"b:254:28:254:45:254:45:254:Infinity":23,"b:256:2:261:Infinity:undefined:undefined:undefined:undefined":24,"s:256:2:261:Infinity":76,"s:258:4:258:Infinity":77,"s:260:3:260:Infinity":78,"s:264:1:264:Infinity":79,"f:267:16:267:Infinity":29,"b:273:1:275:Infinity:undefined:undefined:undefined:undefined":25,"s:273:1:275:Infinity":80,"s:274:2:274:Infinity":81,"s:277:21:277:Infinity":82,"s:278:24:278:Infinity":83,"s:279:19:285:Infinity":84,"b:287:1:287:Infinity:undefined:undefined:undefined:undefined":26,"s:287:1:287:Infinity":85,"s:287:17:287:Infinity":86,"s:289:21:289:Infinity":87,"s:291:2:292:Infinity":88,"s:293:21:293:Infinity":89,"s:295:1:295:Infinity":90,"f:298:16:298:Infinity":30,"b:305:1:307:Infinity:undefined:undefined:undefined:undefined":27,"s:305:1:307:Infinity":91,"s:306:2:306:Infinity":92,"s:309:21:309:Infinity":93,"s:310:32:310:Infinity":94,"s:311:36:311:Infinity":95,"s:313:2:313:Infinity":96,"s:315:23:315:Infinity":97,"s:316:21:322:Infinity":98,"b:324:1:324:Infinity:undefined:undefined:undefined:undefined":28,"s:324:1:324:Infinity":99,"s:324:19:324:Infinity":100,"s:326:32:326:Infinity":101,"b:326:32:326:65:326:65:326:Infinity":29,"s:328:2:330:Infinity":102,"b:329:5:329:Infinity:330:5:330:Infinity":30,"s:332:1:335:Infinity":103,"f:338:16:338:Infinity":31,"b:345:1:347:Infinity:undefined:undefined:undefined:undefined":31,"s:345:1:347:Infinity":104,"s:346:2:346:Infinity":105,"s:349:21:349:Infinity":106,"s:350:32:350:Infinity":107,"s:351:18:357:Infinity":108,"s:358:36:358:Infinity":109,"s:360:2:360:Infinity":110,"s:363:25:363:Infinity":111,"s:367:20:367:Infinity":112,"s:368:24:368:Infinity":113,"s:371:27:375:Infinity":114,"s:380:23:380:Infinity":115,"s:382:23:382:Infinity":116,"s:383:19:389:Infinity":117,"b:391:1:391:Infinity:undefined:undefined:undefined:undefined":32,"s:391:1:391:Infinity":118,"s:391:17:391:Infinity":119,"s:393:30:393:Infinity":120,"s:395:2:395:Infinity":121,"b:395:41:395:64:395:64:395:Infinity":33,"s:397:1:400:Infinity":122,"f:408:16:408:Infinity":32,"s:420:22:420:Infinity":123,"s:421:24:421:Infinity":124,"b:423:4:425:Infinity:undefined:undefined:undefined:undefined":34,"s:423:4:425:Infinity":125,"b:423:8:423:22:423:22:423:36":35,"s:424:8:424:Infinity":126,"s:428:34:457:Infinity":127,"f:428:34:428:35":33,"s:433:35:433:Infinity":128,"s:435:29:435:Infinity":129,"s:436:28:436:Infinity":130,"s:437:33:437:Infinity":131,"s:451:33:451:Infinity":132,"s:452:27:452:Infinity":133,"s:453:26:453:Infinity":134,"s:454:31:454:Infinity":135,"s:456:8:456:Infinity":136,"s:460:14:460:Infinity":137,"s:461:15:461:Infinity":138,"s:462:24:462:Infinity":139,"s:464:4:479:Infinity":140,"s:464:17:464:20":141,"s:465:14:465:Infinity":142,"s:466:26:466:Infinity":143,"b:468:8:471:Infinity:undefined:undefined:undefined:undefined":36,"s:468:8:471:Infinity":144,"s:469:12:469:Infinity":145,"s:470:12:470:Infinity":146,"b:473:8:478:Infinity:475:15:478:Infinity":37,"s:473:8:478:Infinity":147,"s:474:12:474:Infinity":148,"s:476:12:476:Infinity":149,"s:477:12:477:Infinity":150,"s:481:4:484:Infinity":151}}}
,"C:\\Users\\steel\\VSProjects\\Stag\\src\\tabs\\Future\\tabs\\FutureUtils.tsx": {"path":"C:\\Users\\steel\\VSProjects\\Stag\\src\\tabs\\Future\\tabs\\FutureUtils.tsx","statementMap":{"0":{"start":{"line":5,"column":32},"end":{"line":15,"column":null}},"1":{"start":{"line":6,"column":19},"end":{"line":9,"column":null}},"2":{"start":{"line":7,"column":8},"end":{"line":7,"column":null}},"3":{"start":{"line":7,"column":40},"end":{"line":7,"column":null}},"4":{"start":{"line":8,"column":8},"end":{"line":8,"column":null}},"5":{"start":{"line":10,"column":24},"end":{"line":13,"column":null}},"6":{"start":{"line":11,"column":8},"end":{"line":11,"column":null}},"7":{"start":{"line":11,"column":40},"end":{"line":11,"column":null}},"8":{"start":{"line":12,"column":8},"end":{"line":12,"column":null}},"9":{"start":{"line":14,"column":4},"end":{"line":14,"column":null}},"10":{"start":{"line":17,"column":33},"end":{"line":19,"column":null}},"11":{"start":{"line":18,"column":4},"end":{"line":18,"column":null}},"12":{"start":{"line":21,"column":30},"end":{"line":23,"column":null}},"13":{"start":{"line":22,"column":4},"end":{"line":22,"column":null}},"14":{"start":{"line":25,"column":45},"end":{"line":40,"column":null}},"15":{"start":{"line":26,"column":4},"end":{"line":38,"column":null}},"16":{"start":{"line":26,"column":17},"end":{"line":26,"column":20}},"17":{"start":{"line":27,"column":25},"end":{"line":27,"column":null}},"18":{"start":{"line":28,"column":28},"end":{"line":28,"column":null}},"19":{"start":{"line":30,"column":36},"end":{"line":32,"column":null}},"20":{"start":{"line":31,"column":27},"end":{"line":31,"column":57}},"21":{"start":{"line":32,"column":34},"end":{"line":32,"column":52}},"22":{"start":{"line":35,"column":8},"end":{"line":37,"column":null}},"23":{"start":{"line":36,"column":12},"end":{"line":36,"column":null}},"24":{"start":{"line":39,"column":4},"end":{"line":39,"column":null}}},"fnMap":{"0":{"name":"(anonymous_0)","decl":{"start":{"line":5,"column":32},"end":{"line":5,"column":33}},"loc":{"start":{"line":5,"column":60},"end":{"line":15,"column":null}},"line":5},"1":{"name":"(anonymous_1)","decl":{"start":{"line":6,"column":35},"end":{"line":6,"column":36}},"loc":{"start":{"line":6,"column":51},"end":{"line":9,"column":7}},"line":6},"2":{"name":"(anonymous_2)","decl":{"start":{"line":10,"column":40},"end":{"line":10,"column":41}},"loc":{"start":{"line":10,"column":56},"end":{"line":13,"column":7}},"line":10},"3":{"name":"(anonymous_3)","decl":{"start":{"line":17,"column":33},"end":{"line":17,"column":34}},"loc":{"start":{"line":17,"column":61},"end":{"line":19,"column":null}},"line":17},"4":{"name":"(anonymous_4)","decl":{"start":{"line":21,"column":30},"end":{"line":21,"column":31}},"loc":{"start":{"line":21,"column":49},"end":{"line":23,"column":null}},"line":21},"5":{"name":"(anonymous_5)","decl":{"start":{"line":25,"column":45},"end":{"line":25,"column":46}},"loc":{"start":{"line":25,"column":125},"end":{"line":40,"column":null}},"line":25},"6":{"name":"(anonymous_6)","decl":{"start":{"line":31,"column":20},"end":{"line":31,"column":27}},"loc":{"start":{"line":31,"column":27},"end":{"line":31,"column":57}},"line":31},"7":{"name":"(anonymous_7)","decl":{"start":{"line":32,"column":20},"end":{"line":32,"column":21}},"loc":{"start":{"line":32,"column":34},"end":{"line":32,"column":52}},"line":32}},"branchMap":{"0":{"loc":{"start":{"line":7,"column":8},"end":{"line":7,"column":null}},"type":"if","locations":[{"start":{"line":7,"column":8},"end":{"line":7,"column":null}},{"start":{},"end":{}}],"line":7},"1":{"loc":{"start":{"line":11,"column":8},"end":{"line":11,"column":null}},"type":"if","locations":[{"start":{"line":11,"column":8},"end":{"line":11,"column":null}},{"start":{},"end":{}}],"line":11},"2":{"loc":{"start":{"line":22,"column":141},"end":{"line":22,"column":151}},"type":"binary-expr","locations":[{"start":{"line":22,"column":141},"end":{"line":22,"column":150}},{"start":{"line":22,"column":150},"end":{"line":22,"column":151}}],"line":22},"3":{"loc":{"start":{"line":35,"column":8},"end":{"line":37,"column":null}},"type":"if","locations":[{"start":{"line":35,"column":8},"end":{"line":37,"column":null}},{"start":{},"end":{}}],"line":35}},"s":{"0":2,"1":5,"2":11,"3":5,"4":6,"5":5,"6":11,"7":5,"8":6,"9":5,"10":2,"11":1,"12":2,"13":5,"14":2,"15":5,"16":5,"17":7,"18":7,"19":7,"20":7,"21":6,"22":7,"23":1,"24":6},"f":{"0":5,"1":11,"2":11,"3":1,"4":5,"5":5,"6":7,"7":6},"b":{"0":[5,6],"1":[5,6],"2":[5,1],"3":[1,6]},"meta":{"lastBranch":4,"lastFunction":8,"lastStatement":25,"seen":{"s:5:32:15:Infinity":0,"f:5:32:5:33":0,"s:6:19:9:Infinity":1,"f:6:35:6:36":1,"b:7:8:7:Infinity:undefined:undefined:undefined:undefined":0,"s:7:8:7:Infinity":2,"s:7:40:7:Infinity":3,"s:8:8:8:Infinity":4,"s:10:24:13:Infinity":5,"f:10:40:10:41":2,"b:11:8:11:Infinity:undefined:undefined:undefined:undefined":1,"s:11:8:11:Infinity":6,"s:11:40:11:Infinity":7,"s:12:8:12:Infinity":8,"s:14:4:14:Infinity":9,"s:17:33:19:Infinity":10,"f:17:33:17:34":3,"s:18:4:18:Infinity":11,"s:21:30:23:Infinity":12,"f:21:30:21:31":4,"s:22:4:22:Infinity":13,"b:22:141:22:150:22:150:22:151":2,"s:25:45:40:Infinity":14,"f:25:45:25:46":5,"s:26:4:38:Infinity":15,"s:26:17:26:20":16,"s:27:25:27:Infinity":17,"s:28:28:28:Infinity":18,"s:30:36:32:Infinity":19,"f:31:20:31:27":6,"s:31:27:31:57":20,"f:32:20:32:21":7,"s:32:34:32:52":21,"b:35:8:37:Infinity:undefined:undefined:undefined:undefined":3,"s:35:8:37:Infinity":22,"s:36:12:36:Infinity":23,"s:39:4:39:Infinity":24}}}
}
