{"C:\\Users\\steel\\VSProjects\\Stag\\src\\components\\Layout\\InputFields\\RangeSlider.tsx": {"path":"C:\\Users\\steel\\VSProjects\\Stag\\src\\components\\Layout\\InputFields\\RangeSlider.tsx","statementMap":{"0":{"start":{"line":17,"column":17},"end":{"line":17,"column":null}},"1":{"start":{"line":18,"column":19},"end":{"line":18,"column":null}},"2":{"start":{"line":20,"column":55},"end":{"line":186,"column":null}},"3":{"start":{"line":27,"column":25},"end":{"line":27,"column":null}},"4":{"start":{"line":31,"column":17},"end":{"line":31,"column":null}},"5":{"start":{"line":32,"column":8},"end":{"line":32,"column":null}},"6":{"start":{"line":34,"column":8},"end":{"line":37,"column":null}},"7":{"start":{"line":35,"column":21},"end":{"line":35,"column":null}},"8":{"start":{"line":39,"column":29},"end":{"line":41,"column":null}},"9":{"start":{"line":40,"column":4},"end":{"line":40,"column":null}},"10":{"start":{"line":43,"column":26},"end":{"line":47,"column":null}},"11":{"start":{"line":44,"column":4},"end":{"line":44,"column":null}},"12":{"start":{"line":44,"column":31},"end":{"line":44,"column":null}},"13":{"start":{"line":45,"column":16},"end":{"line":45,"column":null}},"14":{"start":{"line":46,"column":4},"end":{"line":46,"column":null}},"15":{"start":{"line":49,"column":26},"end":{"line":53,"column":null}},"16":{"start":{"line":50,"column":4},"end":{"line":50,"column":null}},"17":{"start":{"line":50,"column":31},"end":{"line":50,"column":null}},"18":{"start":{"line":51,"column":16},"end":{"line":51,"column":null}},"19":{"start":{"line":52,"column":4},"end":{"line":52,"column":null}},"20":{"start":{"line":55,"column":21},"end":{"line":55,"column":null}},"21":{"start":{"line":56,"column":21},"end":{"line":56,"column":null}},"22":{"start":{"line":57,"column":23},"end":{"line":57,"column":null}},"23":{"start":{"line":59,"column":2},"end":{"line":184,"column":null}}},"fnMap":{"0":{"name":"(anonymous_0)","decl":{"start":{"line":20,"column":55},"end":{"line":20,"column":56}},"loc":{"start":{"line":30,"column":6},"end":{"line":186,"column":null}},"line":30},"1":{"name":"(anonymous_1)","decl":{"start":{"line":27,"column":18},"end":{"line":27,"column":19}},"loc":{"start":{"line":27,"column":25},"end":{"line":27,"column":null}},"line":27},"2":{"name":"(anonymous_2)","decl":{"start":{"line":35,"column":4},"end":{"line":35,"column":5}},"loc":{"start":{"line":35,"column":21},"end":{"line":35,"column":null}},"line":35},"3":{"name":"(anonymous_3)","decl":{"start":{"line":39,"column":29},"end":{"line":39,"column":30}},"loc":{"start":{"line":39,"column":73},"end":{"line":41,"column":null}},"line":39},"4":{"name":"(anonymous_4)","decl":{"start":{"line":43,"column":26},"end":{"line":43,"column":27}},"loc":{"start":{"line":43,"column":70},"end":{"line":47,"column":null}},"line":43},"5":{"name":"(anonymous_5)","decl":{"start":{"line":49,"column":26},"end":{"line":49,"column":27}},"loc":{"start":{"line":49,"column":70},"end":{"line":53,"column":null}},"line":49}},"branchMap":{"0":{"loc":{"start":{"line":24,"column":2},"end":{"line":24,"column":null}},"type":"default-arg","locations":[{"start":{"line":24,"column":8},"end":{"line":24,"column":null}}],"line":24},"1":{"loc":{"start":{"line":25,"column":2},"end":{"line":25,"column":null}},"type":"default-arg","locations":[{"start":{"line":25,"column":8},"end":{"line":25,"column":null}}],"line":25},"2":{"loc":{"start":{"line":26,"column":2},"end":{"line":26,"column":null}},"type":"default-arg","locations":[{"start":{"line":26,"column":9},"end":{"line":26,"column":null}}],"line":26},"3":{"loc":{"start":{"line":27,"column":2},"end":{"line":27,"column":null}},"type":"default-arg","locations":[{"start":{"line":27,"column":18},"end":{"line":27,"column":null}}],"line":27},"4":{"loc":{"start":{"line":28,"column":2},"end":{"line":28,"column":null}},"type":"default-arg","locations":[{"start":{"line":28,"column":14},"end":{"line":28,"column":null}}],"line":28},"5":{"loc":{"start":{"line":29,"column":2},"end":{"line":29,"column":null}},"type":"default-arg","locations":[{"start":{"line":29,"column":15},"end":{"line":29,"column":null}}],"line":29},"6":{"loc":{"start":{"line":44,"column":4},"end":{"line":44,"column":null}},"type":"if","locations":[{"start":{"line":44,"column":4},"end":{"line":44,"column":null}},{"start":{},"end":{}}],"line":44},"7":{"loc":{"start":{"line":50,"column":4},"end":{"line":50,"column":null}},"type":"if","locations":[{"start":{"line":50,"column":4},"end":{"line":50,"column":null}},{"start":{},"end":{}}],"line":50},"8":{"loc":{"start":{"line":55,"column":21},"end":{"line":55,"column":null}},"type":"cond-expr","locations":[{"start":{"line":55,"column":30},"end":{"line":55,"column":53}},{"start":{"line":55,"column":53},"end":{"line":55,"column":null}}],"line":55},"9":{"loc":{"start":{"line":56,"column":21},"end":{"line":56,"column":null}},"type":"cond-expr","locations":[{"start":{"line":56,"column":30},"end":{"line":56,"column":53}},{"start":{"line":56,"column":53},"end":{"line":56,"column":null}}],"line":56},"10":{"loc":{"start":{"line":109,"column":61},"end":{"line":109,"column":88}},"type":"cond-expr","locations":[{"start":{"line":109,"column":74},"end":{"line":109,"column":86}},{"start":{"line":109,"column":86},"end":{"line":109,"column":88}}],"line":109},"11":{"loc":{"start":{"line":110,"column":9},"end":{"line":116,"column":null}},"type":"binary-expr","locations":[{"start":{"line":110,"column":9},"end":{"line":110,"column":null}},{"start":{"line":111,"column":10},"end":{"line":116,"column":null}}],"line":110},"12":{"loc":{"start":{"line":119,"column":11},"end":{"line":121,"column":null}},"type":"cond-expr","locations":[{"start":{"line":120,"column":14},"end":{"line":120,"column":null}},{"start":{"line":121,"column":14},"end":{"line":121,"column":null}}],"line":119},"13":{"loc":{"start":{"line":147,"column":9},"end":{"line":181,"column":null}},"type":"cond-expr","locations":[{"start":{"line":148,"column":10},"end":{"line":170,"column":null}},{"start":{"line":172,"column":10},"end":{"line":181,"column":null}}],"line":147}},"s":{"0":1,"1":1,"2":1,"3":10,"4":8,"5":8,"6":8,"7":12,"8":8,"9":1,"10":8,"11":1,"12":0,"13":1,"14":1,"15":8,"16":1,"17":0,"18":1,"19":1,"20":8,"21":8,"22":8,"23":8},"f":{"0":8,"1":10,"2":12,"3":1,"4":1,"5":1},"b":{"0":[8],"1":[8],"2":[8],"3":[10],"4":[8],"5":[8],"6":[0,1],"7":[0,1],"8":[4,4],"9":[4,4],"10":[1,7],"11":[8,7],"12":[4,4],"13":[4,4]},"meta":{"lastBranch":14,"lastFunction":6,"lastStatement":24,"seen":{"s:17:17:17:Infinity":0,"s:18:19:18:Infinity":1,"s:20:55:186:Infinity":2,"f:20:55:20:56":0,"b:24:8:24:Infinity":0,"b:25:8:25:Infinity":1,"b:26:9:26:Infinity":2,"b:27:18:27:Infinity":3,"f:27:18:27:19":1,"s:27:25:27:Infinity":3,"b:28:14:28:Infinity":4,"b:29:15:29:Infinity":5,"s:31:17:31:Infinity":4,"s:32:8:32:Infinity":5,"s:34:8:37:Infinity":6,"f:35:4:35:5":2,"s:35:21:35:Infinity":7,"s:39:29:41:Infinity":8,"f:39:29:39:30":3,"s:40:4:40:Infinity":9,"s:43:26:47:Infinity":10,"f:43:26:43:27":4,"b:44:4:44:Infinity:undefined:undefined:undefined:undefined":6,"s:44:4:44:Infinity":11,"s:44:31:44:Infinity":12,"s:45:16:45:Infinity":13,"s:46:4:46:Infinity":14,"s:49:26:53:Infinity":15,"f:49:26:49:27":5,"b:50:4:50:Infinity:undefined:undefined:undefined:undefined":7,"s:50:4:50:Infinity":16,"s:50:31:50:Infinity":17,"s:51:16:51:Infinity":18,"s:52:4:52:Infinity":19,"s:55:21:55:Infinity":20,"b:55:30:55:53:55:53:55:Infinity":8,"s:56:21:56:Infinity":21,"b:56:30:56:53:56:53:56:Infinity":9,"s:57:23:57:Infinity":22,"s:59:2:184:Infinity":23,"b:109:74:109:86:109:86:109:88":10,"b:110:9:110:Infinity:111:10:116:Infinity":11,"b:120:14:120:Infinity:121:14:121:Infinity":12,"b:148:10:170:Infinity:172:10:181:Infinity":13}}}
,"C:\\Users\\steel\\VSProjects\\Stag\\src\\components\\Objects\\Accounts\\models.tsx": {"path":"C:\\Users\\steel\\VSProjects\\Stag\\src\\components\\Objects\\Accounts\\models.tsx","statementMap":{"0":{"start":{"line":14,"column":11},"end":{"line":14,"column":null}},"1":{"start":{"line":15,"column":11},"end":{"line":15,"column":null}},"2":{"start":{"line":16,"column":11},"end":{"line":16,"column":null}},"3":{"start":{"line":22,"column":27},"end":{"line":22,"column":null}},"4":{"start":{"line":32,"column":4},"end":{"line":32,"column":null}},"5":{"start":{"line":30,"column":11},"end":{"line":30,"column":25}},"6":{"start":{"line":36,"column":20},"end":{"line":36,"column":null}},"7":{"start":{"line":37,"column":4},"end":{"line":37,"column":null}},"8":{"start":{"line":55,"column":4},"end":{"line":55,"column":null}},"9":{"start":{"line":47,"column":11},"end":{"line":47,"column":37}},"10":{"start":{"line":49,"column":11},"end":{"line":49,"column":33}},"11":{"start":{"line":50,"column":11},"end":{"line":50,"column":34}},"12":{"start":{"line":51,"column":11},"end":{"line":51,"column":30}},"13":{"start":{"line":52,"column":11},"end":{"line":52,"column":45}},"14":{"start":{"line":53,"column":11},"end":{"line":53,"column":35}},"15":{"start":{"line":61,"column":22},"end":{"line":61,"column":null}},"16":{"start":{"line":62,"column":4},"end":{"line":62,"column":null}},"17":{"start":{"line":66,"column":4},"end":{"line":66,"column":null}},"18":{"start":{"line":76,"column":23},"end":{"line":76,"column":null}},"19":{"start":{"line":79,"column":28},"end":{"line":79,"column":null}},"20":{"start":{"line":83,"column":32},"end":{"line":83,"column":null}},"21":{"start":{"line":87,"column":22},"end":{"line":87,"column":null}},"22":{"start":{"line":89,"column":4},"end":{"line":99,"column":null}},"23":{"start":{"line":114,"column":4},"end":{"line":114,"column":null}},"24":{"start":{"line":108,"column":11},"end":{"line":108,"column":null}},"25":{"start":{"line":109,"column":11},"end":{"line":109,"column":null}},"26":{"start":{"line":110,"column":11},"end":{"line":110,"column":null}},"27":{"start":{"line":111,"column":11},"end":{"line":111,"column":null}},"28":{"start":{"line":112,"column":11},"end":{"line":112,"column":25}},"29":{"start":{"line":121,"column":4},"end":{"line":125,"column":null}},"30":{"start":{"line":122,"column":8},"end":{"line":122,"column":null}},"31":{"start":{"line":124,"column":8},"end":{"line":124,"column":null}},"32":{"start":{"line":127,"column":4},"end":{"line":131,"column":null}},"33":{"start":{"line":128,"column":8},"end":{"line":128,"column":null}},"34":{"start":{"line":130,"column":8},"end":{"line":130,"column":null}},"35":{"start":{"line":133,"column":4},"end":{"line":141,"column":null}},"36":{"start":{"line":153,"column":4},"end":{"line":153,"column":null}},"37":{"start":{"line":150,"column":11},"end":{"line":150,"column":null}},"38":{"start":{"line":151,"column":11},"end":{"line":151,"column":25}},"39":{"start":{"line":159,"column":25},"end":{"line":161,"column":null}},"40":{"start":{"line":163,"column":6},"end":{"line":169,"column":null}},"41":{"start":{"line":176,"column":34},"end":{"line":181,"column":null}},"42":{"start":{"line":185,"column":74},"end":{"line":190,"column":null}},"43":{"start":{"line":192,"column":66},"end":{"line":197,"column":null}},"44":{"start":{"line":200,"column":68},"end":{"line":205,"column":null}},"45":{"start":{"line":212,"column":4},"end":{"line":212,"column":null}},"46":{"start":{"line":212,"column":34},"end":{"line":212,"column":null}},"47":{"start":{"line":215,"column":15},"end":{"line":215,"column":null}},"48":{"start":{"line":216,"column":17},"end":{"line":216,"column":null}},"49":{"start":{"line":217,"column":19},"end":{"line":217,"column":null}},"50":{"start":{"line":219,"column":4},"end":{"line":258,"column":null}},"51":{"start":{"line":221,"column":12},"end":{"line":221,"column":null}},"52":{"start":{"line":224,"column":12},"end":{"line":234,"column":null}},"53":{"start":{"line":237,"column":12},"end":{"line":245,"column":null}},"54":{"start":{"line":247,"column":12},"end":{"line":253,"column":null}},"55":{"start":{"line":256,"column":12},"end":{"line":256,"column":null}},"56":{"start":{"line":257,"column":12},"end":{"line":257,"column":null}}},"fnMap":{"0":{"name":"(anonymous_0)","decl":{"start":{"line":13,"column":2},"end":{"line":13,"column":null}},"loc":{"start":{"line":17,"column":4},"end":{"line":17,"column":null}},"line":17},"1":{"name":"(anonymous_1)","decl":{"start":{"line":26,"column":2},"end":{"line":26,"column":null}},"loc":{"start":{"line":31,"column":4},"end":{"line":33,"column":null}},"line":31},"2":{"name":"(anonymous_2)","decl":{"start":{"line":35,"column":2},"end":{"line":35,"column":13}},"loc":{"start":{"line":35,"column":91},"end":{"line":38,"column":null}},"line":35},"3":{"name":"(anonymous_3)","decl":{"start":{"line":42,"column":2},"end":{"line":42,"column":null}},"loc":{"start":{"line":54,"column":4},"end":{"line":56,"column":null}},"line":54},"4":{"name":"(anonymous_4)","decl":{"start":{"line":59,"column":6},"end":{"line":59,"column":32}},"loc":{"start":{"line":59,"column":32},"end":{"line":63,"column":null}},"line":59},"5":{"name":"(anonymous_5)","decl":{"start":{"line":65,"column":6},"end":{"line":65,"column":29}},"loc":{"start":{"line":65,"column":29},"end":{"line":67,"column":null}},"line":65},"6":{"name":"(anonymous_6)","decl":{"start":{"line":69,"column":2},"end":{"line":69,"column":null}},"loc":{"start":{"line":73,"column":21},"end":{"line":100,"column":null}},"line":73},"7":{"name":"(anonymous_7)","decl":{"start":{"line":104,"column":2},"end":{"line":104,"column":null}},"loc":{"start":{"line":113,"column":4},"end":{"line":115,"column":null}},"line":113},"8":{"name":"(anonymous_8)","decl":{"start":{"line":116,"column":2},"end":{"line":116,"column":null}},"loc":{"start":{"line":119,"column":21},"end":{"line":142,"column":null}},"line":119},"9":{"name":"(anonymous_9)","decl":{"start":{"line":146,"column":2},"end":{"line":146,"column":null}},"loc":{"start":{"line":152,"column":4},"end":{"line":154,"column":null}},"line":152},"10":{"name":"(anonymous_10)","decl":{"start":{"line":155,"column":2},"end":{"line":155,"column":null}},"loc":{"start":{"line":158,"column":17},"end":{"line":170,"column":null}},"line":158},"11":{"name":"reconstituteAccount","decl":{"start":{"line":211,"column":16},"end":{"line":211,"column":36}},"loc":{"start":{"line":211,"column":66},"end":{"line":259,"column":null}},"line":211}},"branchMap":{"0":{"loc":{"start":{"line":30,"column":11},"end":{"line":30,"column":null}},"type":"default-arg","locations":[{"start":{"line":30,"column":25},"end":{"line":30,"column":null}}],"line":30},"1":{"loc":{"start":{"line":35,"column":45},"end":{"line":35,"column":91}},"type":"default-arg","locations":[{"start":{"line":35,"column":74},"end":{"line":35,"column":91}}],"line":35},"2":{"loc":{"start":{"line":47,"column":11},"end":{"line":47,"column":null}},"type":"default-arg","locations":[{"start":{"line":47,"column":37},"end":{"line":47,"column":null}}],"line":47},"3":{"loc":{"start":{"line":49,"column":11},"end":{"line":49,"column":null}},"type":"default-arg","locations":[{"start":{"line":49,"column":33},"end":{"line":49,"column":null}}],"line":49},"4":{"loc":{"start":{"line":50,"column":11},"end":{"line":50,"column":null}},"type":"default-arg","locations":[{"start":{"line":50,"column":34},"end":{"line":50,"column":null}}],"line":50},"5":{"loc":{"start":{"line":51,"column":11},"end":{"line":51,"column":null}},"type":"default-arg","locations":[{"start":{"line":51,"column":30},"end":{"line":51,"column":null}}],"line":51},"6":{"loc":{"start":{"line":52,"column":11},"end":{"line":52,"column":null}},"type":"default-arg","locations":[{"start":{"line":52,"column":45},"end":{"line":52,"column":null}}],"line":52},"7":{"loc":{"start":{"line":53,"column":11},"end":{"line":53,"column":null}},"type":"default-arg","locations":[{"start":{"line":53,"column":35},"end":{"line":53,"column":null}}],"line":53},"8":{"loc":{"start":{"line":71,"column":4},"end":{"line":71,"column":null}},"type":"default-arg","locations":[{"start":{"line":71,"column":31},"end":{"line":71,"column":null}}],"line":71},"9":{"loc":{"start":{"line":72,"column":4},"end":{"line":72,"column":null}},"type":"default-arg","locations":[{"start":{"line":72,"column":35},"end":{"line":72,"column":null}}],"line":72},"10":{"loc":{"start":{"line":76,"column":71},"end":{"line":76,"column":148}},"type":"cond-expr","locations":[{"start":{"line":76,"column":109},"end":{"line":76,"column":143}},{"start":{"line":76,"column":143},"end":{"line":76,"column":148}}],"line":76},"11":{"loc":{"start":{"line":112,"column":11},"end":{"line":112,"column":null}},"type":"default-arg","locations":[{"start":{"line":112,"column":25},"end":{"line":112,"column":null}}],"line":112},"12":{"loc":{"start":{"line":121,"column":4},"end":{"line":125,"column":null}},"type":"if","locations":[{"start":{"line":121,"column":4},"end":{"line":125,"column":null}},{"start":{"line":123,"column":11},"end":{"line":125,"column":null}}],"line":121},"13":{"loc":{"start":{"line":127,"column":4},"end":{"line":131,"column":null}},"type":"if","locations":[{"start":{"line":127,"column":4},"end":{"line":131,"column":null}},{"start":{"line":129,"column":11},"end":{"line":131,"column":null}}],"line":127},"14":{"loc":{"start":{"line":151,"column":11},"end":{"line":151,"column":null}},"type":"default-arg","locations":[{"start":{"line":151,"column":25},"end":{"line":151,"column":null}}],"line":151},"15":{"loc":{"start":{"line":159,"column":25},"end":{"line":161,"column":null}},"type":"cond-expr","locations":[{"start":{"line":160,"column":12},"end":{"line":160,"column":null}},{"start":{"line":161,"column":12},"end":{"line":161,"column":null}}],"line":159},"16":{"loc":{"start":{"line":212,"column":4},"end":{"line":212,"column":null}},"type":"if","locations":[{"start":{"line":212,"column":4},"end":{"line":212,"column":null}},{"start":{},"end":{}}],"line":212},"17":{"loc":{"start":{"line":212,"column":8},"end":{"line":212,"column":34}},"type":"binary-expr","locations":[{"start":{"line":212,"column":8},"end":{"line":212,"column":17}},{"start":{"line":212,"column":17},"end":{"line":212,"column":34}}],"line":212},"18":{"loc":{"start":{"line":216,"column":17},"end":{"line":216,"column":null}},"type":"binary-expr","locations":[{"start":{"line":216,"column":17},"end":{"line":216,"column":30}},{"start":{"line":216,"column":30},"end":{"line":216,"column":null}}],"line":216},"19":{"loc":{"start":{"line":217,"column":19},"end":{"line":217,"column":null}},"type":"binary-expr","locations":[{"start":{"line":217,"column":19},"end":{"line":217,"column":42}},{"start":{"line":217,"column":42},"end":{"line":217,"column":null}}],"line":217},"20":{"loc":{"start":{"line":219,"column":4},"end":{"line":258,"column":null}},"type":"switch","locations":[{"start":{"line":220,"column":8},"end":{"line":221,"column":null}},{"start":{"line":223,"column":8},"end":{"line":234,"column":null}},{"start":{"line":236,"column":8},"end":{"line":245,"column":null}},{"start":{"line":246,"column":8},"end":{"line":253,"column":null}},{"start":{"line":255,"column":8},"end":{"line":257,"column":null}}],"line":219},"21":{"loc":{"start":{"line":221,"column":54},"end":{"line":221,"column":67}},"type":"binary-expr","locations":[{"start":{"line":221,"column":54},"end":{"line":221,"column":66}},{"start":{"line":221,"column":66},"end":{"line":221,"column":67}}],"line":221},"22":{"loc":{"start":{"line":228,"column":16},"end":{"line":228,"column":null}},"type":"binary-expr","locations":[{"start":{"line":228,"column":16},"end":{"line":228,"column":40}},{"start":{"line":228,"column":40},"end":{"line":228,"column":null}}],"line":228},"23":{"loc":{"start":{"line":229,"column":16},"end":{"line":229,"column":null}},"type":"binary-expr","locations":[{"start":{"line":229,"column":16},"end":{"line":229,"column":36}},{"start":{"line":229,"column":36},"end":{"line":229,"column":null}}],"line":229},"24":{"loc":{"start":{"line":230,"column":16},"end":{"line":230,"column":null}},"type":"binary-expr","locations":[{"start":{"line":230,"column":16},"end":{"line":230,"column":37}},{"start":{"line":230,"column":37},"end":{"line":230,"column":null}}],"line":230},"25":{"loc":{"start":{"line":231,"column":16},"end":{"line":231,"column":null}},"type":"binary-expr","locations":[{"start":{"line":231,"column":16},"end":{"line":231,"column":32}},{"start":{"line":231,"column":32},"end":{"line":231,"column":null}}],"line":231},"26":{"loc":{"start":{"line":232,"column":16},"end":{"line":232,"column":null}},"type":"binary-expr","locations":[{"start":{"line":232,"column":16},"end":{"line":232,"column":47}},{"start":{"line":232,"column":47},"end":{"line":232,"column":null}}],"line":232},"27":{"loc":{"start":{"line":233,"column":16},"end":{"line":233,"column":null}},"type":"binary-expr","locations":[{"start":{"line":233,"column":16},"end":{"line":233,"column":38}},{"start":{"line":233,"column":38},"end":{"line":233,"column":null}}],"line":233},"28":{"loc":{"start":{"line":241,"column":16},"end":{"line":241,"column":null}},"type":"binary-expr","locations":[{"start":{"line":241,"column":16},"end":{"line":241,"column":38}},{"start":{"line":241,"column":38},"end":{"line":241,"column":null}}],"line":241},"29":{"loc":{"start":{"line":242,"column":16},"end":{"line":242,"column":null}},"type":"binary-expr","locations":[{"start":{"line":242,"column":16},"end":{"line":242,"column":35}},{"start":{"line":242,"column":35},"end":{"line":242,"column":null}}],"line":242},"30":{"loc":{"start":{"line":243,"column":16},"end":{"line":243,"column":null}},"type":"binary-expr","locations":[{"start":{"line":243,"column":16},"end":{"line":243,"column":44}},{"start":{"line":243,"column":44},"end":{"line":243,"column":null}}],"line":243},"31":{"loc":{"start":{"line":251,"column":16},"end":{"line":251,"column":null}},"type":"binary-expr","locations":[{"start":{"line":251,"column":16},"end":{"line":251,"column":40}},{"start":{"line":251,"column":40},"end":{"line":251,"column":null}}],"line":251},"32":{"loc":{"start":{"line":252,"column":16},"end":{"line":252,"column":null}},"type":"binary-expr","locations":[{"start":{"line":252,"column":16},"end":{"line":252,"column":28}},{"start":{"line":252,"column":28},"end":{"line":252,"column":null}}],"line":252}},"s":{"0":110,"1":110,"2":110,"3":5,"4":42,"5":42,"6":30,"7":30,"8":53,"9":53,"10":53,"11":53,"12":53,"13":53,"14":53,"15":4,"16":4,"17":0,"18":31,"19":31,"20":31,"21":31,"22":31,"23":6,"24":6,"25":6,"26":6,"27":6,"28":6,"29":2,"30":1,"31":1,"32":2,"33":1,"34":1,"35":2,"36":9,"37":9,"38":9,"39":2,"40":2,"41":5,"42":5,"43":5,"44":5,"45":6,"46":1,"47":5,"48":5,"49":6,"50":6,"51":1,"52":1,"53":1,"54":1,"55":1,"56":1},"f":{"0":110,"1":42,"2":30,"3":53,"4":4,"5":0,"6":31,"7":6,"8":2,"9":9,"10":2,"11":6},"b":{"0":[42],"1":[30],"2":[53],"3":[53],"4":[53],"5":[53],"6":[53],"7":[53],"8":[31],"9":[31],"10":[11,20],"11":[6],"12":[1,1],"13":[1,1],"14":[9],"15":[1,1],"16":[1,5],"17":[6,5],"18":[5,1],"19":[6,0],"20":[1,1,1,1,1],"21":[1,0],"22":[1,1],"23":[1,1],"24":[1,1],"25":[1,1],"26":[1,1],"27":[1,1],"28":[1,1],"29":[1,1],"30":[1,1],"31":[1,1],"32":[1,1]},"meta":{"lastBranch":33,"lastFunction":12,"lastStatement":57,"seen":{"f:13:2:13:Infinity":0,"s:14:11:14:Infinity":0,"s:15:11:15:Infinity":1,"s:16:11:16:Infinity":2,"s:22:27:22:Infinity":3,"f:26:2:26:Infinity":1,"b:30:25:30:Infinity":0,"s:32:4:32:Infinity":4,"s:30:11:30:25":5,"f:35:2:35:13":2,"b:35:74:35:91":1,"s:36:20:36:Infinity":6,"s:37:4:37:Infinity":7,"f:42:2:42:Infinity":3,"b:47:37:47:Infinity":2,"b:49:33:49:Infinity":3,"b:50:34:50:Infinity":4,"b:51:30:51:Infinity":5,"b:52:45:52:Infinity":6,"b:53:35:53:Infinity":7,"s:55:4:55:Infinity":8,"s:47:11:47:37":9,"s:49:11:49:33":10,"s:50:11:50:34":11,"s:51:11:51:30":12,"s:52:11:52:45":13,"s:53:11:53:35":14,"f:59:6:59:32":4,"s:61:22:61:Infinity":15,"s:62:4:62:Infinity":16,"f:65:6:65:29":5,"s:66:4:66:Infinity":17,"f:69:2:69:Infinity":6,"b:71:31:71:Infinity":8,"b:72:35:72:Infinity":9,"s:76:23:76:Infinity":18,"b:76:109:76:143:76:143:76:148":10,"s:79:28:79:Infinity":19,"s:83:32:83:Infinity":20,"s:87:22:87:Infinity":21,"s:89:4:99:Infinity":22,"f:104:2:104:Infinity":7,"b:112:25:112:Infinity":11,"s:114:4:114:Infinity":23,"s:108:11:108:Infinity":24,"s:109:11:109:Infinity":25,"s:110:11:110:Infinity":26,"s:111:11:111:Infinity":27,"s:112:11:112:25":28,"f:116:2:116:Infinity":8,"b:121:4:125:Infinity:123:11:125:Infinity":12,"s:121:4:125:Infinity":29,"s:122:8:122:Infinity":30,"s:124:8:124:Infinity":31,"b:127:4:131:Infinity:129:11:131:Infinity":13,"s:127:4:131:Infinity":32,"s:128:8:128:Infinity":33,"s:130:8:130:Infinity":34,"s:133:4:141:Infinity":35,"f:146:2:146:Infinity":9,"b:151:25:151:Infinity":14,"s:153:4:153:Infinity":36,"s:150:11:150:Infinity":37,"s:151:11:151:25":38,"f:155:2:155:Infinity":10,"s:159:25:161:Infinity":39,"b:160:12:160:Infinity:161:12:161:Infinity":15,"s:163:6:169:Infinity":40,"s:176:34:181:Infinity":41,"s:185:74:190:Infinity":42,"s:192:66:197:Infinity":43,"s:200:68:205:Infinity":44,"f:211:16:211:36":11,"b:212:4:212:Infinity:undefined:undefined:undefined:undefined":16,"s:212:4:212:Infinity":45,"b:212:8:212:17:212:17:212:34":17,"s:212:34:212:Infinity":46,"s:215:15:215:Infinity":47,"s:216:17:216:Infinity":48,"b:216:17:216:30:216:30:216:Infinity":18,"s:217:19:217:Infinity":49,"b:217:19:217:42:217:42:217:Infinity":19,"b:220:8:221:Infinity:223:8:234:Infinity:236:8:245:Infinity:246:8:253:Infinity:255:8:257:Infinity":20,"s:219:4:258:Infinity":50,"s:221:12:221:Infinity":51,"b:221:54:221:66:221:66:221:67":21,"s:224:12:234:Infinity":52,"b:228:16:228:40:228:40:228:Infinity":22,"b:229:16:229:36:229:36:229:Infinity":23,"b:230:16:230:37:230:37:230:Infinity":24,"b:231:16:231:32:231:32:231:Infinity":25,"b:232:16:232:47:232:47:232:Infinity":26,"b:233:16:233:38:233:38:233:Infinity":27,"s:237:12:245:Infinity":53,"b:241:16:241:38:241:38:241:Infinity":28,"b:242:16:242:35:242:35:242:Infinity":29,"b:243:16:243:44:243:44:243:Infinity":30,"s:247:12:253:Infinity":54,"b:251:16:251:40:251:40:251:Infinity":31,"b:252:16:252:28:252:28:252:Infinity":32,"s:256:12:256:Infinity":55,"s:257:12:257:Infinity":56}}}
,"C:\\Users\\steel\\VSProjects\\Stag\\src\\components\\Objects\\Assumptions\\AssumptionsContext.tsx": {"path":"C:\\Users\\steel\\VSProjects\\Stag\\src\\components\\Objects\\Assumptions\\AssumptionsContext.tsx","statementMap":{"0":{"start":{"line":54,"column":52},"end":{"line":82,"column":null}},"1":{"start":{"line":102,"column":27},"end":{"line":151,"column":null}},"2":{"start":{"line":103,"column":2},"end":{"line":150,"column":null}},"3":{"start":{"line":105,"column":6},"end":{"line":105,"column":null}},"4":{"start":{"line":107,"column":6},"end":{"line":107,"column":null}},"5":{"start":{"line":109,"column":6},"end":{"line":109,"column":null}},"6":{"start":{"line":111,"column":6},"end":{"line":111,"column":null}},"7":{"start":{"line":113,"column":6},"end":{"line":119,"column":null}},"8":{"start":{"line":121,"column":6},"end":{"line":121,"column":null}},"9":{"start":{"line":123,"column":6},"end":{"line":123,"column":null}},"10":{"start":{"line":125,"column":6},"end":{"line":125,"column":null}},"11":{"start":{"line":127,"column":8},"end":{"line":127,"column":null}},"12":{"start":{"line":129,"column":8},"end":{"line":129,"column":null}},"13":{"start":{"line":131,"column":8},"end":{"line":131,"column":null}},"14":{"start":{"line":131,"column":68},"end":{"line":131,"column":91}},"15":{"start":{"line":133,"column":8},"end":{"line":136,"column":null}},"16":{"start":{"line":135,"column":50},"end":{"line":135,"column":97}},"17":{"start":{"line":138,"column":8},"end":{"line":138,"column":null}},"18":{"start":{"line":140,"column":8},"end":{"line":140,"column":null}},"19":{"start":{"line":142,"column":8},"end":{"line":142,"column":null}},"20":{"start":{"line":142,"column":84},"end":{"line":142,"column":107}},"21":{"start":{"line":144,"column":8},"end":{"line":147,"column":null}},"22":{"start":{"line":146,"column":66},"end":{"line":146,"column":113}},"23":{"start":{"line":149,"column":6},"end":{"line":149,"column":null}},"24":{"start":{"line":158,"column":13},"end":{"line":161,"column":null}},"25":{"start":{"line":160,"column":18},"end":{"line":160,"column":null}},"26":{"start":{"line":163,"column":35},"end":{"line":183,"column":null}},"27":{"start":{"line":164,"column":24},"end":{"line":176,"column":null}},"28":{"start":{"line":165,"column":18},"end":{"line":165,"column":null}},"29":{"start":{"line":166,"column":4},"end":{"line":174,"column":null}},"30":{"start":{"line":167,"column":6},"end":{"line":173,"column":null}},"31":{"start":{"line":168,"column":23},"end":{"line":168,"column":null}},"32":{"start":{"line":170,"column":8},"end":{"line":170,"column":null}},"33":{"start":{"line":172,"column":8},"end":{"line":172,"column":null}},"34":{"start":{"line":175,"column":4},"end":{"line":175,"column":null}},"35":{"start":{"line":178,"column":2},"end":{"line":180,"column":null}},"36":{"start":{"line":179,"column":4},"end":{"line":179,"column":null}},"37":{"start":{"line":182,"column":2},"end":{"line":182,"column":null}}},"fnMap":{"0":{"name":"(anonymous_0)","decl":{"start":{"line":102,"column":27},"end":{"line":102,"column":28}},"loc":{"start":{"line":102,"column":90},"end":{"line":151,"column":null}},"line":102},"1":{"name":"(anonymous_1)","decl":{"start":{"line":131,"column":63},"end":{"line":131,"column":68}},"loc":{"start":{"line":131,"column":68},"end":{"line":131,"column":91}},"line":131},"2":{"name":"(anonymous_2)","decl":{"start":{"line":135,"column":45},"end":{"line":135,"column":50}},"loc":{"start":{"line":135,"column":50},"end":{"line":135,"column":97}},"line":135},"3":{"name":"(anonymous_3)","decl":{"start":{"line":142,"column":79},"end":{"line":142,"column":84}},"loc":{"start":{"line":142,"column":84},"end":{"line":142,"column":107}},"line":142},"4":{"name":"(anonymous_4)","decl":{"start":{"line":146,"column":61},"end":{"line":146,"column":66}},"loc":{"start":{"line":146,"column":66},"end":{"line":146,"column":113}},"line":146},"5":{"name":"(anonymous_5)","decl":{"start":{"line":160,"column":12},"end":{"line":160,"column":18}},"loc":{"start":{"line":160,"column":18},"end":{"line":160,"column":null}},"line":160},"6":{"name":"(anonymous_6)","decl":{"start":{"line":163,"column":35},"end":{"line":163,"column":36}},"loc":{"start":{"line":163,"column":78},"end":{"line":183,"column":null}},"line":163},"7":{"name":"(anonymous_7)","decl":{"start":{"line":164,"column":79},"end":{"line":164,"column":80}},"loc":{"start":{"line":164,"column":92},"end":{"line":176,"column":3}},"line":164},"8":{"name":"(anonymous_8)","decl":{"start":{"line":178,"column":12},"end":{"line":178,"column":18}},"loc":{"start":{"line":178,"column":18},"end":{"line":180,"column":5}},"line":178}},"branchMap":{"0":{"loc":{"start":{"line":103,"column":2},"end":{"line":150,"column":null}},"type":"switch","locations":[{"start":{"line":104,"column":4},"end":{"line":105,"column":null}},{"start":{"line":106,"column":4},"end":{"line":107,"column":null}},{"start":{"line":108,"column":4},"end":{"line":109,"column":null}},{"start":{"line":110,"column":4},"end":{"line":111,"column":null}},{"start":{"line":112,"column":4},"end":{"line":119,"column":null}},{"start":{"line":120,"column":4},"end":{"line":121,"column":null}},{"start":{"line":122,"column":4},"end":{"line":123,"column":null}},{"start":{"line":124,"column":4},"end":{"line":125,"column":null}},{"start":{"line":126,"column":4},"end":{"line":127,"column":null}},{"start":{"line":128,"column":4},"end":{"line":129,"column":null}},{"start":{"line":130,"column":4},"end":{"line":131,"column":null}},{"start":{"line":132,"column":4},"end":{"line":136,"column":null}},{"start":{"line":137,"column":4},"end":{"line":138,"column":null}},{"start":{"line":139,"column":4},"end":{"line":140,"column":null}},{"start":{"line":141,"column":4},"end":{"line":142,"column":null}},{"start":{"line":143,"column":4},"end":{"line":147,"column":null}},{"start":{"line":148,"column":4},"end":{"line":149,"column":null}}],"line":103},"1":{"loc":{"start":{"line":135,"column":50},"end":{"line":135,"column":97}},"type":"cond-expr","locations":[{"start":{"line":135,"column":79},"end":{"line":135,"column":96}},{"start":{"line":135,"column":96},"end":{"line":135,"column":97}}],"line":135},"2":{"loc":{"start":{"line":146,"column":66},"end":{"line":146,"column":113}},"type":"cond-expr","locations":[{"start":{"line":146,"column":95},"end":{"line":146,"column":112}},{"start":{"line":146,"column":112},"end":{"line":146,"column":113}}],"line":146},"3":{"loc":{"start":{"line":166,"column":4},"end":{"line":174,"column":null}},"type":"if","locations":[{"start":{"line":166,"column":4},"end":{"line":174,"column":null}},{"start":{},"end":{}}],"line":166}},"s":{"0":8,"1":8,"2":14,"3":3,"4":0,"5":0,"6":0,"7":0,"8":0,"9":1,"10":0,"11":0,"12":3,"13":1,"14":1,"15":1,"16":1,"17":0,"18":3,"19":1,"20":1,"21":1,"22":1,"23":0,"24":8,"25":0,"26":8,"27":26,"28":12,"29":12,"30":2,"31":2,"32":2,"33":1,"34":11,"35":26,"36":26,"37":26},"f":{"0":14,"1":1,"2":1,"3":1,"4":1,"5":0,"6":26,"7":12,"8":26},"b":{"0":[3,0,0,0,0,0,1,0,0,3,1,1,0,3,1,1,0],"1":[1,0],"2":[1,0],"3":[2,10]},"meta":{"lastBranch":4,"lastFunction":9,"lastStatement":38,"seen":{"s:54:52:82:Infinity":0,"s:102:27:151:Infinity":1,"f:102:27:102:28":0,"b:104:4:105:Infinity:106:4:107:Infinity:108:4:109:Infinity:110:4:111:Infinity:112:4:119:Infinity:120:4:121:Infinity:122:4:123:Infinity:124:4:125:Infinity:126:4:127:Infinity:128:4:129:Infinity:130:4:131:Infinity:132:4:136:Infinity:137:4:138:Infinity:139:4:140:Infinity:141:4:142:Infinity:143:4:147:Infinity:148:4:149:Infinity":0,"s:103:2:150:Infinity":2,"s:105:6:105:Infinity":3,"s:107:6:107:Infinity":4,"s:109:6:109:Infinity":5,"s:111:6:111:Infinity":6,"s:113:6:119:Infinity":7,"s:121:6:121:Infinity":8,"s:123:6:123:Infinity":9,"s:125:6:125:Infinity":10,"s:127:8:127:Infinity":11,"s:129:8:129:Infinity":12,"s:131:8:131:Infinity":13,"f:131:63:131:68":1,"s:131:68:131:91":14,"s:133:8:136:Infinity":15,"f:135:45:135:50":2,"s:135:50:135:97":16,"b:135:79:135:96:135:96:135:97":1,"s:138:8:138:Infinity":17,"s:140:8:140:Infinity":18,"s:142:8:142:Infinity":19,"f:142:79:142:84":3,"s:142:84:142:107":20,"s:144:8:147:Infinity":21,"f:146:61:146:66":4,"s:146:66:146:113":22,"b:146:95:146:112:146:112:146:113":2,"s:149:6:149:Infinity":23,"s:158:13:161:Infinity":24,"f:160:12:160:18":5,"s:160:18:160:Infinity":25,"s:163:35:183:Infinity":26,"f:163:35:163:36":6,"s:164:24:176:Infinity":27,"f:164:79:164:80":7,"s:165:18:165:Infinity":28,"b:166:4:174:Infinity:undefined:undefined:undefined:undefined":3,"s:166:4:174:Infinity":29,"s:167:6:173:Infinity":30,"s:168:23:168:Infinity":31,"s:170:8:170:Infinity":32,"s:172:8:172:Infinity":33,"s:175:4:175:Infinity":34,"s:178:2:180:Infinity":35,"f:178:12:178:18":8,"s:179:4:179:Infinity":36,"s:182:2:182:Infinity":37}}}
,"C:\\Users\\steel\\VSProjects\\Stag\\src\\components\\Objects\\Assumptions\\SimulationEngine.tsx": {"path":"C:\\Users\\steel\\VSProjects\\Stag\\src\\components\\Objects\\Assumptions\\SimulationEngine.tsx","statementMap":{"0":{"start":{"line":48,"column":27},"end":{"line":48,"column":null}},"1":{"start":{"line":51,"column":24},"end":{"line":51,"column":null}},"2":{"start":{"line":51,"column":43},"end":{"line":51,"column":69}},"3":{"start":{"line":52,"column":25},"end":{"line":52,"column":null}},"4":{"start":{"line":52,"column":45},"end":{"line":52,"column":71}},"5":{"start":{"line":55,"column":27},"end":{"line":55,"column":null}},"6":{"start":{"line":56,"column":29},"end":{"line":56,"column":null}},"7":{"start":{"line":57,"column":30},"end":{"line":57,"column":null}},"8":{"start":{"line":60,"column":31},"end":{"line":65,"column":null}},"9":{"start":{"line":61,"column":8},"end":{"line":63,"column":null}},"10":{"start":{"line":62,"column":12},"end":{"line":62,"column":null}},"11":{"start":{"line":64,"column":8},"end":{"line":64,"column":null}},"12":{"start":{"line":68,"column":17},"end":{"line":68,"column":null}},"13":{"start":{"line":69,"column":19},"end":{"line":69,"column":null}},"14":{"start":{"line":70,"column":20},"end":{"line":70,"column":null}},"15":{"start":{"line":71,"column":19},"end":{"line":71,"column":null}},"16":{"start":{"line":74,"column":32},"end":{"line":82,"column":null}},"17":{"start":{"line":75,"column":8},"end":{"line":77,"column":null}},"18":{"start":{"line":76,"column":12},"end":{"line":76,"column":null}},"19":{"start":{"line":78,"column":8},"end":{"line":80,"column":null}},"20":{"start":{"line":79,"column":12},"end":{"line":79,"column":null}},"21":{"start":{"line":81,"column":8},"end":{"line":81,"column":null}},"22":{"start":{"line":86,"column":28},"end":{"line":86,"column":null}},"23":{"start":{"line":93,"column":48},"end":{"line":93,"column":null}},"24":{"start":{"line":94,"column":52},"end":{"line":94,"column":null}},"25":{"start":{"line":95,"column":26},"end":{"line":95,"column":null}},"26":{"start":{"line":97,"column":4},"end":{"line":190,"column":null}},"27":{"start":{"line":98,"column":22},"end":{"line":98,"column":null}},"28":{"start":{"line":101,"column":25},"end":{"line":101,"column":null}},"29":{"start":{"line":103,"column":8},"end":{"line":185,"column":null}},"30":{"start":{"line":104,"column":12},"end":{"line":104,"column":null}},"31":{"start":{"line":104,"column":33},"end":{"line":104,"column":null}},"32":{"start":{"line":106,"column":28},"end":{"line":106,"column":null}},"33":{"start":{"line":106,"column":49},"end":{"line":106,"column":76}},"34":{"start":{"line":107,"column":12},"end":{"line":107,"column":null}},"35":{"start":{"line":107,"column":26},"end":{"line":107,"column":null}},"36":{"start":{"line":109,"column":37},"end":{"line":109,"column":null}},"37":{"start":{"line":110,"column":12},"end":{"line":110,"column":null}},"38":{"start":{"line":110,"column":39},"end":{"line":110,"column":null}},"39":{"start":{"line":112,"column":33},"end":{"line":112,"column":null}},"40":{"start":{"line":113,"column":25},"end":{"line":113,"column":null}},"41":{"start":{"line":116,"column":31},"end":{"line":117,"column":null}},"42":{"start":{"line":119,"column":12},"end":{"line":180,"column":null}},"43":{"start":{"line":120,"column":16},"end":{"line":120,"column":null}},"44":{"start":{"line":121,"column":16},"end":{"line":121,"column":null}},"45":{"start":{"line":122,"column":12},"end":{"line":180,"column":null}},"46":{"start":{"line":128,"column":34},"end":{"line":128,"column":null}},"47":{"start":{"line":129,"column":36},"end":{"line":129,"column":null}},"48":{"start":{"line":131,"column":41},"end":{"line":131,"column":null}},"49":{"start":{"line":132,"column":43},"end":{"line":132,"column":null}},"50":{"start":{"line":134,"column":34},"end":{"line":134,"column":null}},"51":{"start":{"line":135,"column":36},"end":{"line":135,"column":null}},"52":{"start":{"line":137,"column":44},"end":{"line":137,"column":null}},"53":{"start":{"line":138,"column":46},"end":{"line":138,"column":null}},"54":{"start":{"line":141,"column":31},"end":{"line":150,"column":null}},"55":{"start":{"line":153,"column":16},"end":{"line":175,"column":null}},"56":{"start":{"line":154,"column":21},"end":{"line":154,"column":null}},"57":{"start":{"line":157,"column":40},"end":{"line":157,"column":null}},"58":{"start":{"line":158,"column":42},"end":{"line":158,"column":null}},"59":{"start":{"line":161,"column":37},"end":{"line":161,"column":null}},"60":{"start":{"line":162,"column":36},"end":{"line":162,"column":null}},"61":{"start":{"line":165,"column":39},"end":{"line":165,"column":null}},"62":{"start":{"line":166,"column":38},"end":{"line":166,"column":null}},"63":{"start":{"line":168,"column":21},"end":{"line":168,"column":null}},"64":{"start":{"line":170,"column":21},"end":{"line":170,"column":null}},"65":{"start":{"line":172,"column":20},"end":{"line":172,"column":null}},"66":{"start":{"line":173,"column":20},"end":{"line":173,"column":null}},"67":{"start":{"line":174,"column":20},"end":{"line":174,"column":null}},"68":{"start":{"line":178,"column":16},"end":{"line":178,"column":null}},"69":{"start":{"line":179,"column":16},"end":{"line":179,"column":null}},"70":{"start":{"line":184,"column":12},"end":{"line":184,"column":null}},"71":{"start":{"line":188,"column":8},"end":{"line":188,"column":null}},"72":{"start":{"line":189,"column":8},"end":{"line":189,"column":null}},"73":{"start":{"line":197,"column":49},"end":{"line":197,"column":null}},"74":{"start":{"line":198,"column":29},"end":{"line":198,"column":null}},"75":{"start":{"line":199,"column":33},"end":{"line":199,"column":null}},"76":{"start":{"line":202,"column":4},"end":{"line":216,"column":null}},"77":{"start":{"line":203,"column":8},"end":{"line":215,"column":null}},"78":{"start":{"line":204,"column":32},"end":{"line":204,"column":null}},"79":{"start":{"line":205,"column":33},"end":{"line":205,"column":null}},"80":{"start":{"line":207,"column":37},"end":{"line":207,"column":null}},"81":{"start":{"line":208,"column":34},"end":{"line":208,"column":null}},"82":{"start":{"line":210,"column":12},"end":{"line":210,"column":null}},"83":{"start":{"line":213,"column":12},"end":{"line":213,"column":null}},"84":{"start":{"line":214,"column":12},"end":{"line":214,"column":null}},"85":{"start":{"line":219,"column":4},"end":{"line":261,"column":null}},"86":{"start":{"line":221,"column":8},"end":{"line":221,"column":null}},"87":{"start":{"line":221,"column":59},"end":{"line":221,"column":null}},"88":{"start":{"line":223,"column":33},"end":{"line":223,"column":null}},"89":{"start":{"line":225,"column":8},"end":{"line":252,"column":null}},"90":{"start":{"line":226,"column":12},"end":{"line":226,"column":null}},"91":{"start":{"line":227,"column":8},"end":{"line":252,"column":null}},"92":{"start":{"line":229,"column":12},"end":{"line":229,"column":null}},"93":{"start":{"line":230,"column":8},"end":{"line":252,"column":null}},"94":{"start":{"line":232,"column":12},"end":{"line":232,"column":null}},"95":{"start":{"line":233,"column":8},"end":{"line":252,"column":null}},"96":{"start":{"line":235,"column":36},"end":{"line":235,"column":null}},"97":{"start":{"line":236,"column":27},"end":{"line":236,"column":null}},"98":{"start":{"line":238,"column":34},"end":{"line":238,"column":null}},"99":{"start":{"line":238,"column":55},"end":{"line":238,"column":84}},"100":{"start":{"line":239,"column":35},"end":{"line":239,"column":null}},"101":{"start":{"line":241,"column":29},"end":{"line":241,"column":null}},"102":{"start":{"line":242,"column":12},"end":{"line":246,"column":null}},"103":{"start":{"line":243,"column":16},"end":{"line":243,"column":null}},"104":{"start":{"line":244,"column":12},"end":{"line":246,"column":null}},"105":{"start":{"line":245,"column":16},"end":{"line":245,"column":null}},"106":{"start":{"line":248,"column":35},"end":{"line":248,"column":null}},"107":{"start":{"line":249,"column":27},"end":{"line":249,"column":null}},"108":{"start":{"line":251,"column":12},"end":{"line":251,"column":null}},"109":{"start":{"line":254,"column":8},"end":{"line":260,"column":null}},"110":{"start":{"line":255,"column":12},"end":{"line":255,"column":null}},"111":{"start":{"line":257,"column":12},"end":{"line":257,"column":null}},"112":{"start":{"line":258,"column":12},"end":{"line":258,"column":null}},"113":{"start":{"line":259,"column":12},"end":{"line":259,"column":null}},"114":{"start":{"line":264,"column":23},"end":{"line":264,"column":null}},"115":{"start":{"line":265,"column":4},"end":{"line":271,"column":null}},"116":{"start":{"line":266,"column":8},"end":{"line":270,"column":null}},"117":{"start":{"line":267,"column":12},"end":{"line":267,"column":null}},"118":{"start":{"line":268,"column":8},"end":{"line":270,"column":null}},"119":{"start":{"line":269,"column":12},"end":{"line":269,"column":null}},"120":{"start":{"line":274,"column":25},"end":{"line":307,"column":null}},"121":{"start":{"line":275,"column":23},"end":{"line":275,"column":null}},"122":{"start":{"line":276,"column":27},"end":{"line":276,"column":null}},"123":{"start":{"line":277,"column":24},"end":{"line":277,"column":null}},"124":{"start":{"line":279,"column":28},"end":{"line":279,"column":null}},"125":{"start":{"line":281,"column":8},"end":{"line":287,"column":null}},"126":{"start":{"line":282,"column":35},"end":{"line":282,"column":null}},"127":{"start":{"line":283,"column":12},"end":{"line":285,"column":null}},"128":{"start":{"line":284,"column":16},"end":{"line":284,"column":null}},"129":{"start":{"line":286,"column":12},"end":{"line":286,"column":null}},"130":{"start":{"line":289,"column":8},"end":{"line":294,"column":null}},"131":{"start":{"line":290,"column":31},"end":{"line":290,"column":null}},"132":{"start":{"line":292,"column":12},"end":{"line":292,"column":null}},"133":{"start":{"line":292,"column":29},"end":{"line":292,"column":null}},"134":{"start":{"line":293,"column":12},"end":{"line":293,"column":null}},"135":{"start":{"line":296,"column":8},"end":{"line":299,"column":null}},"136":{"start":{"line":298,"column":12},"end":{"line":298,"column":null}},"137":{"start":{"line":301,"column":8},"end":{"line":303,"column":null}},"138":{"start":{"line":302,"column":12},"end":{"line":302,"column":null}},"139":{"start":{"line":306,"column":8},"end":{"line":306,"column":null}},"140":{"start":{"line":310,"column":26},"end":{"line":310,"column":null}},"141":{"start":{"line":312,"column":4},"end":{"line":336,"column":null}}},"fnMap":{"0":{"name":"simulateOneYear","decl":{"start":{"line":40,"column":16},"end":{"line":40,"column":null}},"loc":{"start":{"line":47,"column":18},"end":{"line":337,"column":null}},"line":47},"1":{"name":"(anonymous_1)","decl":{"start":{"line":51,"column":36},"end":{"line":51,"column":43}},"loc":{"start":{"line":51,"column":43},"end":{"line":51,"column":69}},"line":51},"2":{"name":"(anonymous_2)","decl":{"start":{"line":52,"column":38},"end":{"line":52,"column":45}},"loc":{"start":{"line":52,"column":45},"end":{"line":52,"column":71}},"line":52},"3":{"name":"(anonymous_3)","decl":{"start":{"line":60,"column":50},"end":{"line":60,"column":51}},"loc":{"start":{"line":60,"column":64},"end":{"line":65,"column":7}},"line":60},"4":{"name":"(anonymous_4)","decl":{"start":{"line":74,"column":52},"end":{"line":74,"column":53}},"loc":{"start":{"line":74,"column":66},"end":{"line":82,"column":7}},"line":74},"5":{"name":"(anonymous_5)","decl":{"start":{"line":106,"column":42},"end":{"line":106,"column":49}},"loc":{"start":{"line":106,"column":49},"end":{"line":106,"column":76}},"line":106},"6":{"name":"(anonymous_6)","decl":{"start":{"line":202,"column":24},"end":{"line":202,"column":31}},"loc":{"start":{"line":202,"column":31},"end":{"line":216,"column":5}},"line":202},"7":{"name":"(anonymous_7)","decl":{"start":{"line":219,"column":35},"end":{"line":219,"column":36}},"loc":{"start":{"line":219,"column":49},"end":{"line":261,"column":5}},"line":219},"8":{"name":"(anonymous_8)","decl":{"start":{"line":238,"column":48},"end":{"line":238,"column":55}},"loc":{"start":{"line":238,"column":55},"end":{"line":238,"column":84}},"line":238},"9":{"name":"(anonymous_9)","decl":{"start":{"line":265,"column":25},"end":{"line":265,"column":32}},"loc":{"start":{"line":265,"column":32},"end":{"line":271,"column":5}},"line":265},"10":{"name":"(anonymous_10)","decl":{"start":{"line":274,"column":38},"end":{"line":274,"column":45}},"loc":{"start":{"line":274,"column":45},"end":{"line":307,"column":5}},"line":274}},"branchMap":{"0":{"loc":{"start":{"line":61,"column":8},"end":{"line":63,"column":null}},"type":"if","locations":[{"start":{"line":61,"column":8},"end":{"line":63,"column":null}},{"start":{},"end":{}}],"line":61},"1":{"loc":{"start":{"line":75,"column":8},"end":{"line":77,"column":null}},"type":"if","locations":[{"start":{"line":75,"column":8},"end":{"line":77,"column":null}},{"start":{},"end":{}}],"line":75},"2":{"loc":{"start":{"line":78,"column":8},"end":{"line":80,"column":null}},"type":"if","locations":[{"start":{"line":78,"column":8},"end":{"line":80,"column":null}},{"start":{},"end":{}}],"line":78},"3":{"loc":{"start":{"line":97,"column":4},"end":{"line":190,"column":null}},"type":"if","locations":[{"start":{"line":97,"column":4},"end":{"line":190,"column":null}},{"start":{},"end":{}}],"line":97},"4":{"loc":{"start":{"line":101,"column":25},"end":{"line":101,"column":null}},"type":"binary-expr","locations":[{"start":{"line":101,"column":25},"end":{"line":101,"column":59}},{"start":{"line":101,"column":59},"end":{"line":101,"column":null}}],"line":101},"5":{"loc":{"start":{"line":104,"column":12},"end":{"line":104,"column":null}},"type":"if","locations":[{"start":{"line":104,"column":12},"end":{"line":104,"column":null}},{"start":{},"end":{}}],"line":104},"6":{"loc":{"start":{"line":107,"column":12},"end":{"line":107,"column":null}},"type":"if","locations":[{"start":{"line":107,"column":12},"end":{"line":107,"column":null}},{"start":{},"end":{}}],"line":107},"7":{"loc":{"start":{"line":110,"column":12},"end":{"line":110,"column":null}},"type":"if","locations":[{"start":{"line":110,"column":12},"end":{"line":110,"column":null}},{"start":{},"end":{}}],"line":110},"8":{"loc":{"start":{"line":116,"column":31},"end":{"line":117,"column":null}},"type":"binary-expr","locations":[{"start":{"line":116,"column":31},"end":{"line":116,"column":null}},{"start":{"line":117,"column":31},"end":{"line":117,"column":70}},{"start":{"line":117,"column":70},"end":{"line":117,"column":105}},{"start":{"line":117,"column":105},"end":{"line":117,"column":139}},{"start":{"line":117,"column":139},"end":{"line":117,"column":null}}],"line":116},"9":{"loc":{"start":{"line":119,"column":12},"end":{"line":180,"column":null}},"type":"if","locations":[{"start":{"line":119,"column":12},"end":{"line":180,"column":null}},{"start":{"line":122,"column":12},"end":{"line":180,"column":null}}],"line":119},"10":{"loc":{"start":{"line":122,"column":12},"end":{"line":180,"column":null}},"type":"if","locations":[{"start":{"line":122,"column":12},"end":{"line":180,"column":null}},{"start":{},"end":{}}],"line":122},"11":{"loc":{"start":{"line":125,"column":21},"end":{"line":125,"column":142}},"type":"binary-expr","locations":[{"start":{"line":125,"column":21},"end":{"line":125,"column":60}},{"start":{"line":125,"column":60},"end":{"line":125,"column":102}},{"start":{"line":125,"column":102},"end":{"line":125,"column":142}}],"line":125},"12":{"loc":{"start":{"line":134,"column":34},"end":{"line":134,"column":null}},"type":"binary-expr","locations":[{"start":{"line":134,"column":34},"end":{"line":134,"column":66}},{"start":{"line":134,"column":66},"end":{"line":134,"column":null}}],"line":134},"13":{"loc":{"start":{"line":135,"column":36},"end":{"line":135,"column":null}},"type":"binary-expr","locations":[{"start":{"line":135,"column":36},"end":{"line":135,"column":70}},{"start":{"line":135,"column":70},"end":{"line":135,"column":null}}],"line":135},"14":{"loc":{"start":{"line":137,"column":44},"end":{"line":137,"column":null}},"type":"cond-expr","locations":[{"start":{"line":137,"column":86},"end":{"line":137,"column":98}},{"start":{"line":137,"column":98},"end":{"line":137,"column":null}}],"line":137},"15":{"loc":{"start":{"line":138,"column":46},"end":{"line":138,"column":null}},"type":"cond-expr","locations":[{"start":{"line":138,"column":88},"end":{"line":138,"column":102}},{"start":{"line":138,"column":102},"end":{"line":138,"column":null}}],"line":138},"16":{"loc":{"start":{"line":153,"column":16},"end":{"line":175,"column":null}},"type":"if","locations":[{"start":{"line":153,"column":16},"end":{"line":175,"column":null}},{"start":{"line":171,"column":23},"end":{"line":175,"column":null}}],"line":153},"17":{"loc":{"start":{"line":184,"column":39},"end":{"line":184,"column":71}},"type":"binary-expr","locations":[{"start":{"line":184,"column":39},"end":{"line":184,"column":66}},{"start":{"line":184,"column":66},"end":{"line":184,"column":71}}],"line":184},"18":{"loc":{"start":{"line":203,"column":8},"end":{"line":215,"column":null}},"type":"if","locations":[{"start":{"line":203,"column":8},"end":{"line":215,"column":null}},{"start":{},"end":{}}],"line":203},"19":{"loc":{"start":{"line":203,"column":12},"end":{"line":203,"column":61}},"type":"binary-expr","locations":[{"start":{"line":203,"column":12},"end":{"line":203,"column":41}},{"start":{"line":203,"column":41},"end":{"line":203,"column":61}}],"line":203},"20":{"loc":{"start":{"line":204,"column":32},"end":{"line":204,"column":null}},"type":"binary-expr","locations":[{"start":{"line":204,"column":32},"end":{"line":204,"column":67}},{"start":{"line":204,"column":67},"end":{"line":204,"column":null}}],"line":204},"21":{"loc":{"start":{"line":205,"column":33},"end":{"line":205,"column":null}},"type":"binary-expr","locations":[{"start":{"line":205,"column":33},"end":{"line":205,"column":72}},{"start":{"line":205,"column":72},"end":{"line":205,"column":null}}],"line":205},"22":{"loc":{"start":{"line":221,"column":8},"end":{"line":221,"column":null}},"type":"if","locations":[{"start":{"line":221,"column":8},"end":{"line":221,"column":null}},{"start":{},"end":{}}],"line":221},"23":{"loc":{"start":{"line":221,"column":12},"end":{"line":221,"column":59}},"type":"binary-expr","locations":[{"start":{"line":221,"column":12},"end":{"line":221,"column":38}},{"start":{"line":221,"column":38},"end":{"line":221,"column":59}}],"line":221},"24":{"loc":{"start":{"line":225,"column":8},"end":{"line":252,"column":null}},"type":"if","locations":[{"start":{"line":225,"column":8},"end":{"line":252,"column":null}},{"start":{"line":227,"column":8},"end":{"line":252,"column":null}}],"line":225},"25":{"loc":{"start":{"line":226,"column":42},"end":{"line":226,"column":66}},"type":"binary-expr","locations":[{"start":{"line":226,"column":42},"end":{"line":226,"column":63}},{"start":{"line":226,"column":63},"end":{"line":226,"column":66}}],"line":226},"26":{"loc":{"start":{"line":227,"column":8},"end":{"line":252,"column":null}},"type":"if","locations":[{"start":{"line":227,"column":8},"end":{"line":252,"column":null}},{"start":{"line":230,"column":8},"end":{"line":252,"column":null}}],"line":227},"27":{"loc":{"start":{"line":230,"column":8},"end":{"line":252,"column":null}},"type":"if","locations":[{"start":{"line":230,"column":8},"end":{"line":252,"column":null}},{"start":{"line":233,"column":8},"end":{"line":252,"column":null}}],"line":230},"28":{"loc":{"start":{"line":232,"column":42},"end":{"line":232,"column":66}},"type":"binary-expr","locations":[{"start":{"line":232,"column":42},"end":{"line":232,"column":63}},{"start":{"line":232,"column":63},"end":{"line":232,"column":66}}],"line":232},"29":{"loc":{"start":{"line":233,"column":8},"end":{"line":252,"column":null}},"type":"if","locations":[{"start":{"line":233,"column":8},"end":{"line":252,"column":null}},{"start":{},"end":{}}],"line":233},"30":{"loc":{"start":{"line":236,"column":46},"end":{"line":236,"column":null}},"type":"binary-expr","locations":[{"start":{"line":236,"column":46},"end":{"line":236,"column":67}},{"start":{"line":236,"column":67},"end":{"line":236,"column":null}}],"line":236},"31":{"loc":{"start":{"line":239,"column":35},"end":{"line":239,"column":null}},"type":"cond-expr","locations":[{"start":{"line":239,"column":51},"end":{"line":239,"column":74}},{"start":{"line":239,"column":74},"end":{"line":239,"column":null}}],"line":239},"32":{"loc":{"start":{"line":242,"column":12},"end":{"line":246,"column":null}},"type":"if","locations":[{"start":{"line":242,"column":12},"end":{"line":246,"column":null}},{"start":{"line":244,"column":12},"end":{"line":246,"column":null}}],"line":242},"33":{"loc":{"start":{"line":242,"column":16},"end":{"line":242,"column":95}},"type":"binary-expr","locations":[{"start":{"line":242,"column":16},"end":{"line":242,"column":57}},{"start":{"line":242,"column":57},"end":{"line":242,"column":95}}],"line":242},"34":{"loc":{"start":{"line":244,"column":12},"end":{"line":246,"column":null}},"type":"if","locations":[{"start":{"line":244,"column":12},"end":{"line":246,"column":null}},{"start":{},"end":{}}],"line":244},"35":{"loc":{"start":{"line":254,"column":8},"end":{"line":260,"column":null}},"type":"if","locations":[{"start":{"line":254,"column":8},"end":{"line":260,"column":null}},{"start":{},"end":{}}],"line":254},"36":{"loc":{"start":{"line":257,"column":47},"end":{"line":257,"column":87}},"type":"binary-expr","locations":[{"start":{"line":257,"column":47},"end":{"line":257,"column":82}},{"start":{"line":257,"column":82},"end":{"line":257,"column":87}}],"line":257},"37":{"loc":{"start":{"line":258,"column":48},"end":{"line":258,"column":89}},"type":"binary-expr","locations":[{"start":{"line":258,"column":48},"end":{"line":258,"column":84}},{"start":{"line":258,"column":84},"end":{"line":258,"column":89}}],"line":258},"38":{"loc":{"start":{"line":266,"column":8},"end":{"line":270,"column":null}},"type":"if","locations":[{"start":{"line":266,"column":8},"end":{"line":270,"column":null}},{"start":{"line":268,"column":8},"end":{"line":270,"column":null}}],"line":266},"39":{"loc":{"start":{"line":266,"column":12},"end":{"line":266,"column":67}},"type":"binary-expr","locations":[{"start":{"line":266,"column":12},"end":{"line":266,"column":46}},{"start":{"line":266,"column":46},"end":{"line":266,"column":67}}],"line":266},"40":{"loc":{"start":{"line":268,"column":8},"end":{"line":270,"column":null}},"type":"if","locations":[{"start":{"line":268,"column":8},"end":{"line":270,"column":null}},{"start":{},"end":{}}],"line":268},"41":{"loc":{"start":{"line":268,"column":19},"end":{"line":268,"column":70}},"type":"binary-expr","locations":[{"start":{"line":268,"column":19},"end":{"line":268,"column":49}},{"start":{"line":268,"column":49},"end":{"line":268,"column":70}}],"line":268},"42":{"loc":{"start":{"line":275,"column":23},"end":{"line":275,"column":null}},"type":"binary-expr","locations":[{"start":{"line":275,"column":23},"end":{"line":275,"column":46}},{"start":{"line":275,"column":46},"end":{"line":275,"column":null}}],"line":275},"43":{"loc":{"start":{"line":276,"column":27},"end":{"line":276,"column":null}},"type":"binary-expr","locations":[{"start":{"line":276,"column":27},"end":{"line":276,"column":54}},{"start":{"line":276,"column":54},"end":{"line":276,"column":null}}],"line":276},"44":{"loc":{"start":{"line":281,"column":8},"end":{"line":287,"column":null}},"type":"if","locations":[{"start":{"line":281,"column":8},"end":{"line":287,"column":null}},{"start":{},"end":{}}],"line":281},"45":{"loc":{"start":{"line":283,"column":12},"end":{"line":285,"column":null}},"type":"if","locations":[{"start":{"line":283,"column":12},"end":{"line":285,"column":null}},{"start":{},"end":{}}],"line":283},"46":{"loc":{"start":{"line":283,"column":16},"end":{"line":283,"column":63}},"type":"binary-expr","locations":[{"start":{"line":283,"column":16},"end":{"line":283,"column":50}},{"start":{"line":283,"column":50},"end":{"line":283,"column":63}}],"line":283},"47":{"loc":{"start":{"line":289,"column":8},"end":{"line":294,"column":null}},"type":"if","locations":[{"start":{"line":289,"column":8},"end":{"line":294,"column":null}},{"start":{},"end":{}}],"line":289},"48":{"loc":{"start":{"line":290,"column":31},"end":{"line":290,"column":null}},"type":"binary-expr","locations":[{"start":{"line":290,"column":31},"end":{"line":290,"column":56}},{"start":{"line":290,"column":56},"end":{"line":290,"column":null}}],"line":290},"49":{"loc":{"start":{"line":292,"column":12},"end":{"line":292,"column":null}},"type":"if","locations":[{"start":{"line":292,"column":12},"end":{"line":292,"column":null}},{"start":{},"end":{}}],"line":292},"50":{"loc":{"start":{"line":296,"column":8},"end":{"line":299,"column":null}},"type":"if","locations":[{"start":{"line":296,"column":8},"end":{"line":299,"column":null}},{"start":{},"end":{}}],"line":296},"51":{"loc":{"start":{"line":301,"column":8},"end":{"line":303,"column":null}},"type":"if","locations":[{"start":{"line":301,"column":8},"end":{"line":303,"column":null}},{"start":{},"end":{}}],"line":301},"52":{"loc":{"start":{"line":306,"column":15},"end":{"line":306,"column":null}},"type":"cond-expr","locations":[{"start":{"line":306,"column":26},"end":{"line":306,"column":55}},{"start":{"line":306,"column":55},"end":{"line":306,"column":null}}],"line":306}},"s":{"0":39,"1":39,"2":27,"3":39,"4":27,"5":39,"6":39,"7":39,"8":39,"9":27,"10":27,"11":0,"12":39,"13":39,"14":39,"15":39,"16":39,"17":27,"18":0,"19":27,"20":0,"21":27,"22":39,"23":39,"24":39,"25":39,"26":39,"27":2,"28":2,"29":2,"30":2,"31":0,"32":2,"33":2,"34":2,"35":0,"36":2,"37":2,"38":0,"39":2,"40":2,"41":2,"42":2,"43":2,"44":2,"45":0,"46":0,"47":0,"48":0,"49":0,"50":0,"51":0,"52":0,"53":0,"54":0,"55":0,"56":0,"57":0,"58":0,"59":0,"60":0,"61":0,"62":0,"63":0,"64":0,"65":0,"66":0,"67":0,"68":0,"69":0,"70":2,"71":2,"72":2,"73":39,"74":39,"75":39,"76":39,"77":27,"78":0,"79":0,"80":0,"81":0,"82":0,"83":0,"84":0,"85":39,"86":27,"87":2,"88":25,"89":25,"90":0,"91":25,"92":25,"93":0,"94":0,"95":0,"96":0,"97":0,"98":0,"99":0,"100":0,"101":0,"102":0,"103":0,"104":0,"105":0,"106":0,"107":0,"108":0,"109":25,"110":25,"111":25,"112":25,"113":25,"114":39,"115":39,"116":27,"117":0,"118":27,"119":0,"120":39,"121":56,"122":56,"123":56,"124":56,"125":56,"126":0,"127":0,"128":0,"129":0,"130":56,"131":0,"132":0,"133":0,"134":0,"135":56,"136":27,"137":29,"138":29,"139":0,"140":39,"141":39},"f":{"0":39,"1":27,"2":27,"3":27,"4":27,"5":2,"6":27,"7":27,"8":0,"9":27,"10":56},"b":{"0":[27,0],"1":[0,27],"2":[0,27],"3":[2,37],"4":[2,0],"5":[0,2],"6":[0,2],"7":[0,2],"8":[2,0,0,0,0],"9":[2,0],"10":[0,0],"11":[0,0,0],"12":[0,0],"13":[0,0],"14":[0,0],"15":[0,0],"16":[0,0],"17":[2,2],"18":[0,27],"19":[27,27],"20":[0,0],"21":[0,0],"22":[2,25],"23":[27,25],"24":[0,25],"25":[0,0],"26":[25,0],"27":[0,0],"28":[0,0],"29":[0,0],"30":[0,0],"31":[0,0],"32":[0,0],"33":[0,0],"34":[0,0],"35":[25,0],"36":[25,25],"37":[25,25],"38":[0,27],"39":[27,0],"40":[0,27],"41":[27,0],"42":[56,29],"43":[56,56],"44":[0,56],"45":[0,0],"46":[0,0],"47":[0,56],"48":[0,0],"49":[0,0],"50":[27,29],"51":[29,0],"52":[0,0]},"meta":{"lastBranch":53,"lastFunction":11,"lastStatement":142,"seen":{"f:40:16:40:Infinity":0,"s:48:27:48:Infinity":0,"s:51:24:51:Infinity":1,"f:51:36:51:43":1,"s:51:43:51:69":2,"s:52:25:52:Infinity":3,"f:52:38:52:45":2,"s:52:45:52:71":4,"s:55:27:55:Infinity":5,"s:56:29:56:Infinity":6,"s:57:30:57:Infinity":7,"s:60:31:65:Infinity":8,"f:60:50:60:51":3,"b:61:8:63:Infinity:undefined:undefined:undefined:undefined":0,"s:61:8:63:Infinity":9,"s:62:12:62:Infinity":10,"s:64:8:64:Infinity":11,"s:68:17:68:Infinity":12,"s:69:19:69:Infinity":13,"s:70:20:70:Infinity":14,"s:71:19:71:Infinity":15,"s:74:32:82:Infinity":16,"f:74:52:74:53":4,"b:75:8:77:Infinity:undefined:undefined:undefined:undefined":1,"s:75:8:77:Infinity":17,"s:76:12:76:Infinity":18,"b:78:8:80:Infinity:undefined:undefined:undefined:undefined":2,"s:78:8:80:Infinity":19,"s:79:12:79:Infinity":20,"s:81:8:81:Infinity":21,"s:86:28:86:Infinity":22,"s:93:48:93:Infinity":23,"s:94:52:94:Infinity":24,"s:95:26:95:Infinity":25,"b:97:4:190:Infinity:undefined:undefined:undefined:undefined":3,"s:97:4:190:Infinity":26,"s:98:22:98:Infinity":27,"s:101:25:101:Infinity":28,"b:101:25:101:59:101:59:101:Infinity":4,"s:103:8:185:Infinity":29,"b:104:12:104:Infinity:undefined:undefined:undefined:undefined":5,"s:104:12:104:Infinity":30,"s:104:33:104:Infinity":31,"s:106:28:106:Infinity":32,"f:106:42:106:49":5,"s:106:49:106:76":33,"b:107:12:107:Infinity:undefined:undefined:undefined:undefined":6,"s:107:12:107:Infinity":34,"s:107:26:107:Infinity":35,"s:109:37:109:Infinity":36,"b:110:12:110:Infinity:undefined:undefined:undefined:undefined":7,"s:110:12:110:Infinity":37,"s:110:39:110:Infinity":38,"s:112:33:112:Infinity":39,"s:113:25:113:Infinity":40,"s:116:31:117:Infinity":41,"b:116:31:116:Infinity:117:31:117:70:117:70:117:105:117:105:117:139:117:139:117:Infinity":8,"b:119:12:180:Infinity:122:12:180:Infinity":9,"s:119:12:180:Infinity":42,"s:120:16:120:Infinity":43,"s:121:16:121:Infinity":44,"b:122:12:180:Infinity:undefined:undefined:undefined:undefined":10,"s:122:12:180:Infinity":45,"b:125:21:125:60:125:60:125:102:125:102:125:142":11,"s:128:34:128:Infinity":46,"s:129:36:129:Infinity":47,"s:131:41:131:Infinity":48,"s:132:43:132:Infinity":49,"s:134:34:134:Infinity":50,"b:134:34:134:66:134:66:134:Infinity":12,"s:135:36:135:Infinity":51,"b:135:36:135:70:135:70:135:Infinity":13,"s:137:44:137:Infinity":52,"b:137:86:137:98:137:98:137:Infinity":14,"s:138:46:138:Infinity":53,"b:138:88:138:102:138:102:138:Infinity":15,"s:141:31:150:Infinity":54,"b:153:16:175:Infinity:171:23:175:Infinity":16,"s:153:16:175:Infinity":55,"s:154:21:154:Infinity":56,"s:157:40:157:Infinity":57,"s:158:42:158:Infinity":58,"s:161:37:161:Infinity":59,"s:162:36:162:Infinity":60,"s:165:39:165:Infinity":61,"s:166:38:166:Infinity":62,"s:168:21:168:Infinity":63,"s:170:21:170:Infinity":64,"s:172:20:172:Infinity":65,"s:173:20:173:Infinity":66,"s:174:20:174:Infinity":67,"s:178:16:178:Infinity":68,"s:179:16:179:Infinity":69,"s:184:12:184:Infinity":70,"b:184:39:184:66:184:66:184:71":17,"s:188:8:188:Infinity":71,"s:189:8:189:Infinity":72,"s:197:49:197:Infinity":73,"s:198:29:198:Infinity":74,"s:199:33:199:Infinity":75,"s:202:4:216:Infinity":76,"f:202:24:202:31":6,"b:203:8:215:Infinity:undefined:undefined:undefined:undefined":18,"s:203:8:215:Infinity":77,"b:203:12:203:41:203:41:203:61":19,"s:204:32:204:Infinity":78,"b:204:32:204:67:204:67:204:Infinity":20,"s:205:33:205:Infinity":79,"b:205:33:205:72:205:72:205:Infinity":21,"s:207:37:207:Infinity":80,"s:208:34:208:Infinity":81,"s:210:12:210:Infinity":82,"s:213:12:213:Infinity":83,"s:214:12:214:Infinity":84,"s:219:4:261:Infinity":85,"f:219:35:219:36":7,"b:221:8:221:Infinity:undefined:undefined:undefined:undefined":22,"s:221:8:221:Infinity":86,"b:221:12:221:38:221:38:221:59":23,"s:221:59:221:Infinity":87,"s:223:33:223:Infinity":88,"b:225:8:252:Infinity:227:8:252:Infinity":24,"s:225:8:252:Infinity":89,"s:226:12:226:Infinity":90,"b:226:42:226:63:226:63:226:66":25,"b:227:8:252:Infinity:230:8:252:Infinity":26,"s:227:8:252:Infinity":91,"s:229:12:229:Infinity":92,"b:230:8:252:Infinity:233:8:252:Infinity":27,"s:230:8:252:Infinity":93,"s:232:12:232:Infinity":94,"b:232:42:232:63:232:63:232:66":28,"b:233:8:252:Infinity:undefined:undefined:undefined:undefined":29,"s:233:8:252:Infinity":95,"s:235:36:235:Infinity":96,"s:236:27:236:Infinity":97,"b:236:46:236:67:236:67:236:Infinity":30,"s:238:34:238:Infinity":98,"f:238:48:238:55":8,"s:238:55:238:84":99,"s:239:35:239:Infinity":100,"b:239:51:239:74:239:74:239:Infinity":31,"s:241:29:241:Infinity":101,"b:242:12:246:Infinity:244:12:246:Infinity":32,"s:242:12:246:Infinity":102,"b:242:16:242:57:242:57:242:95":33,"s:243:16:243:Infinity":103,"b:244:12:246:Infinity:undefined:undefined:undefined:undefined":34,"s:244:12:246:Infinity":104,"s:245:16:245:Infinity":105,"s:248:35:248:Infinity":106,"s:249:27:249:Infinity":107,"s:251:12:251:Infinity":108,"b:254:8:260:Infinity:undefined:undefined:undefined:undefined":35,"s:254:8:260:Infinity":109,"s:255:12:255:Infinity":110,"s:257:12:257:Infinity":111,"b:257:47:257:82:257:82:257:87":36,"s:258:12:258:Infinity":112,"b:258:48:258:84:258:84:258:89":37,"s:259:12:259:Infinity":113,"s:264:23:264:Infinity":114,"s:265:4:271:Infinity":115,"f:265:25:265:32":9,"b:266:8:270:Infinity:268:8:270:Infinity":38,"s:266:8:270:Infinity":116,"b:266:12:266:46:266:46:266:67":39,"s:267:12:267:Infinity":117,"b:268:8:270:Infinity:undefined:undefined:undefined:undefined":40,"s:268:8:270:Infinity":118,"b:268:19:268:49:268:49:268:70":41,"s:269:12:269:Infinity":119,"s:274:25:307:Infinity":120,"f:274:38:274:45":10,"s:275:23:275:Infinity":121,"b:275:23:275:46:275:46:275:Infinity":42,"s:276:27:276:Infinity":122,"b:276:27:276:54:276:54:276:Infinity":43,"s:277:24:277:Infinity":123,"s:279:28:279:Infinity":124,"b:281:8:287:Infinity:undefined:undefined:undefined:undefined":44,"s:281:8:287:Infinity":125,"s:282:35:282:Infinity":126,"b:283:12:285:Infinity:undefined:undefined:undefined:undefined":45,"s:283:12:285:Infinity":127,"b:283:16:283:50:283:50:283:63":46,"s:284:16:284:Infinity":128,"s:286:12:286:Infinity":129,"b:289:8:294:Infinity:undefined:undefined:undefined:undefined":47,"s:289:8:294:Infinity":130,"s:290:31:290:Infinity":131,"b:290:31:290:56:290:56:290:Infinity":48,"b:292:12:292:Infinity:undefined:undefined:undefined:undefined":49,"s:292:12:292:Infinity":132,"s:292:29:292:Infinity":133,"s:293:12:293:Infinity":134,"b:296:8:299:Infinity:undefined:undefined:undefined:undefined":50,"s:296:8:299:Infinity":135,"s:298:12:298:Infinity":136,"b:301:8:303:Infinity:undefined:undefined:undefined:undefined":51,"s:301:8:303:Infinity":137,"s:302:12:302:Infinity":138,"s:306:8:306:Infinity":139,"b:306:26:306:55:306:55:306:Infinity":52,"s:310:26:310:Infinity":140,"s:312:4:336:Infinity":141}}}
,"C:\\Users\\steel\\VSProjects\\Stag\\src\\components\\Objects\\Assumptions\\useSimulation.tsx": {"path":"C:\\Users\\steel\\VSProjects\\Stag\\src\\components\\Objects\\Assumptions\\useSimulation.tsx","statementMap":{"0":{"start":{"line":10,"column":29},"end":{"line":105,"column":null}},"1":{"start":{"line":19,"column":22},"end":{"line":19,"column":null}},"2":{"start":{"line":23,"column":28},"end":{"line":23,"column":null}},"3":{"start":{"line":26,"column":32},"end":{"line":26,"column":null}},"4":{"start":{"line":28,"column":39},"end":{"line":28,"column":null}},"5":{"start":{"line":32,"column":25},"end":{"line":32,"column":null}},"6":{"start":{"line":33,"column":26},"end":{"line":33,"column":null}},"7":{"start":{"line":34,"column":27},"end":{"line":34,"column":null}},"8":{"start":{"line":35,"column":29},"end":{"line":37,"column":null}},"9":{"start":{"line":36,"column":8},"end":{"line":36,"column":97}},"10":{"start":{"line":39,"column":23},"end":{"line":39,"column":null}},"11":{"start":{"line":40,"column":25},"end":{"line":40,"column":null}},"12":{"start":{"line":41,"column":24},"end":{"line":41,"column":null}},"13":{"start":{"line":42,"column":28},"end":{"line":42,"column":null}},"14":{"start":{"line":44,"column":34},"end":{"line":44,"column":null}},"15":{"start":{"line":44,"column":64},"end":{"line":44,"column":102}},"16":{"start":{"line":47,"column":33},"end":{"line":47,"column":null}},"17":{"start":{"line":49,"column":37},"end":{"line":75,"column":null}},"18":{"start":{"line":60,"column":56},"end":{"line":60,"column":115}},"19":{"start":{"line":62,"column":57},"end":{"line":62,"column":116}},"20":{"start":{"line":77,"column":4},"end":{"line":77,"column":null}},"21":{"start":{"line":80,"column":25},"end":{"line":80,"column":null}},"22":{"start":{"line":81,"column":26},"end":{"line":81,"column":null}},"23":{"start":{"line":82,"column":26},"end":{"line":82,"column":null}},"24":{"start":{"line":85,"column":4},"end":{"line":102,"column":null}},"25":{"start":{"line":85,"column":17},"end":{"line":85,"column":20}},"26":{"start":{"line":86,"column":31},"end":{"line":86,"column":null}},"27":{"start":{"line":88,"column":14},"end":{"line":95,"column":null}},"28":{"start":{"line":97,"column":8},"end":{"line":97,"column":null}},"29":{"start":{"line":99,"column":8},"end":{"line":99,"column":null}},"30":{"start":{"line":100,"column":8},"end":{"line":100,"column":null}},"31":{"start":{"line":101,"column":8},"end":{"line":101,"column":null}},"32":{"start":{"line":104,"column":4},"end":{"line":104,"column":null}}},"fnMap":{"0":{"name":"(anonymous_0)","decl":{"start":{"line":10,"column":29},"end":{"line":10,"column":null}},"loc":{"start":{"line":17,"column":23},"end":{"line":105,"column":null}},"line":17},"1":{"name":"(anonymous_1)","decl":{"start":{"line":35,"column":44},"end":{"line":35,"column":45}},"loc":{"start":{"line":36,"column":8},"end":{"line":36,"column":97}},"line":36},"2":{"name":"(anonymous_2)","decl":{"start":{"line":44,"column":50},"end":{"line":44,"column":51}},"loc":{"start":{"line":44,"column":64},"end":{"line":44,"column":102}},"line":44},"3":{"name":"(anonymous_3)","decl":{"start":{"line":60,"column":42},"end":{"line":60,"column":43}},"loc":{"start":{"line":60,"column":56},"end":{"line":60,"column":115}},"line":60},"4":{"name":"(anonymous_4)","decl":{"start":{"line":62,"column":43},"end":{"line":62,"column":44}},"loc":{"start":{"line":62,"column":57},"end":{"line":62,"column":116}},"line":62}},"branchMap":{"0":{"loc":{"start":{"line":11,"column":4},"end":{"line":11,"column":null}},"type":"default-arg","locations":[{"start":{"line":11,"column":25},"end":{"line":11,"column":null}}],"line":11},"1":{"loc":{"start":{"line":36,"column":8},"end":{"line":36,"column":97}},"type":"cond-expr","locations":[{"start":{"line":36,"column":36},"end":{"line":36,"column":92}},{"start":{"line":36,"column":92},"end":{"line":36,"column":97}}],"line":36},"2":{"loc":{"start":{"line":60,"column":56},"end":{"line":60,"column":115}},"type":"cond-expr","locations":[{"start":{"line":60,"column":84},"end":{"line":60,"column":110}},{"start":{"line":60,"column":110},"end":{"line":60,"column":115}}],"line":60},"3":{"loc":{"start":{"line":62,"column":57},"end":{"line":62,"column":116}},"type":"cond-expr","locations":[{"start":{"line":62,"column":85},"end":{"line":62,"column":111}},{"start":{"line":62,"column":111},"end":{"line":62,"column":116}}],"line":62}},"s":{"0":2,"1":6,"2":6,"3":6,"4":6,"5":6,"6":6,"7":6,"8":6,"9":4,"10":6,"11":6,"12":6,"13":6,"14":6,"15":4,"16":6,"17":6,"18":4,"19":4,"20":6,"21":6,"22":6,"23":6,"24":6,"25":6,"26":39,"27":39,"28":39,"29":39,"30":39,"31":39,"32":6},"f":{"0":6,"1":4,"2":4,"3":4,"4":4},"b":{"0":[6],"1":[4,0],"2":[4,0],"3":[4,0]},"meta":{"lastBranch":4,"lastFunction":5,"lastStatement":33,"seen":{"s:10:29:105:Infinity":0,"f:10:29:10:Infinity":0,"b:11:25:11:Infinity":0,"s:19:22:19:Infinity":1,"s:23:28:23:Infinity":2,"s:26:32:26:Infinity":3,"s:28:39:28:Infinity":4,"s:32:25:32:Infinity":5,"s:33:26:33:Infinity":6,"s:34:27:34:Infinity":7,"s:35:29:37:Infinity":8,"f:35:44:35:45":1,"s:36:8:36:97":9,"b:36:36:36:92:36:92:36:97":1,"s:39:23:39:Infinity":10,"s:40:25:40:Infinity":11,"s:41:24:41:Infinity":12,"s:42:28:42:Infinity":13,"s:44:34:44:Infinity":14,"f:44:50:44:51":2,"s:44:64:44:102":15,"s:47:33:47:Infinity":16,"s:49:37:75:Infinity":17,"f:60:42:60:43":3,"s:60:56:60:115":18,"b:60:84:60:110:60:110:60:115":2,"f:62:43:62:44":4,"s:62:57:62:116":19,"b:62:85:62:111:62:111:62:116":3,"s:77:4:77:Infinity":20,"s:80:25:80:Infinity":21,"s:81:26:81:Infinity":22,"s:82:26:82:Infinity":23,"s:85:4:102:Infinity":24,"s:85:17:85:20":25,"s:86:31:86:Infinity":26,"s:88:14:95:Infinity":27,"s:97:8:97:Infinity":28,"s:99:8:99:Infinity":29,"s:100:8:100:Infinity":30,"s:101:8:101:Infinity":31,"s:104:4:104:Infinity":32}}}
,"C:\\Users\\steel\\VSProjects\\Stag\\src\\components\\Objects\\Expense\\models.tsx": {"path":"C:\\Users\\steel\\VSProjects\\Stag\\src\\components\\Objects\\Expense\\models.tsx","statementMap":{"0":{"start":{"line":15,"column":11},"end":{"line":15,"column":null}},"1":{"start":{"line":16,"column":11},"end":{"line":16,"column":null}},"2":{"start":{"line":17,"column":11},"end":{"line":17,"column":null}},"3":{"start":{"line":18,"column":11},"end":{"line":18,"column":null}},"4":{"start":{"line":19,"column":11},"end":{"line":19,"column":null}},"5":{"start":{"line":20,"column":11},"end":{"line":20,"column":null}},"6":{"start":{"line":23,"column":17},"end":{"line":23,"column":null}},"7":{"start":{"line":24,"column":4},"end":{"line":29,"column":null}},"8":{"start":{"line":25,"column":21},"end":{"line":25,"column":42}},"9":{"start":{"line":25,"column":42},"end":{"line":25,"column":null}},"10":{"start":{"line":26,"column":22},"end":{"line":26,"column":43}},"11":{"start":{"line":26,"column":43},"end":{"line":26,"column":null}},"12":{"start":{"line":27,"column":23},"end":{"line":27,"column":39}},"13":{"start":{"line":27,"column":39},"end":{"line":27,"column":null}},"14":{"start":{"line":28,"column":15},"end":{"line":28,"column":null}},"15":{"start":{"line":31,"column":4},"end":{"line":33,"column":null}},"16":{"start":{"line":32,"column":6},"end":{"line":32,"column":null}},"17":{"start":{"line":35,"column":4},"end":{"line":35,"column":null}},"18":{"start":{"line":39,"column":4},"end":{"line":39,"column":null}},"19":{"start":{"line":45,"column":4},"end":{"line":45,"column":null}},"20":{"start":{"line":49,"column":4},"end":{"line":49,"column":null}},"21":{"start":{"line":65,"column":4},"end":{"line":65,"column":null}},"22":{"start":{"line":59,"column":11},"end":{"line":59,"column":null}},"23":{"start":{"line":60,"column":11},"end":{"line":60,"column":null}},"24":{"start":{"line":68,"column":26},"end":{"line":68,"column":null}},"25":{"start":{"line":69,"column":10},"end":{"line":69,"column":null}},"26":{"start":{"line":72,"column":23},"end":{"line":72,"column":null}},"27":{"start":{"line":73,"column":25},"end":{"line":73,"column":null}},"28":{"start":{"line":75,"column":4},"end":{"line":83,"column":null}},"29":{"start":{"line":112,"column":14},"end":{"line":112,"column":null}},"30":{"start":{"line":113,"column":14},"end":{"line":113,"column":null}},"31":{"start":{"line":114,"column":31},"end":{"line":114,"column":null}},"32":{"start":{"line":116,"column":29},"end":{"line":116,"column":null}},"33":{"start":{"line":117,"column":10},"end":{"line":117,"column":null}},"34":{"start":{"line":119,"column":10},"end":{"line":119,"column":null}},"35":{"start":{"line":120,"column":24},"end":{"line":120,"column":null}},"36":{"start":{"line":121,"column":27},"end":{"line":121,"column":null}},"37":{"start":{"line":122,"column":42},"end":{"line":122,"column":null}},"38":{"start":{"line":124,"column":4},"end":{"line":124,"column":null}},"39":{"start":{"line":125,"column":4},"end":{"line":125,"column":null}},"40":{"start":{"line":127,"column":4},"end":{"line":127,"column":null}},"41":{"start":{"line":92,"column":11},"end":{"line":92,"column":null}},"42":{"start":{"line":93,"column":11},"end":{"line":93,"column":null}},"43":{"start":{"line":94,"column":11},"end":{"line":94,"column":null}},"44":{"start":{"line":95,"column":11},"end":{"line":95,"column":null}},"45":{"start":{"line":96,"column":11},"end":{"line":96,"column":null}},"46":{"start":{"line":97,"column":11},"end":{"line":97,"column":null}},"47":{"start":{"line":98,"column":11},"end":{"line":98,"column":null}},"48":{"start":{"line":99,"column":11},"end":{"line":99,"column":null}},"49":{"start":{"line":100,"column":11},"end":{"line":100,"column":null}},"50":{"start":{"line":101,"column":11},"end":{"line":101,"column":null}},"51":{"start":{"line":102,"column":11},"end":{"line":102,"column":null}},"52":{"start":{"line":103,"column":11},"end":{"line":103,"column":null}},"53":{"start":{"line":104,"column":11},"end":{"line":104,"column":null}},"54":{"start":{"line":105,"column":11},"end":{"line":105,"column":null}},"55":{"start":{"line":106,"column":11},"end":{"line":106,"column":null}},"56":{"start":{"line":108,"column":11},"end":{"line":108,"column":29}},"57":{"start":{"line":109,"column":11},"end":{"line":109,"column":35}},"58":{"start":{"line":128,"column":4},"end":{"line":128,"column":null}},"59":{"start":{"line":129,"column":4},"end":{"line":129,"column":null}},"60":{"start":{"line":132,"column":24},"end":{"line":132,"column":null}},"61":{"start":{"line":133,"column":18},"end":{"line":133,"column":null}},"62":{"start":{"line":134,"column":29},"end":{"line":134,"column":null}},"63":{"start":{"line":135,"column":28},"end":{"line":135,"column":null}},"64":{"start":{"line":139,"column":23},"end":{"line":139,"column":null}},"65":{"start":{"line":141,"column":4},"end":{"line":153,"column":null}},"66":{"start":{"line":141,"column":17},"end":{"line":141,"column":20}},"67":{"start":{"line":142,"column":6},"end":{"line":142,"column":null}},"68":{"start":{"line":142,"column":24},"end":{"line":142,"column":null}},"69":{"start":{"line":144,"column":23},"end":{"line":144,"column":null}},"70":{"start":{"line":145,"column":30},"end":{"line":145,"column":null}},"71":{"start":{"line":148,"column":24},"end":{"line":148,"column":null}},"72":{"start":{"line":150,"column":6},"end":{"line":150,"column":null}},"73":{"start":{"line":151,"column":6},"end":{"line":151,"column":null}},"74":{"start":{"line":152,"column":6},"end":{"line":152,"column":null}},"75":{"start":{"line":156,"column":10},"end"
[...]
,"C:\\Users\\steel\\VSProjects\\Stag\\src\\tabs\\Future\\tabs\\FutureUtils.tsx": {"path":"C:\\Users\\steel\\VSProjects\\Stag\\src\\tabs\\Future\\tabs\\FutureUtils.tsx","statementMap":{"0":{"start":{"line":5,"column":32},"end":{"line":15,"column":null}},"1":{"start":{"line":6,"column":19},"end":{"line":9,"column":null}},"2":{"start":{"line":7,"column":8},"end":{"line":7,"column":null}},"3":{"start":{"line":7,"column":40},"end":{"line":7,"column":null}},"4":{"start":{"line":8,"column":8},"end":{"line":8,"column":null}},"5":{"start":{"line":10,"column":24},"end":{"line":13,"column":null}},"6":{"start":{"line":11,"column":8},"end":{"line":11,"column":null}},"7":{"start":{"line":11,"column":40},"end":{"line":11,"column":null}},"8":{"start":{"line":12,"column":8},"end":{"line":12,"column":null}},"9":{"start":{"line":14,"column":4},"end":{"line":14,"column":null}},"10":{"start":{"line":17,"column":33},"end":{"line":19,"column":null}},"11":{"start":{"line":18,"column":4},"end":{"line":18,"column":null}},"12":{"start":{"line":21,"column":30},"end":{"line":23,"column":null}},"13":{"start":{"line":22,"column":4},"end":{"line":22,"column":null}},"14":{"start":{"line":25,"column":45},"end":{"line":40,"column":null}},"15":{"start":{"line":26,"column":4},"end":{"line":38,"column":null}},"16":{"start":{"line":26,"column":17},"end":{"line":26,"column":20}},"17":{"start":{"line":27,"column":25},"end":{"line":27,"column":null}},"18":{"start":{"line":28,"column":28},"end":{"line":28,"column":null}},"19":{"start":{"line":30,"column":36},"end":{"line":32,"column":null}},"20":{"start":{"line":31,"column":27},"end":{"line":31,"column":57}},"21":{"start":{"line":32,"column":34},"end":{"line":32,"column":52}},"22":{"start":{"line":35,"column":8},"end":{"line":37,"column":null}},"23":{"start":{"line":36,"column":12},"end":{"line":36,"column":null}},"24":{"start":{"line":39,"column":4},"end":{"line":39,"column":null}}},"fnMap":{"0":{"name":"(anonymous_0)","decl":{"start":{"line":5,"column":32},"end":{"line":5,"column":33}},"loc":{"start":{"line":5,"column":60},"end":{"line":15,"column":null}},"line":5},"1":{"name":"(anonymous_1)","decl":{"start":{"line":6,"column":35},"end":{"line":6,"column":36}},"loc":{"start":{"line":6,"column":51},"end":{"line":9,"column":7}},"line":6},"2":{"name":"(anonymous_2)","decl":{"start":{"line":10,"column":40},"end":{"line":10,"column":41}},"loc":{"start":{"line":10,"column":56},"end":{"line":13,"column":7}},"line":10},"3":{"name":"(anonymous_3)","decl":{"start":{"line":17,"column":33},"end":{"line":17,"column":34}},"loc":{"start":{"line":17,"column":61},"end":{"line":19,"column":null}},"line":17},"4":{"name":"(anonymous_4)","decl":{"start":{"line":21,"column":30},"end":{"line":21,"column":31}},"loc":{"start":{"line":21,"column":49},"end":{"line":23,"column":null}},"line":21},"5":{"name":"(anonymous_5)","decl":{"start":{"line":25,"column":45},"end":{"line":25,"column":46}},"loc":{"start":{"line":25,"column":125},"end":{"line":40,"column":null}},"line":25},"6":{"name":"(anonymous_6)","decl":{"start":{"line":31,"column":20},"end":{"line":31,"column":27}},"loc":{"start":{"line":31,"column":27},"end":{"line":31,"column":57}},"line":31},"7":{"name":"(anonymous_7)","decl":{"start":{"line":32,"column":20},"end":{"line":32,"column":21}},"loc":{"start":{"line":32,"column":34},"end":{"line":32,"column":52}},"line":32}},"branchMap":{"0":{"loc":{"start":{"line":7,"column":8},"end":{"line":7,"column":null}},"type":"if","locations":[{"start":{"line":7,"column":8},"end":{"line":7,"column":null}},{"start":{},"end":{}}],"line":7},"1":{"loc":{"start":{"line":11,"column":8},"end":{"line":11,"column":null}},"type":"if","locations":[{"start":{"line":11,"column":8},"end":{"line":11,"column":null}},{"start":{},"end":{}}],"line":11},"2":{"loc":{"start":{"line":22,"column":141},"end":{"line":22,"column":151}},"type":"binary-expr","locations":[{"start":{"line":22,"column":141},"end":{"line":22,"column":150}},{"start":{"line":22,"column":150},"end":{"line":22,"column":151}}],"line":22},"3":{"loc":{"start":{"line":35,"column":8},"end":{"line":37,"column":null}},"type":"if","locations":[{"start":{"line":35,"column":8},"end":{"line":37,"column":null}},{"start":{},"end":{}}],"line":35}},"s":{"0":2,"1":5,"2":11,"3":5,"4":6,"5":5,"6":11,"7":5,"8":6,"9":5,"10":2,"11":1,"12":2,"13":5,"14":2,"15":5,"16":5,"17":7,"18":7,"19":7,"20":7,"21":6,"22":7,"23":1,"24":6},"f":{"0":5,"1":11,"2":11,"3":1,"4":5,"5":5,"6":7,"7":6},"b":{"0":[5,6],"1":[5,6],"2":[5,1],"3":[1,6]},"meta":{"lastBranch":4,"lastFunction":8,"lastStatement":25,"seen":{"s:5:32:15:Infinity":0,"f:5:32:5:33":0,"s:6:19:9:Infinity":1,"f:6:35:6:36":1,"b:7:8:7:Infinity:undefined:undefined:undefined:undefined":0,"s:7:8:7:Infinity":2,"s:7:40:7:Infinity":3,"s:8:8:8:Infinity":4,"s:10:24:13:Infinity":5,"f:10:40:10:41":2,"b:11:8:11:Infinity:undefined:undefined:undefined:undefined":1,"s:11:8:11:Infinity":6,"s:11:40:11:Infinity":7,"s:12:8:12:Infinity":8,"s:14:4:14:Infinity":9,"s:17:33:19:Infinity":10,"f:17:33:17:34":3,"s:18:4:18:Infinity":11,"s:21:30:23:Infinity":12,"f:21:30:21:31":4,"s:22:4:22:Infinity":13,"b:22:141:22:150:22:150:22:151":2,"s:25:45:40:Infinity":14,"f:25:45:25:46":5,"s:26:4:38:Infinity":15,"s:26:17:26:20":16,"s:27:25:27:Infinity":17,"s:28:28:28:Infinity":18,"s:30:36:32:Infinity":19,"f:31:20:31:27":6,"s:31:27:31:57":20,"f:32:20:32:21":7,"s:32:34:32:52":21,"b:35:8:37:Infinity:undefined:undefined:undefined:undefined":3,"s:35:8:37:Infinity":22,"s:36:12:36:Infinity":23,"s:39:4:39:Infinity":24}}}
,"C:\\Users\\steel\\VSProjects\\Stag\\src\\tabs\\Future\\tabs\\OverviewTab.tsx": {"path":"C:\\Users\\steel\\VSProjects\\Stag\\src\\tabs\\Future\\tabs\\OverviewTab.tsx","statementMap":{"0":{"start":{"line":9,"column":27},"end":{"line":193,"column":null}},"1":{"start":{"line":11,"column":20},"end":{"line":11,"column":null}},"2":{"start":{"line":12,"column":20},"end":{"line":12,"column":null}},"3":{"start":{"line":15,"column":26},"end":{"line":15,"column":null}},"4":{"start":{"line":16,"column":24},"end":{"line":16,"column":null}},"5":{"start":{"line":19,"column":10},"end":{"line":21,"column":null}},"6":{"start":{"line":20,"column":8},"end":{"line":20,"column":null}},"7":{"start":{"line":20,"column":42},"end":{"line":20,"column":94}},"8":{"start":{"line":24,"column":10},"end":{"line":55,"column":null}},"9":{"start":{"line":25,"column":8},"end":{"line":54,"column":null}},"10":{"start":{"line":26,"column":29},"end":{"line":28,"column":null}},"11":{"start":{"line":27,"column":31},"end":{"line":27,"column":61}},"12":{"start":{"line":28,"column":38},"end":{"line":28,"column":58}},"13":{"start":{"line":30,"column":26},"end":{"line":32,"column":null}},"14":{"start":{"line":31,"column":31},"end":{"line":31,"column":58}},"15":{"start":{"line":32,"column":38},"end":{"line":32,"column":58}},"16":{"start":{"line":34,"column":29},"end":{"line":36,"column":null}},"17":{"start":{"line":35,"column":31},"end":{"line":35,"column":61}},"18":{"start":{"line":36,"column":38},"end":{"line":36,"column":58}},"19":{"start":{"line":38,"column":23},"end":{"line":38,"column":null}},"20":{"start":{"line":39,"column":12},"end":{"line":45,"column":null}},"21":{"start":{"line":40,"column":16},"end":{"line":44,"column":null}},"22":{"start":{"line":41,"column":20},"end":{"line":41,"column":null}},"23":{"start":{"line":42,"column":16},"end":{"line":44,"column":null}},"24":{"start":{"line":43,"column":20},"end":{"line":43,"column":null}},"25":{"start":{"line":47,"column":12},"end":{"line":53,"column":null}},"26":{"start":{"line":57,"column":10},"end":{"line":68,"column":null}},"27":{"start":{"line":58,"column":21},"end":{"line":58,"column":null}},"28":{"start":{"line":59,"column":8},"end":{"line":67,"column":null}},"29":{"start":{"line":59,"column":31},"end":{"line":67,"column":10}},"30":{"start":{"line":61,"column":36},"end":{"line":66,"column":14}},"31":{"start":{"line":71,"column":26},"end":{"line":114,"column":null}},"32":{"start":{"line":72,"column":8},"end":{"line":72,"column":null}},"33":{"start":{"line":72,"column":36},"end":{"line":72,"column":null}},"34":{"start":{"line":75,"column":22},"end":{"line":75,"column":null}},"35":{"start":{"line":76,"column":21},"end":{"line":76,"column":null}},"36":{"start":{"line":78,"column":14},"end":{"line":78,"column":null}},"37":{"start":{"line":80,"column":8},"end":{"line":112,"column":null}},"38":{"start":{"line":116,"column":4},"end":{"line":191,"column":null}},"39":{"start":{"line":126,"column":43},"end":{"line":126,"column":null}},"40":{"start":{"line":165,"column":24},"end":{"line":165,"column":null}},"41":{"start":{"line":165,"column":43},"end":{"line":165,"column":null}},"42":{"start":{"line":166,"column":24},"end":{"line":166,"column":null}},"43":{"start":{"line":166,"column":47},"end":{"line":166,"column":null}},"44":{"start":{"line":167,"column":24},"end":{"line":167,"column":null}},"45":{"start":{"line":167,"column":44},"end":{"line":167,"column":null}},"46":{"start":{"line":168,"column":24},"end":{"line":168,"column":null}},"47":{"start":{"line":168,"column":47},"end":{"line":168,"column":null}},"48":{"start":{"line":169,"column":24},"end":{"line":169,"column":null}}},"fnMap":{"0":{"name":"(anonymous_0)","decl":{"start":{"line":9,"column":27},"end":{"line":9,"column":28}},"loc":{"start":{"line":9,"column":89},"end":{"line":193,"column":null}},"line":9},"1":{"name":"(anonymous_1)","decl":{"start":{"line":19,"column":33},"end":{"line":19,"column":39}},"loc":{"start":{"line":19,"column":39},"end":{"line":21,"column":7}},"line":19},"2":{"name":"(anonymous_2)","decl":{"start":{"line":20,"column":37},"end":{"line":20,"column":42}},"loc":{"start":{"line":20,"column":42},"end":{"line":20,"column":94}},"line":20},"3":{"name":"(anonymous_3)","decl":{"start":{"line":24,"column":28},"end":{"line":24,"column":34}},"loc":{"start":{"line":24,"column":34},"end":{"line":55,"column":7}},"line":24},"4":{"name":"(anonymous_4)","decl":{"start":{"line":25,"column":32},"end":{"line":25,"column":40}},"loc":{"start":{"line":25,"column":40},"end":{"line":54,"column":9}},"line":25},"5":{"name":"(anonymous_5)","decl":{"start":{"line":27,"column":24},"end":{"line":27,"column":31}},"loc":{"start":{"line":27,"column":31},"end":{"line":27,"column":61}},"line":27},"6":{"name":"(anonymous_6)","decl":{"start":{"line":28,"column":24},"end":{"line":28,"column":25}},"loc":{"start":{"line":28,"column":38},"end":{"line":28,"column":58}},"line":28},"7":{"name":"(anonymous_7)","decl":{"start":{"line":31,"column":24},"end":{"line":31,"column":31}},"loc":{"start":{"line":31,"column":31},"end":{"line":31,"column":58}},"line":31},"8":{"name":"(anonymous_8)","decl":{"start":{"line":32,"column":24},"end":{"line":32,"column":25}},"loc":{"start":{"line":32,"column":38},"end":{"line":32,"column":58}},"line":32},"9":{"name":"(anonymous_9)","decl":{"start":{"line":35,"column":24},"end":{"line":35,"column":31}},"loc":{"start":{"line":35,"column":31},"end":{"line":35,"column":61}},"line":35},"10":{"name":"(anonymous_10)","decl":{"start":{"line":36,"column":24},"end":{"line":36,"column":25}},"loc":{"start":{"line":36,"column":38},"end":{"line":36,"column":58}},"line":36},"11":{"name":"(anonymous_11)","decl":{"start":{"line":39,"column":34},"end":{"line":39,"column":41}},"loc":{"start":{"line":39,"column":41},"end":{"line":45,"column":13}},"line":39},"12":{"name":"(anonymous_12)","decl":{"start":{"line":57,"column":29},"end":{"line":57,"column":35}},"loc":{"start":{"line":57,"column":35},"end":{"line":68,"column":7}},"line":57},"13":{"name":"(anonymous_13)","decl":{"start":{"line":59,"column":24},"end":{"line":59,"column":31}},"loc":{"start":{"line":59,"column":31},"end":{"line":67,"column":10}},"line":59},"14":{"name":"(anonymous_14)","decl":{"start":{"line":61,"column":30},"end":{"line":61,"column":36}},"loc":{"start":{"line":61,"column":36},"end":{"line":66,"column":14}},"line":61},"15":{"name":"(anonymous_15)","decl":{"start":{"line":71,"column":26},"end":{"line":71,"column":27}},"loc":{"start":{"line":71,"column":46},"end":{"line":114,"column":null}},"line":71},"16":{"name":"(anonymous_16)","decl":{"start":{"line":126,"column":34},"end":{"line":126,"column":35}},"loc":{"start":{"line":126,"column":43},"end":{"line":126,"column":null}},"line":126},"17":{"name":"(anonymous_17)","decl":{"start":{"line":164,"column":28},"end":{"line":164,"column":29}},"loc":{"start":{"line":164,"column":40},"end":{"line":170,"column":null}},"line":164}},"branchMap":{"0":{"loc":{"start":{"line":11,"column":20},"end":{"line":11,"column":null}},"type":"cond-expr","locations":[{"start":{"line":11,"column":48},"end":{"line":11,"column":73}},{"start":{"line":11,"column":66},"end":{"line":11,"column":null}}],"line":11},"1":{"loc":{"start":{"line":12,"column":20},"end":{"line":12,"column":null}},"type":"cond-expr","locations":[{"start":{"line":12,"column":48},"end":{"line":12,"column":97}},{"start":{"line":12,"column":97},"end":{"line":12,"column":null}}],"line":12},"2":{"loc":{"start":{"line":16,"column":24},"end":{"line":16,"column":null}},"type":"binary-expr","locations":[{"start":{"line":16,"column":24},"end":{"line":16,"column":33}},{"start":{"line":16,"column":33},"end":{"line":16,"column":null}}],"line":16},"3":{"loc":{"start":{"line":20,"column":42},"end":{"line":20,"column":94}},"type":"binary-expr","locations":[{"start":{"line":20,"column":42},"end":{"line":20,"column":70}},{"start":{"line":20,"column":70},"end":{"line":20,"column":94}}],"line":20},"4":{"loc":{"start":{"line":40,"column":16},"end":{"line":44,"column":null}},"type":"if","locations":[{"start":{"line":40,"column":16},"end":{"line":44,"column":null}},{"start":{"line":42,"column":16},"end":{"line":44,"column":null}}],"line":40},"5":{"loc":{"start":{"line":42,"column":16},"end":{"line":44,"column":null}},"type":"if","locations":[{"start":{"line":42,"column":16},"end":{"line":44,"column":null}},{"start":{},"end":{}}],"line":42},"6":{"loc":{"start":{"line":72,"column":8},"end":{"line":72,"column":null}},"type":"if","locations":[{"start":{"line":72,"column":8},"end":{"line":72,"column":null}},{"start":{},"end":{}}],"line":72},"7":{"loc":{"start":{"line":78,"column":31},"end":{"line":78,"column":54}},"type":"binary-expr","locations":[{"start":{"line":78,"column":31},"end":{"line":78,"column":48}},{"start":{"line":78,"column":48},"end":{"line":78,"column":54}}],"line":78},"8":{"loc":{"start":{"line":78,"column":54},"end":{"line":78,"column":74}},"type":"binary-expr","locations":[{"start":{"line":78,"column":54},"end":{"line":78,"column":68}},{"start":{"line":78,"column":68},"end":{"line":78,"column":74}}],"line":78},"9":{"loc":{"start":{"line":78,"column":74},"end":{"line":78,"column":97}},"type":"binary-expr","locations":[{"start":{"line":78,"column":74},"end":{"line":78,"column":91}},{"start":{"line":78,"column":91},"end":{"line":78,"column":97}}],"line":78},"10":{"loc":{"start":{"line":78,"column":97},"end":{"line":78,"column":null}},"type":"binary-expr","locations":[{"start":{"line":78,"column":97},"end":{"line":78,"column":110}},{"start":{"line":78,"column":110},"end":{"line":78,"column":null}}],"line":78},"11":{"loc":{"start":{"line":107,"column":64},"end":{"line":107,"column":118}},"type":"cond-expr","locations":[{"start":{"line":107,"column":85},"end":{"line":107,"column":104}},{"start":{"line":107,"column":104},"end":{"line":107,"column":118}}],"line":107},"12":{"loc":{"start":{"line":165,"column":24},"end":{"line":165,"column":null}},"type":"if","locations":[{"start":{"line":165,"column":24},"end":{"line":165,"column":null}},{"start":{},"end":{}}],"line":165},"13":{"loc":{"start":{"line":166,"column":24},"end":{"line":166,"column":null}},"type":"if","locations":[{"start":{"line":166,"column":24},"end":{"line":166,"column":null}},{"start":{},"end":{}}],"line":166},"14":{"loc":{"start":{"line":167,"column":24},"end":{"line":167,"column":null}},"type":"if","locations":[{"start":{"line":167,"column":24},"end":{"line":167,"column":null}},{"start":{},"end":{}}],"line":167},"15":{"loc":{"start":{"line":168,"column":24},"end":{"line":168,"column":null}},"type":"if","locations":[{"start":{"line":168,"column":24},"end":{"line":168,"column":null}},{"start":{},"end":{}}],"line":168}},"s":{"0":1,"1":6,"2":6,"3":6,"4":6,"5":6,"6":6,"7":13,"8":6,"9":6,"10":10,"11":4,"12":1,"13":10,"14":4,"15":1,"16":10,"17":4,"18":1,"19":10,"20":10,"21":2,"22":1,"23":1,"24":1,"25":10,"26":6,"27":6,"28":6,"29":24,"30":40,"31":6,"32":0,"33":0,"34":0,"35":0,"36":0,"37":0,"38":6,"39":1,"40":0,"41":0,"42":0,"43":0,"44":0,"45":0,"46":0,"47":0,"48":0},"f":{"0":6,"1":6,"2":13,"3":6,"4":10,"5":4,"6":1,"7":4,"8":1,"9":4,"10":1,"11":2,"12":6,"13":24,"14":40,"15":0,"16":1,"17":0},"b":{"0":[4,2],"1":[4,2],"2":[6,5],"3":[13,12],"4":[1,1],"5":[1,0],"6":[0,0],"7":[0,0],"8":[0,0],"9":[0,0],"10":[0,0],"11":[0,0],"12":[0,0],"13":[0,0],"14":[0,0],"15":[0,0]},"meta":{"lastBranch":16,"lastFunction":18,"lastStatement":49,"seen":{"s:9:27:193:Infinity":0,"f:9:27:9:28":0,"s:11:20:11:Infinity":1,"b:11:48:11:73:11:66:11:Infinity":0,"s:12:20:12:Infinity":2,"b:12:48:12:97:12:97:12:Infinity":1,"s:15:26:15:Infinity":3,"s:16:24:16:Infinity":4,"b:16:24:16:33:16:33:16:Infinity":2,"s:19:10:21:Infinity":5,"f:19:33:19:39":1,"s:20:8:20:Infinity":6,"f:20:37:20:42":2,"s:20:42:20:94":7,"b:20:42:20:70:20:70:20:94":3,"s:24:10:55:Infinity":8,"f:24:28:24:34":3,"s:25:8:54:Infinity":9,"f:25:32:25:40":4,"s:26:29:28:Infinity":10,"f:27:24:27:31":5,"s:27:31:27:61":11,"f:28:24:28:25":6,"s:28:38:28:58":12,"s:30:26:32:Infinity":13,"f:31:24:31:31":7,"s:31:31:31:58":14,"f:32:24:32:25":8,"s:32:38:32:58":15,"s:34:29:36:Infinity":16,"f:35:24:35:31":9,"s:35:31:35:61":17,"f:36:24:36:25":10,"s:36:38:36:58":18,"s:38:23:38:Infinity":19,"s:39:12:45:Infinity":20,"f:39:34:39:41":11,"b:40:16:44:Infinity:42:16:44:Infinity":4,"s:40:16:44:Infinity":21,"s:41:20:41:Infinity":22,"b:42:16:44:Infinity:undefined:undefined:undefined:undefined":5,"s:42:16:44:Infinity":23,"s:43:20:43:Infinity":24,"s:47:12:53:Infinity":25,"s:57:10:68:Infinity":26,"f:57:29:57:35":12,"s:58:21:58:Infinity":27,"s:59:8:67:Infinity":28,"f:59:24:59:31":13,"s:59:31:67:10":29,"f:61:30:61:36":14,"s:61:36:66:14":30,"s:71:26:114:Infinity":31,"f:71:26:71:27":15,"b:72:8:72:Infinity:undefined:undefined:undefined:undefined":6,"s:72:8:72:Infinity":32,"s:72:36:72:Infinity":33,"s:75:22:75:Infinity":34,"s:76:21:76:Infinity":35,"s:78:14:78:Infinity":36,"b:78:31:78:48:78:48:78:54":7,"b:78:54:78:68:78:68:78:74":8,"b:78:74:78:91:78:91:78:97":9,"b:78:97:78:110:78:110:78:Infinity":10,"s:80:8:112:Infinity":37,"b:107:85:107:104:107:104:107:118":11,"s:116:4:191:Infinity":38,"f:126:34:126:35":16,"s:126:43:126:Infinity":39,"f:164:28:164:29":17,"b:165:24:165:Infinity:undefined:undefined:undefined:undefined":12,"s:165:24:165:Infinity":40,"s:165:43:165:Infinity":41,"b:166:24:166:Infinity:undefined:undefined:undefined:undefined":13,"s:166:24:166:Infinity":42,"s:166:47:166:Infinity":43,"b:167:24:167:Infinity:undefined:undefined:undefined:undefined":14,"s:167:24:167:Infinity":44,"s:167:44:167:Infinity":45,"b:168:24:168:Infinity:undefined:undefined:undefined:undefined":15,"s:168:24:168:Infinity":46,"s:168:47:168:Infinity":47,"s:169:24:169:Infinity":48}}}
}
